Log file open, 11/02/17 00:37:29
LogWindows: Failed to load 'aqProf.dll' (GetLastError=126)
LogWindows: File 'aqProf.dll' does not exist
LogWindows: Failed to load 'VtuneApi.dll' (GetLastError=126)
LogWindows: File 'VtuneApi.dll' does not exist
LogWindows: Failed to load 'VtuneApi32e.dll' (GetLastError=126)
LogWindows: File 'VtuneApi32e.dll' does not exist
LogInit: Display: Running engine for game: Proteus
LogPlatformFile: Not using cached read wrapper
LogInit: Display: RandInit(-212342546) SRandInit(-212342546).
LogTaskGraph: Started task graph with 5 named threads and 14 total threads with 3 sets of task threads.
LogStats: Stats thread started at 0.169203
LogD3D11RHI: Aftermath initialized
LogPluginManager: Mounting plugin Paper2D
LogPluginManager: Mounting plugin LightPropagationVolume
LogPluginManager: Mounting plugin CodeLiteSourceCodeAccess
LogPluginManager: Mounting plugin GitSourceControl
LogPluginManager: Mounting plugin KDevelopSourceCodeAccess
LogPluginManager: Mounting plugin NullSourceCodeAccess
LogPluginManager: Mounting plugin PerforceSourceControl
LogPluginManager: Mounting plugin SubversionSourceControl
LogPluginManager: Mounting plugin UObjectPlugin
LogPluginManager: Mounting plugin VisualStudioSourceCodeAccess
LogPluginManager: Mounting plugin XCodeSourceCodeAccess
LogPluginManager: Mounting plugin AssetManagerEditor
LogPluginManager: Mounting plugin AudioCapture
LogPluginManager: Mounting plugin FacialAnimation
LogPluginManager: Mounting plugin GameplayTagsEditor
LogPluginManager: Mounting plugin MobileLauncherProfileWizard
LogPluginManager: Mounting plugin PluginBrowser
LogPluginManager: Mounting plugin SpeedTreeImporter
LogPluginManager: Mounting plugin AlembicImporter
LogPluginManager: Mounting plugin CharacterAI
LogPluginManager: Mounting plugin HTML5Networking
LogPluginManager: Mounting plugin RunebergVRPlugin
LogPluginManager: Mounting plugin AndroidMedia
LogPluginManager: Mounting plugin AvfMedia
LogPluginManager: Mounting plugin MediaPlayerEditor
LogPluginManager: Mounting plugin WmfMedia
LogPluginManager: Mounting plugin TcpMessaging
LogPluginManager: Mounting plugin UdpMessaging
LogPluginManager: Mounting plugin LevelSequenceEditor
LogPluginManager: Mounting plugin MatineeToLevelSequence
LogPluginManager: Mounting plugin OnlineSubsystem
LogPluginManager: Mounting plugin OnlineSubsystemNull
LogPluginManager: Mounting plugin OnlineSubsystemOculus
LogPluginManager: Mounting plugin OnlineSubsystemSteam
LogPluginManager: Mounting plugin OnlineSubsystemUtils
LogPluginManager: Mounting plugin AndroidDeviceProfileSelector
LogPluginManager: Mounting plugin AndroidMoviePlayer
LogPluginManager: Mounting plugin AndroidPermission
LogPluginManager: Mounting plugin AppleMoviePlayer
LogPluginManager: Mounting plugin ArchVisCharacter
LogPluginManager: Mounting plugin CableComponent
LogPluginManager: Mounting plugin CustomMeshComponent
LogPluginManager: Mounting plugin ExampleDeviceProfileSelector
LogPluginManager: Mounting plugin GoogleCloudMessaging
LogPluginManager: Mounting plugin ImmediatePhysics
LogPluginManager: Mounting plugin IOSDeviceProfileSelector
LogPluginManager: Mounting plugin LinuxDeviceProfileSelector
LogPluginManager: Mounting plugin LocationServicesBPLibrary
LogPluginManager: Mounting plugin MobilePatchingUtils
LogPluginManager: Mounting plugin OculusVR
LogPluginManager: Mounting plugin PhysXVehicles
LogPluginManager: Mounting plugin ProceduralMeshComponent
LogPluginManager: Mounting plugin RuntimePhysXCooking
LogPluginManager: Mounting plugin SteamVR
LogPluginManager: Mounting plugin WindowsMoviePlayer
LogInit: Using libcurl 7.47.1
LogInit:  - built for x86_64-pc-win32
LogInit:  - supports SSL with OpenSSL/1.0.2g
LogInit:  - supports HTTP deflate (compression) using libz 1.2.8
LogInit:  - other features:
LogInit:      CURL_VERSION_SSL
LogInit:      CURL_VERSION_LIBZ
LogInit:      CURL_VERSION_IPV6
LogInit:      CURL_VERSION_ASYNCHDNS
LogInit:      CURL_VERSION_LARGEFILE
LogInit:      CURL_VERSION_IDN
LogInit:  CurlRequestOptions (configurable via config and command line):
LogInit:  - bVerifyPeer = false  - Libcurl will NOT verify peer certificate
LogInit:  - bUseHttpProxy = false  - Libcurl will NOT use HTTP proxy
LogInit:  - bDontReuseConnections = false  - Libcurl will reuse connections
LogInit:  - CertBundlePath = nullptr  - Libcurl will use whatever was configured at build time.
LogOnline: Display: STEAM: Loading Steam SDK 1.39
LogOnline: Warning: STEAM: Steam API disabled!
LogOnline: Display: STEAM: OnlineSubsystemSteam::Shutdown()
LogInit: WinSock: version 1.1 (2.2), MaxSocks=32767, MaxUdp=65467
LogInit: Build: ++UE4+Release-4.17-CL-3658906
LogInit: Engine Version: 4.17.2-3658906+++UE4+Release-4.17
LogInit: Compatible Engine Version: 4.17.0-3573198+++UE4+Release-4.17
LogInit: Net CL: 3573198
LogDevObjectVersion: Number of dev versions registered: 16
LogDevObjectVersion:   Dev-Blueprints (B0D832E4-1F89-4F0D-ACCF-7EB736FD4AA2): 10
LogDevObjectVersion:   Dev-Build (E1C64328-A22C-4D53-A36C-8E866417BD8C): 0
LogDevObjectVersion:   Dev-Core (375EC13C-06E4-48FB-B500-84F0262A717E): 2
LogDevObjectVersion:   Dev-Editor (E4B068ED-F494-42E9-A231-DA0B2E46BB41): 20
LogDevObjectVersion:   Dev-Framework (CFFC743F-43B0-4480-9391-14DF171D2073): 28
LogDevObjectVersion:   Dev-Mobile (B02B49B5-BB20-44E9-A304-32B752E40360): 0
LogDevObjectVersion:   Dev-Networking (A4E4105C-59A1-49B5-A7C5-40C4547EDFEE): 0
LogDevObjectVersion:   Dev-Online (39C831C9-5AE6-47DC-9A44-9C173E1C8E7C): 0
LogDevObjectVersion:   Dev-Physics (78F01B33-EBEA-4F98-B9B4-84EACCB95AA2): 0
LogDevObjectVersion:   Dev-Platform (6631380F-2D4D-43E0-8009-CF276956A95A): 0
LogDevObjectVersion:   Dev-Rendering (12F88B9F-8875-4AFC-A67C-D90C383ABD29): 19
LogDevObjectVersion:   Dev-Sequencer (7B5AE74C-D270-4C10-A958-57980B212A5A): 4
LogDevObjectVersion:   Dev-VR (D7296918-1DD6-4BDD-9DE2-64A83CC13884): 0
LogDevObjectVersion:   Dev-LoadTimes (C2A15278-BFE7-4AFE-6C17-90FF531DF755): 1
LogDevObjectVersion:   Private-Geometry (6EACA3D4-40EC-4CC1-B786-8BED09428FC5): 1
LogDevObjectVersion:   Dev-AnimPhys (29E575DD-E0A3-4627-9D10-D276232CDCEA): 7
LogInit: Compiled (64-bit): Sep 22 2017 13:47:16
LogInit: Compiled with Visual C++: 19.00.24215.01
LogInit: Build Configuration: Development
LogInit: Branch Name: ++UE4+Release-4.17
LogInit: Command line: -EpicPortal 
LogInit: Base directory: D:/Unreal Engine/UE_4.17/Engine/Binaries/Win64/
LogInit: Installed Engine Build: 1
LogInit: Presizing for max 8388607 objects, including 0 objects not considered by GC, pre-allocating 0 bytes for permanent pool.
LogInit: Object subsystem initialized
[2017.11.01-11.37.30:008][  0]LogInit: Selected Device Profile: [Windows]
[2017.11.01-11.37.30:008][  0]LogInit: Applying CVar settings loaded from the selected device profile: [Windows]
[2017.11.01-11.37.30:020][  0]LogInit: Computer: DESKTOP-SOJBPKL
[2017.11.01-11.37.30:020][  0]LogInit: User: yche5
[2017.11.01-11.37.30:020][  0]LogInit: CPU Page size=4096, Cores=4
[2017.11.01-11.37.30:020][  0]LogInit: High frequency timer resolution =2.531254 MHz
[2017.11.01-11.37.30:020][  0]LogMemory: Memory total: Physical=15.9GB (16GB approx)
[2017.11.01-11.37.30:020][  0]LogMemory: Platform Memory Stats for Windows
[2017.11.01-11.37.30:020][  0]LogMemory: Process Physical Memory: 280.64 MB used, 280.64 MB peak
[2017.11.01-11.37.30:020][  0]LogMemory: Process Virtual Memory: 286.46 MB used, 286.46 MB peak
[2017.11.01-11.37.30:020][  0]LogMemory: Physical Memory: 6871.77 MB used,  9448.02 MB free, 16319.79 MB total
[2017.11.01-11.37.30:020][  0]LogMemory: Virtual Memory: 684.13 MB used,  9448.02 MB free, 134217728.00 MB total
[2017.11.01-11.37.30:133][  0]LogInit: Using OS detected language (en-US).
[2017.11.01-11.37.30:133][  0]LogInit: Using OS detected locale (en-NZ).
[2017.11.01-11.37.30:136][  0]LogTextLocalizationManager: No specific localization for 'en-US' exists, so the 'en' localization will be used.
[2017.11.01-11.37.30:836][  0]LogD3D11RHI: D3D11 adapters:
[2017.11.01-11.37.30:892][  0]LogD3D11RHI:    0. 'NVIDIA GeForce GTX 1060' (Feature Level 11_0)
[2017.11.01-11.37.30:892][  0]LogD3D11RHI:       6084/0/8159 MB DedicatedVideo/DedicatedSystem/SharedSystem, Outputs:1, VendorId:0x10de
[2017.11.01-11.37.30:893][  0]LogD3D11RHI:    1. 'Microsoft Basic Render Driver' (Feature Level 11_0)
[2017.11.01-11.37.30:893][  0]LogD3D11RHI:       0/0/8159 MB DedicatedVideo/DedicatedSystem/SharedSystem, Outputs:0, VendorId:0x1414
[2017.11.01-11.37.30:893][  0]LogD3D11RHI: Chosen D3D11 Adapter: 0
[2017.11.01-11.37.30:901][  0]LogD3D11RHI: Creating new Direct3DDevice
[2017.11.01-11.37.30:901][  0]LogD3D11RHI:     GPU DeviceId: 0x1c60 (for the marketing name, search the web for "GPU Device Id")
[2017.11.01-11.37.30:901][  0]LogWindows: EnumDisplayDevices:
[2017.11.01-11.37.30:901][  0]LogWindows:    0. 'NVIDIA GeForce GTX 1060' (P:1 D:1)
[2017.11.01-11.37.30:902][  0]LogWindows:    1. 'NVIDIA GeForce GTX 1060' (P:0 D:0)
[2017.11.01-11.37.30:902][  0]LogWindows:    2. 'NVIDIA GeForce GTX 1060' (P:0 D:0)
[2017.11.01-11.37.30:902][  0]LogWindows:    3. 'NVIDIA GeForce GTX 1060' (P:0 D:0)
[2017.11.01-11.37.30:902][  0]LogWindows: DebugString: FoundDriverCount:4 
[2017.11.01-11.37.30:902][  0]LogD3D11RHI:     Adapter Name: NVIDIA GeForce GTX 1060
[2017.11.01-11.37.30:902][  0]LogD3D11RHI:   Driver Version: 381.78 (internal:22.21.13.8178, unified:381.78)
[2017.11.01-11.37.30:902][  0]LogD3D11RHI:      Driver Date: 4-12-2017
[2017.11.01-11.37.30:902][  0]LogRHI: Texture pool is 1361 MB (70% of 1945 MB)
[2017.11.01-11.37.30:938][  0]LogD3D11RHI: Async texture creation enabled
[2017.11.01-11.37.30:955][  0]LogD3D11RHI: GPU Timing Frequency: 1000.000000 (Debug: 2 2)
[2017.11.01-11.37.30:998][  0]LogShaderCompilers: Guid format shader working directory is -6 characters bigger than the processId version (../../../../../dev/Estrellis/ProteusTemplate-master/Intermediate/Shaders/WorkingDirectory/12332/).
[2017.11.01-11.37.30:999][  0]LogShaderCompilers: Cleaned the shader compiler working directory 'C:/Users/yche5/AppData/Local/Temp/UnrealShaderWorkingDir/5E0C5D5C4336EB0EEB942C882A661F05/'.
[2017.11.01-11.37.30:999][  0]LogShaderCompilers: Display: Using Local Shader Compiler.
[2017.11.01-11.37.31:953][  0]LogTemp: Display: Loaded TP AllDesktopTargetPlatform
[2017.11.01-11.37.31:994][  0]LogTemp: Display: Loaded TP MacClientTargetPlatform
[2017.11.01-11.37.32:034][  0]LogTemp: Display: Loaded TP MacNoEditorTargetPlatform
[2017.11.01-11.37.32:076][  0]LogTemp: Display: Loaded TP MacServerTargetPlatform
[2017.11.01-11.37.32:117][  0]LogTemp: Display: Loaded TP MacTargetPlatform
[2017.11.01-11.37.32:160][  0]LogTemp: Display: Loaded TP WindowsClientTargetPlatform
[2017.11.01-11.37.32:202][  0]LogTemp: Display: Loaded TP WindowsNoEditorTargetPlatform
[2017.11.01-11.37.32:244][  0]LogTemp: Display: Loaded TP WindowsServerTargetPlatform
[2017.11.01-11.37.32:278][  0]LogTemp: Display: Loaded TP WindowsTargetPlatform
[2017.11.01-11.37.32:319][  0]LogTemp: Display: Loaded TP AndroidTargetPlatform
[2017.11.01-11.37.32:359][  0]LogTemp: Display: Loaded TP Android_ASTCTargetPlatform
[2017.11.01-11.37.32:398][  0]LogTemp: Display: Loaded TP Android_ATCTargetPlatform
[2017.11.01-11.37.32:437][  0]LogTemp: Display: Loaded TP Android_DXTTargetPlatform
[2017.11.01-11.37.32:476][  0]LogTemp: Display: Loaded TP Android_ETC1TargetPlatform
[2017.11.01-11.37.32:517][  0]LogTemp: Display: Loaded TP Android_ETC2TargetPlatform
[2017.11.01-11.37.32:597][  0]LogTemp: Display: Loaded TP Android_MultiTargetPlatform
[2017.11.01-11.37.32:597][  0]LogTemp: Display: Loaded TP Android_PVRTCTargetPlatform
[2017.11.01-11.37.32:624][  0]LogTemp: Display: Loaded TP HTML5TargetPlatform
[2017.11.01-11.37.32:699][  0]LogTemp: Display: Loaded TP IOSTargetPlatform
[2017.11.01-11.37.32:725][  0]LogTemp: Display: Loaded TP TVOSTargetPlatform
[2017.11.01-11.37.32:770][  0]LogTemp: Display: Loaded TP LinuxClientTargetPlatform
[2017.11.01-11.37.32:810][  0]LogTemp: Display: Loaded TP LinuxNoEditorTargetPlatform
[2017.11.01-11.37.32:849][  0]LogTemp: Display: Loaded TP LinuxServerTargetPlatform
[2017.11.01-11.37.32:889][  0]LogTemp: Display: Loaded TP LinuxTargetPlatform
[2017.11.01-11.37.32:889][  0]LogTargetPlatformManager: Display: Building Assets For Windows
[2017.11.01-11.37.33:233][  0]LogDerivedDataCache: Display: Max Cache Size: 512 MB
[2017.11.01-11.37.33:351][  0]LogDerivedDataCache: Loaded boot cache 0.12s 107MB C:/Users/yche5/AppData/Local/UnrealEngine/4.17/DerivedDataCache/Boot.ddc.
[2017.11.01-11.37.33:351][  0]LogDerivedDataCache: Display: Loaded Boot cache: C:/Users/yche5/AppData/Local/UnrealEngine/4.17/DerivedDataCache/Boot.ddc
[2017.11.01-11.37.33:351][  0]LogDerivedDataCache: FDerivedDataBackendGraph:  Pak pak cache file ../../../../../dev/Estrellis/ProteusTemplate-master/DerivedDataCache/DDC.ddp not found, will not use a pak cache.
[2017.11.01-11.37.33:351][  0]LogDerivedDataCache: Unable to find inner node Pak for hierarchical cache Hierarchy.
[2017.11.01-11.37.33:351][  0]LogDerivedDataCache: FDerivedDataBackendGraph:  CompressedPak pak cache file ../../../../../dev/Estrellis/ProteusTemplate-master/DerivedDataCache/Compressed.ddp not found, will not use a pak cache.
[2017.11.01-11.37.33:351][  0]LogDerivedDataCache: Unable to find inner node CompressedPak for hierarchical cache Hierarchy.
[2017.11.01-11.37.33:369][  0]LogDerivedDataCache: Display: Pak cache opened for reading ../../../Engine/DerivedDataCache/Compressed.ddp.
[2017.11.01-11.37.33:380][  0]LogDerivedDataCache: Using Local data cache path C:/Users/yche5/AppData/Local/UnrealEngine/Common/DerivedDataCache: Writable
[2017.11.01-11.37.33:392][  0]LogMaterial: Verifying Global Shaders for PCD3D_SM5
[2017.11.01-11.37.33:393][  0]LogSlate: Using Freetype 2.6.0
[2017.11.01-11.37.33:393][  0]LogSlate: SlateFontCache - WITH_FREETYPE: 1, WITH_HARFBUZZ: 1
[2017.11.01-11.37.33:393][  0]LogSlate: SlateFontCache - WITH_FREETYPE: 1, WITH_HARFBUZZ: 1
[2017.11.01-11.37.33:665][  0]LogAssetRegistry: FAssetRegistry took 0.0259 seconds to start up
[2017.11.01-11.37.33:773][  0]LogInit: Selected Device Profile: [Windows]
[2017.11.01-11.37.34:075][  0]LogSimplygon: Simplygon DLL not present - disabling.
[2017.11.01-11.37.34:104][  0]LogMeshReduction: Using SimplygonSwarm for distributed automatic mesh merging
[2017.11.01-11.37.34:104][  0]LogMeshReduction: Using QuadricMeshReduction for automatic static mesh reduction
[2017.11.01-11.37.34:104][  0]LogMeshReduction: No automatic skeletal mesh reduction module available
[2017.11.01-11.37.34:104][  0]LogMeshReduction: No automatic mesh merging module available
[2017.11.01-11.37.34:104][  0]LogMeshMerging: No automatic mesh merging module available
[2017.11.01-11.37.34:125][  0]LogContentStreaming: Texture pool size is 0.00 MB
[2017.11.01-11.37.34:560][  0]LogNetVersion: Proteus , NetCL: 3573198, EngineNetVer: 2, GameNetVer: 0 (Checksum: 389468371)
[2017.11.01-11.37.34:768][  0]LogPackageLocalizationCache: Processed 6 localized package path(s) for 2 prioritized culture(s) in 0.047989 seconds
[2017.11.01-11.37.34:774][  0]LogUObjectArray: 35832 objects as part of root set at end of initial load.
[2017.11.01-11.37.34:774][  0]LogUObjectAllocator: 7742872 out of 0 bytes used by permanent object pool.
[2017.11.01-11.37.34:774][  0]LogUObjectArray: CloseDisregardForGC: 0/0 objects in disregard for GC pool
[2017.11.01-11.37.37:011][  0]LogTcpMessaging: Initializing TcpMessaging bridge
[2017.11.01-11.37.37:040][  0]LogUdpMessaging: Initializing bridge on interface 0.0.0.0:0 to multicast group 230.0.0.1:6666.
[2017.11.01-11.37.37:505][  0]LogMaterial: Missing cached shader map for material BaseColor, compiling. 
[2017.11.01-11.37.37:505][  0]LogMaterial: Warning: Failed to compile Material /Engine/BufferVisualization/BaseColor.BaseColor for platform PCD3D_SM5, Default Material will be used in game.
[2017.11.01-11.37.37:505][  0]LogMaterial: Warning: 	(Node SceneTexture) GBuffer scene textures not available with forward shading.
[2017.11.01-11.37.37:528][  0]LogMaterial: Uniform references updated for custom material expression Custom.
[2017.11.01-11.37.37:542][  0]LogMaterial: Missing cached shader map for material LightingModel, compiling. 
[2017.11.01-11.37.37:542][  0]LogMaterial: Warning: Failed to compile Material /Engine/BufferVisualization/LightingModel.LightingModel for platform PCD3D_SM5, Default Material will be used in game.
[2017.11.01-11.37.37:542][  0]LogMaterial: Warning: 	(Node SceneTexture) GBuffer scene textures not available with forward shading.
[2017.11.01-11.37.37:545][  0]LogMaterial: Missing cached shader map for material MaterialAO, compiling. 
[2017.11.01-11.37.37:546][  0]LogMaterial: Warning: Failed to compile Material /Engine/BufferVisualization/MaterialAO.MaterialAO for platform PCD3D_SM5, Default Material will be used in game.
[2017.11.01-11.37.37:546][  0]LogMaterial: Warning: 	(Node SceneTexture) GBuffer scene textures not available with forward shading.
[2017.11.01-11.37.37:549][  0]LogMaterial: Missing cached shader map for material Metallic, compiling. 
[2017.11.01-11.37.37:549][  0]LogMaterial: Warning: Failed to compile Material /Engine/BufferVisualization/Metallic.Metallic for platform PCD3D_SM5, Default Material will be used in game.
[2017.11.01-11.37.37:549][  0]LogMaterial: Warning: 	(Node SceneTexture) GBuffer scene textures not available with forward shading.
[2017.11.01-11.37.37:552][  0]LogMaterial: Missing cached shader map for material Opacity, compiling. 
[2017.11.01-11.37.37:552][  0]LogMaterial: Warning: Failed to compile Material /Engine/BufferVisualization/Opacity.Opacity for platform PCD3D_SM5, Default Material will be used in game.
[2017.11.01-11.37.37:552][  0]LogMaterial: Warning: 	(Node SceneTexture) GBuffer scene textures not available with forward shading.
[2017.11.01-11.37.37:556][  0]LogMaterial: Missing cached shader map for material Roughness, compiling. 
[2017.11.01-11.37.37:556][  0]LogMaterial: Warning: Failed to compile Material /Engine/BufferVisualization/Roughness.Roughness for platform PCD3D_SM5, Default Material will be used in game.
[2017.11.01-11.37.37:556][  0]LogMaterial: Warning: 	(Node SceneTexture) GBuffer scene textures not available with forward shading.
[2017.11.01-11.37.37:578][  0]LogMaterial: Missing cached shader map for material Specular, compiling. 
[2017.11.01-11.37.37:578][  0]LogMaterial: Warning: Failed to compile Material /Engine/BufferVisualization/Specular.Specular for platform PCD3D_SM5, Default Material will be used in game.
[2017.11.01-11.37.37:578][  0]LogMaterial: Warning: 	(Node SceneTexture) GBuffer scene textures not available with forward shading.
[2017.11.01-11.37.37:581][  0]LogMaterial: Missing cached shader map for material SubsurfaceColor, compiling. 
[2017.11.01-11.37.37:582][  0]LogMaterial: Warning: Failed to compile Material /Engine/BufferVisualization/SubsurfaceColor.SubsurfaceColor for platform PCD3D_SM5, Default Material will be used in game.
[2017.11.01-11.37.37:582][  0]LogMaterial: Warning: 	(Node SceneTexture) GBuffer scene textures not available with forward shading.
[2017.11.01-11.37.37:585][  0]LogMaterial: Missing cached shader map for material WorldNormal, compiling. 
[2017.11.01-11.37.37:585][  0]LogMaterial: Warning: Failed to compile Material /Engine/BufferVisualization/WorldNormal.WorldNormal for platform PCD3D_SM5, Default Material will be used in game.
[2017.11.01-11.37.37:585][  0]LogMaterial: Warning: 	(Node SceneTexture) GBuffer scene textures not available with forward shading.
[2017.11.01-11.37.37:860][  0]SourceControl: Source control is disabled
[2017.11.01-11.37.37:860][  0]SourceControl: Source control is disabled
[2017.11.01-11.37.37:893][  0]SourceControl: Source control is disabled
[2017.11.01-11.37.37:924][  0]SourceControl: Source control is disabled
[2017.11.01-11.37.38:356][  0]LogAndroidPermission: UAndroidPermissionCallbackProxy::GetInstance
[2017.11.01-11.37.38:522][  0]LogOcInput: OculusInput pre-init called
[2017.11.01-11.37.38:721][  0]LogEngine: Initializing Engine...
[2017.11.01-11.37.38:741][  0]LogHMD: Failed to initialize OpenVR with code 126
[2017.11.01-11.37.39:006][  0]LogStats: UGameplayTagsManager::ConstructGameplayTagTree: Construct from data asset -  0.000 s
[2017.11.01-11.37.39:006][  0]LogStats: UGameplayTagsManager::ConstructGameplayTagTree: GameplayTagTreeChangedEvent.Broadcast -  0.000 s
[2017.11.01-11.37.39:098][  0]LogAIModule: Creating AISystem for world Untitled
[2017.11.01-11.37.39:103][  0]LogInit: XAudio2 using 'Speakers (Realtek High Definition Audio)' : 2 channels at 48 kHz using 32 bits per sample (channel mask 0x3)
[2017.11.01-11.37.39:121][  0]LogInit: FAudioDevice initialized.
[2017.11.01-11.37.39:222][  0]LogDerivedDataCache: Saved boot cache 0.10s 107MB C:/Users/yche5/AppData/Local/UnrealEngine/4.17/DerivedDataCache/Boot.ddc.
[2017.11.01-11.37.39:239][  0]LogInit: Texture streaming: Enabled
[2017.11.01-11.37.39:317][  0]LogEngineSessionManager: EngineSessionManager initialized
[2017.11.01-11.37.39:475][  0]LogInit: Transaction tracking system initialized
[2017.11.01-11.37.39:687][  0]BlueprintLog: New page: Editor Load
[2017.11.01-11.37.40:299][  0]LocalizationService: Localization service is disabled
[2017.11.01-11.37.40:675][  0]LogLinker: Warning: Can't find file '/Game/ThirdPersonBP/ThirdPersonOverview'
[2017.11.01-11.37.40:675][  0]LogLinker: Warning: Can't find file '/Game/ThirdPersonBP/ThirdPersonOverview'
[2017.11.01-11.37.40:675][  0]LogUObjectGlobals: Warning: Failed to find object 'Class /Game/ThirdPersonBP/ThirdPersonOverview.ThirdPersonOverview_C'
[2017.11.01-11.37.40:803][  0]LogConsoleResponse: Display: 
[2017.11.01-11.37.40:970][  0]LogCook: Display: Max memory allowance for cook 16384mb min free memory 0mb
[2017.11.01-11.37.40:970][  0]LogCook: Display: Mobile HDR setting 1
[2017.11.01-11.37.40:970][  0]LogGameplayTags: Display: UGameplayTagsManager::DoneAddingNativeTags. DelegateIsBound: 0
[2017.11.01-11.37.41:330][  0]LogFileCache: Scanning file cache for directory 'D:/dev/Estrellis/ProteusTemplate-master/Content/' took 0.01s
[2017.11.01-11.37.41:752][  0]SourceControl: Source control is disabled
[2017.11.01-11.37.41:752][  0]Cmd: MAP LOAD FILE="../../../../../dev/Estrellis/ProteusTemplate-master/Content/Proteus_Multi/MainMenu.umap" TEMPLATE=0 SHOWPROGRESS=1 FEATURELEVEL=3
[2017.11.01-11.37.41:753][  0]LightingResults: New page: Lighting Build
[2017.11.01-11.37.41:785][  0]MapCheck: New page: Map Check
[2017.11.01-11.37.41:785][  0]LightingResults: New page: Lighting Build
[2017.11.01-11.37.43:802][  0]LogBlueprint: Warning: [IPConnectMenu] 'GameInstanceRef' variable not found. Base class was probably changed.
[2017.11.01-11.37.45:014][  0]LogMaterial: Uniform references updated for custom material expression Custom.
[2017.11.01-11.37.46:419][  0]LogAIModule: Creating AISystem for world MainMenu
[2017.11.01-11.37.46:442][  0]LogEditorServer: Finished looking for orphan Actors (0.000 secs)
[2017.11.01-11.37.46:484][  0]Cmd: MAP CHECKDEP NOCLEARLOG
[2017.11.01-11.37.46:539][  0]MapCheck: Map check complete: 0 Error(s), 0 Warning(s), took 54.273ms to complete.
[2017.11.01-11.37.46:539][  0]LogFileHelpers: Loading map 'MainMenu' took 4.787
[2017.11.01-11.37.46:673][  0]LogCollectionManager: Loaded 0 collections in 0.000873 seconds
[2017.11.01-11.37.46:739][  0]LogFileCache: Scanning file cache for directory 'D:/dev/Estrellis/ProteusTemplate-master/Saved/Collections/' took 0.01s
[2017.11.01-11.37.46:739][  0]LogFileCache: Scanning file cache for directory 'D:/dev/Estrellis/ProteusTemplate-master/Content/Developers/yche5/Collections/' took 0.01s
[2017.11.01-11.37.46:739][  0]LogFileCache: Scanning file cache for directory 'D:/dev/Estrellis/ProteusTemplate-master/Content/Collections/' took 0.01s
[2017.11.01-11.37.46:739][  0]LogCollectionManager: Rebuilt the GUID cache for 0 collections in 0.000000 seconds
[2017.11.01-11.37.46:749][  0]LogContentBrowser: Native class hierarchy populated in 0.0094 seconds. Added 2405 classes and 509 folders.
[2017.11.01-11.37.46:795][  0]LogContentBrowser: Native class hierarchy updated for 'WidgetCarousel' in 0.0007 seconds. Added 0 classes and 0 folders.
[2017.11.01-11.37.46:826][  0]LogContentBrowser: Native class hierarchy updated for 'AddContentDialog' in 0.0006 seconds. Added 0 classes and 0 folders.
[2017.11.01-11.37.46:855][  0]LogContentBrowser: Native class hierarchy updated for 'SceneOutliner' in 0.0008 seconds. Added 1 classes and 2 folders.
[2017.11.01-11.37.48:112][  0]LogSlate: Took 0.000260 seconds to synchronously load lazily loaded font '../../../Engine/Content/Slate/Fonts/Roboto-Regular.ttf' (155K)
[2017.11.01-11.37.48:115][  0]LogSlate: Took 0.000186 seconds to synchronously load lazily loaded font '../../../Engine/Content/Slate/Fonts/Roboto-Bold.ttf' (160K)
[2017.11.01-11.37.48:130][  0]LogSlate: Took 0.000232 seconds to synchronously load lazily loaded font '../../../Engine/Content/Editor/Slate/Fonts/FontAwesome.ttf' (139K)
[2017.11.01-11.37.48:247][  0]LogTemp: Executing iPhonePackager certificates Engine -bundlename com.YourCompany.Proteus
[2017.11.01-11.37.48:247][  0]LogTemp: CWD: D:\Unreal Engine\UE_4.17\Engine\Binaries\DotNET\IOS
[2017.11.01-11.37.48:247][  0]LogTemp: Initial Dir: D:\Unreal Engine\UE_4.17
[2017.11.01-11.37.48:247][  0]LogTemp: Env CWD: D:\Unreal Engine\UE_4.17\Engine\Binaries\DotNET\IOS
[2017.11.01-11.37.48:247][  0]LogTemp: BranchPath = DESKTOP-SOJBPKL/D/Unreal Engine/UE_4.17/Engine/Binaries --- GameBranchPath = DESKTOP-SOJBPKL/D/Unreal Engine/UE_4.17/Engine/Binaries
[2017.11.01-11.37.48:247][  0]LogTemp: IPP ERROR: Could not find provision directory 'C:\Users\yche5\AppData\Local/Apple Computer/MobileDevice/Provisioning Profiles/'.
[2017.11.01-11.37.48:247][  0]LogRenderer: Reallocating scene render targets to support 1224x548 Format 10 NumSamples 4 (Frame:1).
[2017.11.01-11.37.48:410][  0]LogContentBrowser: Native class hierarchy updated for 'HierarchicalLODOutliner' in 0.0006 seconds. Added 1 classes and 2 folders.
[2017.11.01-11.37.48:411][  0]LogLoad: (Engine Initialization) Total time: 19.91 seconds
[2017.11.01-11.37.48:411][  0]LogLoad: (Engine Initialization) Total Blueprint compile time: 0.00 seconds
[2017.11.01-11.37.48:411][  0]LogExternalProfiler: Found external profiler: VSPerf
[2017.11.01-11.37.48:411][  0]LogExternalProfiler: Using external profiler: VSPerf
[2017.11.01-11.37.48:794][  0]LogContentStreaming: Texture pool size now 1000 MB
[2017.11.01-11.37.48:849][  0]LogSlate: Took 0.000685 seconds to synchronously load lazily loaded font '../../../Engine/Content/Slate/Fonts/Roboto-Light.ttf' (159K)
[2017.11.01-11.37.49:083][  1]LogFileCache: Retrieving MD5 hashes for directory 'D:/dev/Estrellis/ProteusTemplate-master/Content/' took 0.32s
[2017.11.01-11.37.49:110][  1]LogAssetRegistry: Asset discovery search completed in 15.4671 seconds
[2017.11.01-11.37.49:112][  1]LogCollectionManager: Rebuilt the object cache for 0 collections in 0.000000 seconds (found 0 objects)
[2017.11.01-11.37.49:112][  1]LogCollectionManager: Fixed up redirectors for 0 collections in 0.000069 seconds (updated 0 objects)
[2017.11.01-11.37.49:757][  3]PIE: Warning: Constraint in '/Engine/Transient.World_4:PersistentLevel.BP_InteractableActor_C_0.PhysicsConstraint' attempting to create a joint between objects that are both static.  No joint created.
[2017.11.01-11.37.49:761][  3]LogSlate: Took 0.000241 seconds to synchronously load lazily loaded font '../../../Engine/Content/Slate/Fonts/Roboto-Light.ttf' (159K)
[2017.11.01-11.38.33:016][372]LogEditorViewport: Clicking on Actor (LMB): Landscape (Landscape)
[2017.11.01-11.38.35:763][570]LogSlate: Took 0.000122 seconds to synchronously load lazily loaded font '../../../Engine/Content/Slate/Fonts/Roboto-Light.ttf' (159K)
[2017.11.01-11.38.36:116][570]LogContentBrowser: Native class hierarchy updated for 'BlueprintGraph' in 0.0011 seconds. Added 113 classes and 0 folders.
[2017.11.01-11.38.36:900][570]LogSlate: Took 0.000200 seconds to synchronously load lazily loaded font '../../../Engine/Content/Slate/Fonts/Roboto-Regular.ttf' (155K)
[2017.11.01-11.38.36:964][570]LogSlate: Took 0.000205 seconds to synchronously load lazily loaded font '../../../Engine/Content/Editor/Slate/Fonts/Roboto-BoldCondensed.ttf' (158K)
[2017.11.01-11.38.37:246][571]LogSlate: Took 0.000152 seconds to synchronously load lazily loaded font '../../../Engine/Content/Editor/Slate/Fonts/Roboto-Italic.ttf' (157K)
[2017.11.01-11.38.45:182][394]Cmd: OBJ SAVEPACKAGE PACKAGE="/Game/Proteus_Multi/MultiGM" FILE="../../../../../dev/Estrellis/ProteusTemplate-master/Content/Proteus_Multi/MultiGM.uasset" SILENT=true
[2017.11.01-11.38.45:445][394]LogSavePackage: Save=202.72ms
[2017.11.01-11.38.45:445][394]LogSavePackage: Moving '../../../../../dev/Estrellis/ProteusTemplate-master/Saved/MultiGMBF9DE6A4423601F502B81F880A75BD42.tmp' to '../../../../../dev/Estrellis/ProteusTemplate-master/Content/Proteus_Multi/MultiGM.uasset'
[2017.11.01-11.38.45:446][394]LogSavePackage: Display: Finished SavePackage ../../../../../dev/Estrellis/ProteusTemplate-master/Content/Proteus_Multi/MultiGM.uasset
[2017.11.01-11.50.07:292][525]Cmd: OBJ SAVEPACKAGE PACKAGE="/Game/Proteus_Multi/MultiGM" FILE="../../../../../dev/Estrellis/ProteusTemplate-master/Content/Proteus_Multi/MultiGM.uasset" SILENT=true
[2017.11.01-11.50.07:524][525]LogSavePackage: Save=215.63ms
[2017.11.01-11.50.07:524][525]LogSavePackage: Moving '../../../../../dev/Estrellis/ProteusTemplate-master/Saved/MultiGMF178B1AC4D4EB7007299FE9363F4078F.tmp' to '../../../../../dev/Estrellis/ProteusTemplate-master/Content/Proteus_Multi/MultiGM.uasset'
[2017.11.01-11.50.07:526][525]LogSavePackage: Display: Finished SavePackage ../../../../../dev/Estrellis/ProteusTemplate-master/Content/Proteus_Multi/MultiGM.uasset
[2017.11.01-11.50.13:672][191]LogEditorTransaction: Undo Add Node
[2017.11.01-11.50.23:732][327]Cmd: OBJ SAVEPACKAGE PACKAGE="/Game/Proteus_Multi/MultiGM" FILE="../../../../../dev/Estrellis/ProteusTemplate-master/Content/Proteus_Multi/MultiGM.uasset" SILENT=true
[2017.11.01-11.50.23:949][327]LogSavePackage: Save=207.20ms
[2017.11.01-11.50.23:949][327]LogSavePackage: Moving '../../../../../dev/Estrellis/ProteusTemplate-master/Saved/MultiGM656B9C244B0A5F1DF66FEA815301A4CF.tmp' to '../../../../../dev/Estrellis/ProteusTemplate-master/Content/Proteus_Multi/MultiGM.uasset'
[2017.11.01-11.50.23:951][327]LogSavePackage: Display: Finished SavePackage ../../../../../dev/Estrellis/ProteusTemplate-master/Content/Proteus_Multi/MultiGM.uasset
[2017.11.01-11.50.31:208][102]Cmd: OBJ SAVEPACKAGE PACKAGE="/Game/Proteus_Multi/MultiGM" FILE="../../../../../dev/Estrellis/ProteusTemplate-master/Content/Proteus_Multi/MultiGM.uasset" SILENT=true
[2017.11.01-11.50.31:425][102]LogSavePackage: Save=206.06ms
[2017.11.01-11.50.31:425][102]LogSavePackage: Moving '../../../../../dev/Estrellis/ProteusTemplate-master/Saved/MultiGM6E0D163941E15A21AC8D94821D0835D4.tmp' to '../../../../../dev/Estrellis/ProteusTemplate-master/Content/Proteus_Multi/MultiGM.uasset'
[2017.11.01-11.50.31:427][102]LogSavePackage: Display: Finished SavePackage ../../../../../dev/Estrellis/ProteusTemplate-master/Content/Proteus_Multi/MultiGM.uasset
[2017.11.01-11.50.39:259][907]Cmd: OBJ SAVEPACKAGE PACKAGE="/Game/Proteus_Multi/MultiGM" FILE="../../../../../dev/Estrellis/ProteusTemplate-master/Content/Proteus_Multi/MultiGM.uasset" SILENT=true
[2017.11.01-11.50.39:472][907]LogSavePackage: Save=202.98ms
[2017.11.01-11.50.39:472][907]LogSavePackage: Moving '../../../../../dev/Estrellis/ProteusTemplate-master/Saved/MultiGM7D7FBEFA47F8F288D2A02DA59E0ECAC4.tmp' to '../../../../../dev/Estrellis/ProteusTemplate-master/Content/Proteus_Multi/MultiGM.uasset'
[2017.11.01-11.50.39:474][907]LogSavePackage: Display: Finished SavePackage ../../../../../dev/Estrellis/ProteusTemplate-master/Content/Proteus_Multi/MultiGM.uasset
[2017.11.01-11.50.49:535][984]Cmd: OBJ SAVEPACKAGE PACKAGE="/Game/Proteus_Multi/MultiGM" FILE="../../../../../dev/Estrellis/ProteusTemplate-master/Content/Proteus_Multi/MultiGM.uasset" SILENT=true
[2017.11.01-11.50.49:749][984]LogSavePackage: Save=205.59ms
[2017.11.01-11.50.49:749][984]LogSavePackage: Moving '../../../../../dev/Estrellis/ProteusTemplate-master/Saved/MultiGMF0AD27D74F11C9B2E3D419A893BC1108.tmp' to '../../../../../dev/Estrellis/ProteusTemplate-master/Content/Proteus_Multi/MultiGM.uasset'
[2017.11.01-11.50.49:751][984]LogSavePackage: Display: Finished SavePackage ../../../../../dev/Estrellis/ProteusTemplate-master/Content/Proteus_Multi/MultiGM.uasset
[2017.11.01-11.50.50:176][ 26]BlueprintLog: New page: Compile MultiGM
[2017.11.01-11.50.56:605][642]LogTemp: Repeating last play command: New Editor Window (PIE)
[2017.11.01-11.50.56:708][642]LogBlueprintUserMessages: Early PlayInEditor Detection: Level '/Game/Proteus_Multi/MainMenu.MainMenu:PersistentLevel' has LevelScriptBlueprint '/Game/Proteus_Multi/MainMenu.MainMenu:PersistentLevel.MainMenu' with GeneratedClass '/Game/Proteus_Multi/MainMenu.MainMenu_C' with ClassGeneratedBy '/Game/Proteus_Multi/MainMenu.MainMenu:PersistentLevel.MainMenu'
[2017.11.01-11.50.56:708][642]LogPlayLevel: PlayLevel: No blueprints needed recompiling
[2017.11.01-11.50.56:708][642]LogOnline: Display: OSS: FOnlineSubsystemNull::Shutdown()
[2017.11.01-11.50.56:708][642]LogOnline: Display: OSS: FOnlineAsyncTaskManager::Stop() ActiveTask:0000000000000000 Tasks[0/0]
[2017.11.01-11.50.56:709][642]LogOnline: Display: OSS: FOnlineAsyncTaskManager::Exit() started
[2017.11.01-11.50.56:709][642]LogOnline: Display: OSS: FOnlineAsyncTaskManager::Exit() finished
[2017.11.01-11.50.56:709][642]LogOnline: Warning: STEAM: Steam API disabled!
[2017.11.01-11.50.56:709][642]LogOnline: Display: STEAM: OnlineSubsystemSteam::Shutdown()
[2017.11.01-11.50.56:721][642]PIE: New page: PIE session: MainMenu (2/11/2017 1:50:56 pm)
[2017.11.01-11.50.56:722][642]LogPlayLevel: Creating play world package: /Game/Proteus_Multi/UEDPIE_1_MainMenu
[2017.11.01-11.50.56:734][642]LogPlayLevel: PIE: StaticDuplicateObject took: (0.011364s)
[2017.11.01-11.50.56:735][642]LogAIModule: Creating AISystem for world MainMenu
[2017.11.01-11.50.56:735][642]LogPlayLevel: PIE: World Init took: (0.000751s)
[2017.11.01-11.50.56:735][642]LogPlayLevel: PIE: Created PIE world by copying editor world from /Game/Proteus_Multi/MainMenu.MainMenu to /Game/Proteus_Multi/UEDPIE_1_MainMenu.MainMenu (0.012531s)
[2017.11.01-11.50.56:768][642]LogInit: XAudio2 using 'Speakers (Realtek High Definition Audio)' : 2 channels at 48 kHz using 32 bits per sample (channel mask 0x3)
[2017.11.01-11.50.56:783][642]LogInit: FAudioDevice initialized.
[2017.11.01-11.50.56:845][642]LogLoad: Game class is 'MainMenuGM_C'
[2017.11.01-11.50.56:850][642]LogWorld: Bringing World /Game/Proteus_Multi/UEDPIE_1_MainMenu.MainMenu up for play (max tick rate 0) at 2017.11.02-00.50.56
[2017.11.01-11.50.56:851][642]LogWorld: Bringing up level for play took: 0.003598
[2017.11.01-11.50.56:897][642]LogVoiceEncode: Display: EncoderVersion: libopus 1.1-beta
[2017.11.01-11.50.56:897][642]LogVoiceEncode: Error: StartLocalVoiceProcessing(): Device is currently owned by another user
[2017.11.01-11.50.56:928][642]LogContentBrowser: Native class hierarchy updated for 'MovieSceneCapture' in 0.0008 seconds. Added 11 classes and 0 folders.
[2017.11.01-11.50.56:928][642]LogBlueprintUserMessages: [MainMenuGM_C_0] Server: VR is disabled
[2017.11.01-11.50.56:931][642]LogTemp: Display: ParseSettings for GameNetDriver
[2017.11.01-11.50.56:931][642]LogTemp: Display: ParseSettings for IpNetDriver_0
[2017.11.01-11.50.56:931][642]LogTemp: Display: ParseSettings for GameNetDriver
[2017.11.01-11.50.56:931][642]LogInit: WinSock: Socket queue 131072 / 131072
[2017.11.01-11.50.56:931][642]LogInit: WinSock: I am DESKTOP-SOJBPKL (192.168.1.66:0)
[2017.11.01-11.50.56:931][642]PacketHandlerLog: Loaded PacketHandler component: Engine.EngineHandlerComponentFactory (StatelessConnectHandlerComponent)
[2017.11.01-11.50.56:932][642]LogNet: GameNetDriver IpNetDriver_0 IpNetDriver listening on port 7777
[2017.11.01-11.50.56:936][642]LogScriptCore: Warning: Script Msg: Attempted to access index 0 from array 'CallFunc_GetAllActorsOfClass_OutActors' of length 0 in '/Game/Proteus_Multi/UI/Widgets/OptionsMenu.OptionsMenu_C:ExecuteUbergraph_OptionsMenu'!
[2017.11.01-11.50.56:941][642]PIE: Play in editor start time for /Game/Proteus_Multi/UEDPIE_1_MainMenu -0.48
[2017.11.01-11.50.56:942][642]PIE: New page: PIE session: MainMenu (2/11/2017 1:50:56 pm)
[2017.11.01-11.50.57:000][642]LogNet: Browse: 127.0.0.1//Game/Proteus_Multi/MainMenu
[2017.11.01-11.50.57:000][642]LogTemp: Display: ParseSettings for GameNetDriver
[2017.11.01-11.50.57:000][642]LogTemp: Display: ParseSettings for IpNetDriver_1
[2017.11.01-11.50.57:000][642]LogTemp: Display: ParseSettings for PendingNetDriver
[2017.11.01-11.50.57:000][642]LogInit: WinSock: Socket queue 32768 / 32768
[2017.11.01-11.50.57:001][642]PacketHandlerLog: Loaded PacketHandler component: Engine.EngineHandlerComponentFactory (StatelessConnectHandlerComponent)
[2017.11.01-11.50.57:001][642]LogNet: Game client on port 7777, rate 500000
[2017.11.01-11.50.57:006][642]PIE: Play in editor start time for /Game/Proteus_Multi/MainMenu -0.415
[2017.11.01-11.50.57:021][642]LogBlueprintUserMessages: Late PlayInEditor Detection: Level '/Game/Proteus_Multi/MainMenu.MainMenu:PersistentLevel' has LevelScriptBlueprint '/Game/Proteus_Multi/MainMenu.MainMenu:PersistentLevel.MainMenu' with GeneratedClass '/Game/Proteus_Multi/MainMenu.MainMenu_C' with ClassGeneratedBy '/Game/Proteus_Multi/MainMenu.MainMenu:PersistentLevel.MainMenu'
[2017.11.01-11.50.57:023][642]LogNet: NotifyAcceptingConnection accepted from: 127.0.0.1:57672
[2017.11.01-11.50.57:023][642]LogHandshake: SendConnectChallenge. Timestamp: 0.009223, Cookie: 096240176175163054013083011238136101218022179083117107119114
[2017.11.01-11.50.57:047][642]LogHandshake: SendChallengeResponse. Timestamp: 0.009223, Cookie: 096240176175163054013083011238136101218022179083117107119114
[2017.11.01-11.50.57:084][642]LogRenderer: Reallocating scene render targets to support 1292x756 Format 10 NumSamples 4 (Frame:1).
[2017.11.01-11.50.57:147][643]LogNet: NotifyAcceptingConnection accepted from: 127.0.0.1:57672
[2017.11.01-11.50.57:147][643]LogHandshake: SendChallengeAck. InCookie: 096240176175163054013083011238136101218022179083117107119114
[2017.11.01-11.50.57:148][643]LogNet: Server accepting post-challenge connection from: 127.0.0.1:57672
[2017.11.01-11.50.57:148][643]PacketHandlerLog: Loaded PacketHandler component: Engine.EngineHandlerComponentFactory (StatelessConnectHandlerComponent)
[2017.11.01-11.50.57:148][643]LogNet: NotifyAcceptedConnection: Name: MainMenu, TimeStamp: 11/02/17 00:50:57, [UNetConnection] RemoteAddr: 127.0.0.1:57672, Name: IpConnection_1, Driver: GameNetDriver IpNetDriver_0, IsServer: YES, PC: NULL, Owner: NULL
[2017.11.01-11.50.57:148][643]LogNet: AddClientConnection: Added client connection: [UNetConnection] RemoteAddr: 127.0.0.1:57672, Name: IpConnection_1, Driver: GameNetDriver IpNetDriver_0, IsServer: YES, PC: NULL, Owner: NULL
[2017.11.01-11.50.57:149][643]LogNetVersion: Proteus 3.2.2, NetCL: 3573198, EngineNetVer: 2, GameNetVer: 0 (Checksum: 1497177692)
[2017.11.01-11.50.57:149][643]LogNet: UPendingNetGame::SendInitialJoin: Sending hello. [UNetConnection] RemoteAddr: 127.0.0.1:7777, Name: IpConnection_0, Driver: PendingNetDriver IpNetDriver_1, IsServer: NO, PC: NULL, Owner: NULL
[2017.11.01-11.50.57:172][644]LogNet: NotifyAcceptingChannel Control 0 server World /Game/Proteus_Multi/UEDPIE_1_MainMenu.MainMenu: Accepted
[2017.11.01-11.50.57:172][644]LogNet: Remote platform little endian=1
[2017.11.01-11.50.57:172][644]LogNet: This platform little endian=1
[2017.11.01-11.50.57:198][645]LogNet: Login request: /Game/Proteus_Multi/MainMenu?Name=DESKTOP-SOJBPKL-C8917FC04CC690FB51F99ABBB8F5B527 userId: DESKTOP-SOJBPKL-C8917FC04CC690FB51F99ABBB8F5B527
[2017.11.01-11.50.57:199][645]LogNet: Welcomed by server (Level: /Game/Proteus_Multi/UEDPIE_1_MainMenu, Game: /Game/Proteus_Multi/MainMenuGM.MainMenuGM_C)
[2017.11.01-11.50.57:200][645]LogLoad: LoadMap: 127.0.0.1//Game/Proteus_Multi/UEDPIE_1_MainMenu?game=/Game/Proteus_Multi/MainMenuGM.MainMenuGM_C
[2017.11.01-11.50.57:222][645]Cmd: MEM
[2017.11.01-11.50.57:241][645]LogMemory: Platform Memory Stats for Windows
[2017.11.01-11.50.57:241][645]LogMemory: Process Physical Memory: 1573.44 MB used, 1573.44 MB peak
[2017.11.01-11.50.57:241][645]LogMemory: Process Virtual Memory: 2926.20 MB used, 2926.20 MB peak
[2017.11.01-11.50.57:241][645]LogMemory: Physical Memory: 7154.25 MB used,  9165.55 MB free, 16319.79 MB total
[2017.11.01-11.50.57:241][645]LogMemory: Virtual Memory: 3821.17 MB used,  9165.55 MB free, 134217728.00 MB total
[2017.11.01-11.50.57:241][645]LogMemory: 
[2017.11.01-11.50.57:241][645]Allocator Stats for TBB: (not implemented)
[2017.11.01-11.50.57:253][645]LogAIModule: Creating AISystem for world MainMenu
[2017.11.01-11.50.57:253][645]LogTemp: Display: ParseSettings for GameNetDriver
[2017.11.01-11.50.57:257][645]LogWorld: Bringing World /Game/Proteus_Multi/UEDPIE_2_MainMenu.MainMenu up for play (max tick rate 0) at 2017.11.02-00.50.57
[2017.11.01-11.50.57:257][645]LogWorld: Bringing up level for play took: 0.002664
[2017.11.01-11.50.57:257][645]LogLoad: Took 0.057321 seconds to LoadMap(/Game/Proteus_Multi/UEDPIE_1_MainMenu)
[2017.11.01-11.50.57:264][645]LogVoiceEncode: Display: EncoderVersion: libopus 1.1-beta
[2017.11.01-11.50.57:287][646]LogNet: Client netspeed is 500000
[2017.11.01-11.50.57:287][646]LogNet: Join request: /Game/Proteus_Multi/MainMenu?Name=DESKTOP-SOJBPKL-C8917FC04CC690FB51F99ABBB8F5B527?SplitscreenCount=1
[2017.11.01-11.50.57:288][646]LogOnline: Warning: OSS: No game present to join for session (Game)
[2017.11.01-11.50.57:289][646]LogBlueprintUserMessages: [MainMenuGM_C_0] Server: VR is disabled
[2017.11.01-11.50.57:290][646]LogNet: Join succeeded: DESKTOP-SOJBPKL-C891
[2017.11.01-11.50.57:293][646]LogVoiceEncode: Error: StartLocalVoiceProcessing(): Device is currently owned by another user
[2017.11.01-11.50.57:317][647]LogOnline: Warning: OSS: No game present to join for session (Game)
[2017.11.01-11.50.57:317][647]LogOnline: Warning: OSS: No game present to join for session (Game)
[2017.11.01-11.50.58:500][731]LogScriptCore: Warning: Script Msg: Attempted to access index 0 from array 'CallFunc_GetAllActorsOfClass_OutActors' of length 0 in '/Game/Proteus_Multi/UI/Widgets/MainMenu.MainMenu_C:ExecuteUbergraph_MainMenu'!
[2017.11.01-11.50.59:211][783]LogScriptCore: Warning: Script Msg: Attempted to access index 0 from array 'CallFunc_GetAllActorsOfClass_OutActors' of length 0 in '/Game/Proteus_Multi/UI/Widgets/HostMenu.HostMenu_C:ExecuteUbergraph_HostMenu'!
[2017.11.01-11.51.01:742][966]LogVoiceEncode: Error: StartLocalVoiceProcessing(): Device is currently owned by another user
[2017.11.01-11.51.01:743][966]LogNet: Browse: /Game/ThirdPersonBP/Maps/VRsizebigger?listen
[2017.11.01-11.51.01:743][966]LogLoad: LoadMap: /Game/ThirdPersonBP/Maps/VRsizebigger?listen
[2017.11.01-11.51.01:743][966]LogNet: World NetDriver shutdown IpNetDriver_0 [GameNetDriver]
[2017.11.01-11.51.01:743][966]LogNet: DestroyNamedNetDriver IpNetDriver_0 [GameNetDriver]
[2017.11.01-11.51.01:744][966]LogNet: UNetConnection::Cleanup: Closing open connection. [UNetConnection] RemoteAddr: 127.0.0.1:57672, Name: IpConnection_1, Driver: GameNetDriver IpNetDriver_0, IsServer: YES, PC: MainMenuPC_C_1, Owner: MainMenuPC_C_1
[2017.11.01-11.51.01:744][966]LogNet: UNetConnection::Close: [UNetConnection] RemoteAddr: 127.0.0.1:57672, Name: IpConnection_1, Driver: GameNetDriver IpNetDriver_0, IsServer: YES, PC: MainMenuPC_C_1, Owner: MainMenuPC_C_1, Channels: 10, Time: 2017.11.01-11.51.01
[2017.11.01-11.51.01:744][966]LogNet: UChannel::Close: Sending CloseBunch. ChIndex == 0. Name: [UChannel] ChIndex: 0, Closing: 0 [UNetConnection] RemoteAddr: 127.0.0.1:57672, Name: IpConnection_1, Driver: GameNetDriver IpNetDriver_0, IsServer: YES, PC: MainMenuPC_C_1, Owner: MainMenuPC_C_1
[2017.11.01-11.51.01:744][966]LogExit: GameNetDriver IpNetDriver_0 shut down
[2017.11.01-11.51.01:768][966]Cmd: MEM
[2017.11.01-11.51.01:786][966]LogMemory: Platform Memory Stats for Windows
[2017.11.01-11.51.01:787][966]LogMemory: Process Physical Memory: 1620.44 MB used, 1639.50 MB peak
[2017.11.01-11.51.01:787][966]LogMemory: Process Virtual Memory: 2722.36 MB used, 2966.23 MB peak
[2017.11.01-11.51.01:787][966]LogMemory: Physical Memory: 7214.78 MB used,  9105.02 MB free, 16319.79 MB total
[2017.11.01-11.51.01:787][966]LogMemory: Virtual Memory: 3751.43 MB used,  9105.02 MB free, 134217728.00 MB total
[2017.11.01-11.51.01:787][966]LogMemory: 
[2017.11.01-11.51.01:787][966]Allocator Stats for TBB: (not implemented)
[2017.11.01-11.51.03:130][966]LogAIModule: Creating AISystem for world VRsizebigger
[2017.11.01-11.51.03:131][966]LogLoad: Game class is 'MultiGM_C'
[2017.11.01-11.51.03:131][966]LogTemp: Display: ParseSettings for GameNetDriver
[2017.11.01-11.51.03:131][966]LogTemp: Display: ParseSettings for IpNetDriver_2
[2017.11.01-11.51.03:131][966]LogTemp: Display: ParseSettings for GameNetDriver
[2017.11.01-11.51.03:131][966]LogInit: WinSock: Socket queue 131072 / 131072
[2017.11.01-11.51.03:132][966]PacketHandlerLog: Loaded PacketHandler component: Engine.EngineHandlerComponentFactory (StatelessConnectHandlerComponent)
[2017.11.01-11.51.03:132][966]LogNet: GameNetDriver IpNetDriver_2 IpNetDriver listening on port 7777
[2017.11.01-11.51.03:139][966]LogWorld: Bringing World /Game/ThirdPersonBP/Maps/UEDPIE_1_VRsizebigger.VRsizebigger up for play (max tick rate 0) at 2017.11.02-00.51.03
[2017.11.01-11.51.03:139][966]LogWorld: Bringing up level for play took: 0.006947
[2017.11.01-11.51.03:140][966]LogSpawn: Warning: SpawnActor failed because no class was specified
[2017.11.01-11.51.03:141][966]LogScriptCore: Warning: Script Msg: Attempted to access index 0 from array 'PlayerStarts' of length 0 in '/Game/Proteus_Multi/MultiGM.MultiGM_C'!
[2017.11.01-11.51.03:142][966]Cmd: vr.bEnableStereo True
[2017.11.01-11.51.03:143][966]Cmd: r.ScreenPercentage 130.0
[2017.11.01-11.51.03:143][966]r.ScreenPercentage = "130"
[2017.11.01-11.51.03:143][966]Cmd: r.ViewDistanceScale 2
[2017.11.01-11.51.03:143][966]r.ViewDistanceScale = "2"
[2017.11.01-11.51.03:143][966]Cmd: sg.AntiAliasingQuality 3
[2017.11.01-11.51.03:143][966]sg.AntiAliasingQuality = "3"
[2017.11.01-11.51.03:143][966]Cmd: sg.ShadowQuality 3
[2017.11.01-11.51.03:143][966]sg.ShadowQuality = "3"
[2017.11.01-11.51.03:143][966]Cmd: r.MaxAnisotropy 8
[2017.11.01-11.51.03:143][966]r.MaxAnisotropy = "8"
[2017.11.01-11.51.03:143][966]Cmd: r.Streaming.MipBias 0
[2017.11.01-11.51.03:143][966]r.Streaming.MipBias = "0"
[2017.11.01-11.51.03:143][966]Cmd: r.SeparateTranslucency 0
[2017.11.01-11.51.03:143][966]r.SeparateTranslucency = "0"
[2017.11.01-11.51.03:143][966]Cmd: r.BloomQuality 0
[2017.11.01-11.51.03:143][966]r.BloomQuality = "0"
[2017.11.01-11.51.03:143][966]Cmd: EnableAllScreenMessages
[2017.11.01-11.51.03:143][966]LogEngine: Onscreen warngins/messages are now ENABLED
[2017.11.01-11.51.03:143][966]Cmd: r.setres 1920x1080
[2017.11.01-11.51.03:143][966]r.SetRes = "1920x1080"
[2017.11.01-11.51.03:186][966]LogRenderer: Reallocating scene render targets to support 2484x1360 Format 10 NumSamples 4 (Frame:1).
[2017.11.01-11.51.03:199][966]Cmd: r.streaming.poolsize 3000
[2017.11.01-11.51.03:199][966]r.Streaming.PoolSize = "3000"
[2017.11.01-11.51.03:200][966]LogLoad: Took 1.457020 seconds to LoadMap(/Game/ThirdPersonBP/Maps/VRsizebigger)
[2017.11.01-11.51.03:202][966]LogNet: Warning: Network Failure: GameNetDriver[FailureReceived]: Host closed the connection.
[2017.11.01-11.51.03:202][966]LogNet: Warning: Network Failure: GameNetDriver[FailureReceived]: Host closed the connection.
[2017.11.01-11.51.03:202][966]LogNet: NetworkFailure: FailureReceived, Error: 'Host closed the connection.'
[2017.11.01-11.51.03:203][966]LogNet: UNetConnection::Close: [UNetConnection] RemoteAddr: 127.0.0.1:7777, Name: IpConnection_0, Driver: GameNetDriver IpNetDriver_1, IsServer: NO, PC: MainMenuPC_C_0, Owner: MainMenuPC_C_0, Channels: 10, Time: 2017.11.01-11.51.03
[2017.11.01-11.51.03:204][966]LogNet: UChannel::Close: Sending CloseBunch. ChIndex == 0. Name: [UChannel] ChIndex: 0, Closing: 0 [UNetConnection] RemoteAddr: 127.0.0.1:7777, Name: IpConnection_0, Driver: GameNetDriver IpNetDriver_1, IsServer: NO, PC: MainMenuPC_C_0, Owner: MainMenuPC_C_0
[2017.11.01-11.51.03:204][966]LogNet: Warning: Network Failure: GameNetDriver[ConnectionLost]: Your connection to the host has been lost.
[2017.11.01-11.51.03:204][966]LogNet: Warning: Network Failure: GameNetDriver[ConnectionLost]: Your connection to the host has been lost.
[2017.11.01-11.51.03:204][966]LogNet: NetworkFailure: ConnectionLost, Error: 'Your connection to the host has been lost.'
[2017.11.01-11.51.03:207][966]LogContentStreaming: Texture pool size now 3000 MB
[2017.11.01-11.51.03:236][967]LogNet: NotifyAcceptingConnection accepted from: 127.0.0.1:57672
[2017.11.01-11.51.03:236][967]LogNet: NotifyAcceptingConnection accepted from: 127.0.0.1:57672
[2017.11.01-11.51.03:237][967]LogNet: Browse: /Game/Proteus_Multi/MainMenu?closed
[2017.11.01-11.51.03:237][967]LogNet: Failed; returning to Entry
[2017.11.01-11.51.03:256][967]LogLoad: LoadMap: /Game/Proteus_Multi/MainMenu?closed
[2017.11.01-11.51.03:256][967]LogNet: World NetDriver shutdown IpNetDriver_1 [GameNetDriver]
[2017.11.01-11.51.03:256][967]LogNet: DestroyNamedNetDriver IpNetDriver_1 [GameNetDriver]
[2017.11.01-11.51.03:256][967]LogExit: GameNetDriver IpNetDriver_1 shut down
[2017.11.01-11.51.03:280][967]Cmd: MEM
[2017.11.01-11.51.03:300][967]LogMemory: Platform Memory Stats for Windows
[2017.11.01-11.51.03:301][967]LogMemory: Process Physical Memory: 1872.97 MB used, 1872.98 MB peak
[2017.11.01-11.51.03:301][967]LogMemory: Process Virtual Memory: 3579.68 MB used, 3579.68 MB peak
[2017.11.01-11.51.03:301][967]LogMemory: Physical Memory: 7430.05 MB used,  8889.75 MB free, 16319.79 MB total
[2017.11.01-11.51.03:301][967]LogMemory: Virtual Memory: 4500.62 MB used,  8889.75 MB free, 134217728.00 MB total
[2017.11.01-11.51.03:301][967]LogMemory: 
[2017.11.01-11.51.03:301][967]Allocator Stats for TBB: (not implemented)
[2017.11.01-11.51.03:301][967]LogPlayLevel: Creating play world package: /Game/Proteus_Multi/UEDPIE_2_MainMenu
[2017.11.01-11.51.03:315][967]LogPlayLevel: PIE: StaticDuplicateObject took: (0.013725s)
[2017.11.01-11.51.03:315][967]LogAIModule: Creating AISystem for world MainMenu
[2017.11.01-11.51.03:316][967]LogPlayLevel: PIE: World Init took: (0.001009s)
[2017.11.01-11.51.03:316][967]LogPlayLevel: PIE: Created PIE world by copying editor world from /Game/Proteus_Multi/MainMenu.MainMenu to /Game/Proteus_Multi/UEDPIE_2_MainMenu.MainMenu (0.015160s)
[2017.11.01-11.51.03:316][967]LogLoad: Game class is 'MainMenuGM_C'
[2017.11.01-11.51.03:321][967]LogWorld: Bringing World /Game/Proteus_Multi/UEDPIE_2_MainMenu.MainMenu up for play (max tick rate 0) at 2017.11.02-00.51.03
[2017.11.01-11.51.03:321][967]LogWorld: Bringing up level for play took: 0.004237
[2017.11.01-11.51.03:322][967]LogVoiceEncode: Error: StartLocalVoiceProcessing(): Device is currently owned by another user
[2017.11.01-11.51.03:322][967]LogBlueprintUserMessages: [MainMenuGM_C_0] VR is disabled
[2017.11.01-11.51.03:328][967]LogScriptCore: Warning: Script Msg: Attempted to access index 0 from array 'CallFunc_GetAllActorsOfClass_OutActors' of length 0 in '/Game/Proteus_Multi/UI/Widgets/OptionsMenu.OptionsMenu_C:ExecuteUbergraph_OptionsMenu'!
[2017.11.01-11.51.03:329][967]LogLoad: Took 0.072412 seconds to LoadMap(/Game/Proteus_Multi/UEDPIE_2_MainMenu)
[2017.11.01-11.51.03:348][967]PIE: Warning: The widget 'OptionsMenu_C' was already added to the screen.
[2017.11.01-11.51.06:908][164]LogScriptCore: Warning: Script Msg: Attempted to access index 0 from array 'CallFunc_GetAllActorsOfClass_OutActors' of length 0 in '/Game/Proteus_Multi/UI/Widgets/MainMenu.MainMenu_C:ExecuteUbergraph_MainMenu'!
[2017.11.01-11.51.07:660][221]LogScriptCore: Warning: Script Msg: Attempted to access index 0 from array 'CallFunc_GetAllActorsOfClass_OutActors' of length 0 in '/Game/Proteus_Multi/UI/Widgets/Steam_LAN_Menu.Steam_LAN_Menu_C:ExecuteUbergraph_Steam_LAN_Menu'!
[2017.11.01-11.51.08:046][225]LogScript: Warning: Accessed None trying to read property VRErrorDialog
	ErrorDialog_C /Engine/Transient.UnrealEdEngine_0:GameInfoInstance_C_1.ErrorDialog_C_1
	Function /Game/Proteus_Multi/UI/Widgets/ErrorDialog.ErrorDialog_C:ExecuteUbergraph_ErrorDialog:002D
[2017.11.01-11.51.08:046][225]PIE: Error: Blueprint Runtime Error: Accessed None trying to read property VRErrorDialog from function: 'ExecuteUbergraph_ErrorDialog' from node: DestroyActor in graph: EventGraph in object: ErrorDialog with description: Accessed None trying to read property VRErrorDialog
[2017.11.01-11.51.08:046][225]LogOnline: Warning: OSS: Can't destroy a null online session (Game)
[2017.11.01-11.51.26:067][821]LogVoiceEncode: Error: StartLocalVoiceProcessing(): Device is currently owned by another user
[2017.11.01-11.51.26:069][821]LogNet: Browse: 192.168.1.66//Game/Proteus_Multi/MainMenu
[2017.11.01-11.51.26:069][821]LogTemp: Display: ParseSettings for GameNetDriver
[2017.11.01-11.51.26:069][821]LogTemp: Display: ParseSettings for IpNetDriver_3
[2017.11.01-11.51.26:069][821]LogTemp: Display: ParseSettings for PendingNetDriver
[2017.11.01-11.51.26:069][821]LogInit: WinSock: Socket queue 32768 / 32768
[2017.11.01-11.51.26:070][821]PacketHandlerLog: Loaded PacketHandler component: Engine.EngineHandlerComponentFactory (StatelessConnectHandlerComponent)
[2017.11.01-11.51.26:070][821]LogNet: Game client on port 7777, rate 500000
[2017.11.01-11.51.26:082][822]LogNet: NotifyAcceptingConnection accepted from: 192.168.1.66:59970
[2017.11.01-11.51.26:082][822]LogHandshake: SendConnectChallenge. Timestamp: 24.355089, Cookie: 195216144175221091178073150158245079088038006156073148178128
[2017.11.01-11.51.26:084][822]LogHandshake: SendChallengeResponse. Timestamp: 24.355089, Cookie: 195216144175221091178073150158245079088038006156073148178128
[2017.11.01-11.51.26:096][823]LogNet: NotifyAcceptingConnection accepted from: 192.168.1.66:59970
[2017.11.01-11.51.26:096][823]LogHandshake: SendChallengeAck. InCookie: 195216144175221091178073150158245079088038006156073148178128
[2017.11.01-11.51.26:096][823]LogNet: Server accepting post-challenge connection from: 192.168.1.66:59970
[2017.11.01-11.51.26:096][823]PacketHandlerLog: Loaded PacketHandler component: Engine.EngineHandlerComponentFactory (StatelessConnectHandlerComponent)
[2017.11.01-11.51.26:097][823]LogNet: NotifyAcceptedConnection: Name: VRsizebigger, TimeStamp: 11/02/17 00:51:26, [UNetConnection] RemoteAddr: 192.168.1.66:59970, Name: IpConnection_3, Driver: GameNetDriver IpNetDriver_2, IsServer: YES, PC: NULL, Owner: NULL
[2017.11.01-11.51.26:097][823]LogNet: AddClientConnection: Added client connection: [UNetConnection] RemoteAddr: 192.168.1.66:59970, Name: IpConnection_3, Driver: GameNetDriver IpNetDriver_2, IsServer: YES, PC: NULL, Owner: NULL
[2017.11.01-11.51.26:097][823]LogNet: UPendingNetGame::SendInitialJoin: Sending hello. [UNetConnection] RemoteAddr: 192.168.1.66:7777, Name: IpConnection_2, Driver: PendingNetDriver IpNetDriver_3, IsServer: NO, PC: NULL, Owner: NULL
[2017.11.01-11.51.26:111][824]LogNet: NotifyAcceptingChannel Control 0 server World /Game/ThirdPersonBP/Maps/UEDPIE_1_VRsizebigger.VRsizebigger: Accepted
[2017.11.01-11.51.26:111][824]LogNet: Remote platform little endian=1
[2017.11.01-11.51.26:111][824]LogNet: This platform little endian=1
[2017.11.01-11.51.26:124][825]LogNet: Login request: /Game/Proteus_Multi/MainMenu?Name=DESKTOP-SOJBPKL-C8917FC04CC690FB51F99ABBB8F5B527 userId: DESKTOP-SOJBPKL-C8917FC04CC690FB51F99ABBB8F5B527
[2017.11.01-11.51.26:125][825]LogNet: Welcomed by server (Level: /Game/ThirdPersonBP/Maps/UEDPIE_1_VRsizebigger, Game: /Game/Proteus_Multi/MultiGM.MultiGM_C)
[2017.11.01-11.51.26:125][825]LogLoad: LoadMap: 192.168.1.66//Game/ThirdPersonBP/Maps/UEDPIE_1_VRsizebigger?game=/Game/Proteus_Multi/MultiGM.MultiGM_C
[2017.11.01-11.51.26:147][825]Cmd: MEM
[2017.11.01-11.51.26:167][825]LogMemory: Platform Memory Stats for Windows
[2017.11.01-11.51.26:167][825]LogMemory: Process Physical Memory: 1799.56 MB used, 1918.58 MB peak
[2017.11.01-11.51.26:167][825]LogMemory: Process Virtual Memory: 3267.79 MB used, 3626.98 MB peak
[2017.11.01-11.51.26:167][825]LogMemory: Physical Memory: 7302.44 MB used,  9017.36 MB free, 16319.79 MB total
[2017.11.01-11.51.26:167][825]LogMemory: Virtual Memory: 4423.30 MB used,  9017.36 MB free, 134217728.00 MB total
[2017.11.01-11.51.26:167][825]LogMemory: 
[2017.11.01-11.51.26:167][825]Allocator Stats for TBB: (not implemented)
[2017.11.01-11.51.26:741][825]LogAIModule: Creating AISystem for world VRsizebigger
[2017.11.01-11.51.26:742][825]LogTemp: Display: ParseSettings for GameNetDriver
[2017.11.01-11.51.26:748][825]LogWorld: Bringing World /Game/ThirdPersonBP/Maps/UEDPIE_2_VRsizebigger.VRsizebigger up for play (max tick rate 0) at 2017.11.02-00.51.26
[2017.11.01-11.51.26:748][825]LogWorld: Bringing up level for play took: 0.005257
[2017.11.01-11.51.26:753][825]LogLoad: Took 0.628139 seconds to LoadMap(/Game/ThirdPersonBP/Maps/UEDPIE_1_VRsizebigger)
[2017.11.01-11.51.26:774][826]LogNet: Client netspeed is 500000
[2017.11.01-11.51.26:775][826]LogNet: Join request: /Game/Proteus_Multi/MainMenu?Name=DESKTOP-SOJBPKL-C8917FC04CC690FB51F99ABBB8F5B527?SplitscreenCount=1
[2017.11.01-11.51.26:776][826]LogNet: Join succeeded: DESKTOP-SOJBPKL-C891
[2017.11.01-11.51.26:778][826]LogSpawn: Warning: SpawnActor failed because no class was specified
[2017.11.01-11.51.26:780][826]Cmd: vr.bEnableStereo True
[2017.11.01-11.51.26:780][826]Cmd: r.ScreenPercentage 130.0
[2017.11.01-11.51.26:780][826]r.ScreenPercentage = "130"
[2017.11.01-11.51.26:780][826]Cmd: r.ViewDistanceScale 2
[2017.11.01-11.51.26:780][826]r.ViewDistanceScale = "2"
[2017.11.01-11.51.26:780][826]Cmd: sg.AntiAliasingQuality 3
[2017.11.01-11.51.26:780][826]sg.AntiAliasingQuality = "3"
[2017.11.01-11.51.26:780][826]Cmd: sg.ShadowQuality 3
[2017.11.01-11.51.26:780][826]sg.ShadowQuality = "3"
[2017.11.01-11.51.26:780][826]Cmd: r.MaxAnisotropy 8
[2017.11.01-11.51.26:781][826]r.MaxAnisotropy = "8"
[2017.11.01-11.51.26:781][826]Cmd: r.Streaming.MipBias 0
[2017.11.01-11.51.26:781][826]r.Streaming.MipBias = "0"
[2017.11.01-11.51.26:781][826]Cmd: r.SeparateTranslucency 0
[2017.11.01-11.51.26:781][826]r.SeparateTranslucency = "0"
[2017.11.01-11.51.26:781][826]Cmd: r.BloomQuality 0
[2017.11.01-11.51.26:781][826]r.BloomQuality = "0"
[2017.11.01-11.51.26:781][826]Cmd: EnableAllScreenMessages
[2017.11.01-11.51.26:781][826]LogEngine: Onscreen warngins/messages are now ENABLED
[2017.11.01-11.51.26:781][826]Cmd: r.setres 1920x1080
[2017.11.01-11.51.26:781][826]r.SetRes = "1920x1080"
[2017.11.01-11.51.26:781][826]Cmd: r.streaming.poolsize 3000
[2017.11.01-11.51.26:781][826]r.Streaming.PoolSize = "3000"
[2017.11.01-11.51.30:374][ 97]LogPawn: Error: DisableInput can only be specified on a Pawn for its Controller
[2017.11.01-11.51.32:190][209]LogPawn: Error: EnableInput can only be specified on a Pawn for its Controller
[2017.11.01-11.51.37:572][553]LogBlueprintUserMessages: Early EndPlayMap Detection: Level '/Game/Proteus_Multi/MainMenu.MainMenu:PersistentLevel' has LevelScriptBlueprint '/Game/Proteus_Multi/MainMenu.MainMenu:PersistentLevel.MainMenu' with GeneratedClass '/Game/Proteus_Multi/MainMenu.MainMenu_C' with ClassGeneratedBy '/Game/Proteus_Multi/MainMenu.MainMenu:PersistentLevel.MainMenu'
[2017.11.01-11.51.37:633][553]LogOnline: Display: OSS: FOnlineSubsystemNull::Shutdown()
[2017.11.01-11.51.37:633][553]LogOnline: Display: OSS: FOnlineAsyncTaskManager::Stop() ActiveTask:0000000000000000 Tasks[0/0]
[2017.11.01-11.51.37:640][553]LogOnline: Display: OSS: FOnlineAsyncTaskManager::Exit() started
[2017.11.01-11.51.37:640][553]LogOnline: Display: OSS: FOnlineAsyncTaskManager::Exit() finished
[2017.11.01-11.51.37:640][553]LogOnline: Warning: OSS: No game present to leave for session (Game)
[2017.11.01-11.51.37:690][553]LogOnline: Display: OSS: FOnlineSubsystemNull::Shutdown()
[2017.11.01-11.51.37:690][553]LogOnline: Display: OSS: FOnlineAsyncTaskManager::Stop() ActiveTask:0000000000000000 Tasks[0/0]
[2017.11.01-11.51.37:701][553]LogOnline: Display: OSS: FOnlineAsyncTaskManager::Exit() started
[2017.11.01-11.51.37:701][553]LogOnline: Display: OSS: FOnlineAsyncTaskManager::Exit() finished
[2017.11.01-11.51.37:701][553]LogPlayLevel: Display: Shutting down PIE online subsystems
[2017.11.01-11.51.37:713][553]LogBlueprintUserMessages: Late EndPlayMap Detection: Level '/Game/Proteus_Multi/MainMenu.MainMenu:PersistentLevel' has LevelScriptBlueprint '/Game/Proteus_Multi/MainMenu.MainMenu:PersistentLevel.MainMenu' with GeneratedClass '/Game/Proteus_Multi/MainMenu.MainMenu_C' with ClassGeneratedBy '/Game/Proteus_Multi/MainMenu.MainMenu:PersistentLevel.MainMenu'
[2017.11.01-11.51.37:732][553]LogNet: UChannel::CleanUp: ChIndex == 0. Closing connection. [UChannel] ChIndex: 0, Closing: 0 [UNetConnection] RemoteAddr: 192.168.1.66:59970, Name: IpConnection_3, Driver: GameNetDriver IpNetDriver_2, IsServer: YES, PC: None, Owner: None
[2017.11.01-11.51.37:732][553]LogNet: UNetConnection::Close: [UNetConnection] RemoteAddr: 192.168.1.66:59970, Name: IpConnection_3, Driver: GameNetDriver IpNetDriver_2, IsServer: YES, PC: None, Owner: None, Channels: 2, Time: 2017.11.01-11.51.37
[2017.11.01-11.51.37:732][553]LogNet: UChannel::Close: Sending CloseBunch. ChIndex == 0. Name: [UChannel] ChIndex: 0, Closing: 0 [UNetConnection] RemoteAddr: 192.168.1.66:59970, Name: IpConnection_3, Driver: GameNetDriver IpNetDriver_2, IsServer: YES, PC: None, Owner: None
[2017.11.01-11.51.37:733][553]LogNet: UChannel::CleanUp: ChIndex == 0. Closing connection. [UChannel] ChIndex: 0, Closing: 0 [UNetConnection] RemoteAddr: 192.168.1.66:7777, Name: IpConnection_2, Driver: GameNetDriver IpNetDriver_3, IsServer: NO, PC: None, Owner: None
[2017.11.01-11.51.37:733][553]LogNet: UNetConnection::Close: [UNetConnection] RemoteAddr: 192.168.1.66:7777, Name: IpConnection_2, Driver: GameNetDriver IpNetDriver_3, IsServer: NO, PC: None, Owner: None, Channels: 2, Time: 2017.11.01-11.51.37
[2017.11.01-11.51.37:733][553]LogNet: UChannel::Close: Sending CloseBunch. ChIndex == 0. Name: [UChannel] ChIndex: 0, Closing: 0 [UNetConnection] RemoteAddr: 192.168.1.66:7777, Name: IpConnection_2, Driver: GameNetDriver IpNetDriver_3, IsServer: NO, PC: None, Owner: None
[2017.11.01-11.51.37:737][553]LogExit: GameNetDriver None shut down
[2017.11.01-11.51.37:737][553]LogExit: GameNetDriver None shut down
[2017.11.01-11.51.37:908][554]LogPlayLevel: Display: Destroying online subsystem :Context_9
[2017.11.01-11.51.37:908][554]LogOnline: Display: OSS: FOnlineSubsystemNull::Shutdown()
[2017.11.01-11.51.37:908][554]LogPlayLevel: Display: Destroying online subsystem :Context_8
[2017.11.01-11.51.37:908][554]LogOnline: Display: OSS: FOnlineSubsystemNull::Shutdown()
[2017.11.01-11.53.56:136][ 21]Cmd: OBJ SAVEPACKAGE PACKAGE="/Game/Proteus_Multi/MainMenu" FILE="../../../../../dev/Estrellis/ProteusTemplate-master/Content/Proteus_Multi/MainMenu.umap" SILENT=true AUTOSAVING=false KEEPDIRTY=false
[2017.11.01-11.53.56:470][ 21]LogSavePackage: Save=245.35ms
[2017.11.01-11.53.56:470][ 21]LogSavePackage: Moving '../../../../../dev/Estrellis/ProteusTemplate-master/Saved/MainMenuFA141A11400B101EA767D3821721420B.tmp' to '../../../../../dev/Estrellis/ProteusTemplate-master/Content/Proteus_Multi/MainMenu.umap'
[2017.11.01-11.53.56:471][ 21]LogSavePackage: Display: Finished SavePackage ../../../../../dev/Estrellis/ProteusTemplate-master/Content/Proteus_Multi/MainMenu.umap
[2017.11.01-11.53.56:509][ 21]Cmd: OBJ SAVEPACKAGE PACKAGE="/Game/Proteus_Multi/MainMenu_BuiltData" FILE="../../../../../dev/Estrellis/ProteusTemplate-master/Content/Proteus_Multi/MainMenu_BuiltData.uasset" SILENT=true
[2017.11.01-11.53.56:596][ 21]LogSavePackage: Save=70.89ms
[2017.11.01-11.53.56:596][ 21]LogSavePackage: Moving '../../../../../dev/Estrellis/ProteusTemplate-master/Saved/MainMenu_BuiltDataDC28FDF14E8E8516EBD35E9B5327EC00.tmp' to '../../../../../dev/Estrellis/ProteusTemplate-master/Content/Proteus_Multi/MainMenu_BuiltData.uasset'
[2017.11.01-11.53.56:597][ 21]LogSavePackage: Display: Finished SavePackage ../../../../../dev/Estrellis/ProteusTemplate-master/Content/Proteus_Multi/MainMenu_BuiltData.uasset
[2017.11.01-11.53.58:013][121]Cmd: QUIT_EDITOR
[2017.11.01-11.53.58:921][121]LogWindowsTextInputMethodSystem: Display: IME system now deactivated.
[2017.11.01-11.53.58:935][121]LogExit: Preparing to exit.
[2017.11.01-11.53.59:599][121]LogDirectoryWatcher: A directory notification for 'D:/dev/Estrellis/ProteusTemplate-master/Content/' was aborted.
[2017.11.01-11.53.59:657][121]LogExit: Editor shut down
[2017.11.01-11.53.59:659][121]LogExit: Transaction tracking system shut down
[2017.11.01-11.53.59:852][121]LogDirectoryWatcher: A directory notification for '../../../Engine/Content/' was aborted.
[2017.11.01-11.53.59:852][121]LogDirectoryWatcher: A directory notification for '../../../../../dev/Estrellis/ProteusTemplate-master/Content/' was aborted.
[2017.11.01-11.53.59:852][121]LogDirectoryWatcher: A directory notification for '../../../Engine/Plugins/2D/Paper2D/Content/' was aborted.
[2017.11.01-11.53.59:852][121]LogDirectoryWatcher: A directory notification for '../../../Engine/Plugins/Marketplace/RunebergVRPlugin/Content/' was aborted.
[2017.11.01-11.53.59:852][121]LogDirectoryWatcher: A directory notification for '../../../Engine/Plugins/Runtime/Oculus/OculusVR/Content/' was aborted.
[2017.11.01-11.53.59:852][121]LogDirectoryWatcher: A directory notification for '../../../Engine/Plugins/Runtime/Steam/SteamVR/Content/' was aborted.
[2017.11.01-11.53.59:974][121]LogExit: Object subsystem successfully closed.
[2017.11.01-11.54.00:001][121]LogD3D11RHI: Shutdown
[2017.11.01-11.54.00:001][121]LogD3D11RHI: CleanupD3DDevice
[2017.11.01-11.54.00:097][121]LogD3D11RHI: ~FD3D11DynamicRHI
[2017.11.01-11.54.00:106][121]LogModuleManager: Shutting down and abandoning module MovieSceneCapture (546)
[2017.11.01-11.54.00:106][121]LogModuleManager: Shutting down and abandoning module Voice (544)
[2017.11.01-11.54.00:107][121]LogModuleManager: Shutting down and abandoning module BlueprintGraph (542)
[2017.11.01-11.54.00:107][121]LogModuleManager: Shutting down and abandoning module BlueprintProfiler (540)
[2017.11.01-11.54.00:107][121]LogModuleManager: Shutting down and abandoning module HierarchicalLODOutliner (538)
[2017.11.01-11.54.00:107][121]LogModuleManager: Shutting down and abandoning module ExternalImagePicker (536)
[2017.11.01-11.54.00:107][121]LogModuleManager: Shutting down and abandoning module SceneOutliner (534)
[2017.11.01-11.54.00:107][121]LogModuleManager: Shutting down and abandoning module AddContentDialog (532)
[2017.11.01-11.54.00:107][121]LogDirectoryWatcher: A directory notification for 'D:/Unreal Engine/UE_4.17/FeaturePacks/' was aborted.
[2017.11.01-11.54.00:107][121]LogModuleManager: Shutting down and abandoning module WidgetCarousel (531)
[2017.11.01-11.54.00:107][121]LogModuleManager: Shutting down and abandoning module EditorWidgets (528)
[2017.11.01-11.54.00:107][121]LogModuleManager: Shutting down and abandoning module CollectionManager (526)
[2017.11.01-11.54.00:107][121]LogDirectoryWatcher: A directory notification for 'D:/dev/Estrellis/ProteusTemplate-master/Content/Collections/' was aborted.
[2017.11.01-11.54.00:107][121]LogDirectoryWatcher: A directory notification for 'D:/dev/Estrellis/ProteusTemplate-master/Content/Developers/yche5/Collections/' was aborted.
[2017.11.01-11.54.00:107][121]LogDirectoryWatcher: A directory notification for 'D:/dev/Estrellis/ProteusTemplate-master/Saved/Collections/' was aborted.
[2017.11.01-11.54.00:107][121]LogModuleManager: Shutting down and abandoning module StatsViewer (524)
[2017.11.01-11.54.00:107][121]LogModuleManager: Shutting down and abandoning module FoliageEdit (522)
[2017.11.01-11.54.00:107][121]LogModuleManager: Shutting down and abandoning module LandscapeEditor (520)
[2017.11.01-11.54.00:108][121]LogModuleManager: Shutting down and abandoning module MeshPaintMode (518)
[2017.11.01-11.54.00:108][121]LogModuleManager: Shutting down and abandoning module SceneDepthPickerMode (516)
[2017.11.01-11.54.00:108][121]LogModuleManager: Shutting down and abandoning module ActorPickerMode (514)
[2017.11.01-11.54.00:108][121]LogModuleManager: Shutting down and abandoning module GeometryMode (512)
[2017.11.01-11.54.00:108][121]LogModuleManager: Shutting down and abandoning module TextureAlignMode (510)
[2017.11.01-11.54.00:108][121]LogModuleManager: Shutting down and abandoning module BspMode (508)
[2017.11.01-11.54.00:108][121]LogModuleManager: Shutting down and abandoning module PIEPreviewDeviceProfileSelector (506)
[2017.11.01-11.54.00:108][121]LogModuleManager: Shutting down and abandoning module HardwareSurvey (504)
[2017.11.01-11.54.00:108][121]LogModuleManager: Shutting down and abandoning module SequenceRecorderSections (502)
[2017.11.01-11.54.00:108][121]LogModuleManager: Shutting down and abandoning module AutomationWorker (500)
[2017.11.01-11.54.00:108][121]LogModuleManager: Shutting down and abandoning module MatineeToLevelSequence (498)
[2017.11.01-11.54.00:108][121]LogModuleManager: Shutting down and abandoning module LevelSequenceEditor (496)
[2017.11.01-11.54.00:108][121]LogModuleManager: Shutting down and abandoning module PlacementMode (495)
[2017.11.01-11.54.00:108][121]LogModuleManager: Shutting down and abandoning module WmfMediaFactory (492)
[2017.11.01-11.54.00:108][121]LogModuleManager: Shutting down and abandoning module WmfMediaEditor (490)
[2017.11.01-11.54.00:108][121]LogModuleManager: Shutting down and abandoning module AvfMediaFactory (488)
[2017.11.01-11.54.00:108][121]LogModuleManager: Shutting down and abandoning module AvfMediaEditor (486)
[2017.11.01-11.54.00:108][121]LogModuleManager: Shutting down and abandoning module AndroidMediaFactory (484)
[2017.11.01-11.54.00:108][121]LogModuleManager: Shutting down and abandoning module Media (483)
[2017.11.01-11.54.00:108][121]LogModuleManager: Shutting down and abandoning module AndroidMediaEditor (480)
[2017.11.01-11.54.00:108][121]LogModuleManager: Shutting down and abandoning module CharacterAI (478)
[2017.11.01-11.54.00:108][121]LogModuleManager: Shutting down and abandoning module AudioCapture (476)
[2017.11.01-11.54.00:108][121]LogModuleManager: Shutting down and abandoning module SequenceRecorder (475)
[2017.11.01-11.54.00:108][121]LogModuleManager: Shutting down and abandoning module SmartSnapping (472)
[2017.11.01-11.54.00:108][121]LogModuleManager: Shutting down and abandoning module SessionServices (470)
[2017.11.01-11.54.00:108][121]LogModuleManager: Shutting down and abandoning module ViewportSnapping (468)
[2017.11.01-11.54.00:108][121]LogModuleManager: Shutting down and abandoning module ViewportInteraction (466)
[2017.11.01-11.54.00:108][121]LogModuleManager: Shutting down and abandoning module ClothPainter (464)
[2017.11.01-11.54.00:108][121]LogModuleManager: Shutting down and abandoning module LogVisualizer (462)
[2017.11.01-11.54.00:108][121]LogModuleManager: Shutting down and abandoning module IntroTutorials (460)
[2017.11.01-11.54.00:108][121]LogModuleManager: Shutting down and abandoning module GameProjectGeneration (459)
[2017.11.01-11.54.00:109][121]LogModuleManager: Shutting down and abandoning module IOSPlatformEditor (456)
[2017.11.01-11.54.00:109][121]LogModuleManager: Shutting down and abandoning module HTML5PlatformEditor (454)
[2017.11.01-11.54.00:109][121]LogModuleManager: Shutting down and abandoning module AndroidPlatformEditor (452)
[2017.11.01-11.54.00:109][121]LogModuleManager: Shutting down and abandoning module AndroidDeviceDetection (451)
[2017.11.01-11.54.00:973][121]LogModuleManager: Shutting down and abandoning module WindowsPlatformEditor (448)
[2017.11.01-11.54.00:973][121]LogModuleManager: Shutting down and abandoning module IOSRuntimeSettings (446)
[2017.11.01-11.54.00:973][121]LogModuleManager: Shutting down and abandoning module AndroidRuntimeSettings (444)
[2017.11.01-11.54.00:973][121]LogModuleManager: Shutting down and abandoning module InputBindingEditor (442)
[2017.11.01-11.54.00:973][121]LogModuleManager: Shutting down and abandoning module MergeActors (440)
[2017.11.01-11.54.00:973][121]LogModuleManager: Shutting down and abandoning module SizeMap (438)
[2017.11.01-11.54.00:973][121]LogModuleManager: Shutting down and abandoning module TreeMap (436)
[2017.11.01-11.54.00:973][121]LogModuleManager: Shutting down and abandoning module ReferenceViewer (434)
[2017.11.01-11.54.00:973][121]LogModuleManager: Shutting down and abandoning module LocalizationDashboard (432)
[2017.11.01-11.54.00:973][121]LogModuleManager: Shutting down and abandoning module LocalizationService (431)
[2017.11.01-11.54.00:973][121]LogModuleManager: Shutting down and abandoning module HardwareTargeting (428)
[2017.11.01-11.54.00:973][121]LogModuleManager: Shutting down and abandoning module DeviceProfileEditor (426)
[2017.11.01-11.54.00:973][121]LogModuleManager: Shutting down and abandoning module UndoHistory (424)
[2017.11.01-11.54.00:973][121]LogModuleManager: Shutting down and abandoning module XmlParser (422)
[2017.11.01-11.54.00:973][121]LogModuleManager: Shutting down and abandoning module Blutility (420)
[2017.11.01-11.54.00:973][121]LogModuleManager: Shutting down and abandoning module ProjectSettingsViewer (418)
[2017.11.01-11.54.00:973][121]LogModuleManager: Shutting down and abandoning module ProjectTargetPlatformEditor (417)
[2017.11.01-11.54.00:973][121]LogModuleManager: Shutting down and abandoning module EditorSettingsViewer (414)
[2017.11.01-11.54.00:973][121]LogModuleManager: Shutting down and abandoning module SettingsEditor (412)
[2017.11.01-11.54.00:973][121]LogModuleManager: Shutting down and abandoning module ProjectLauncher (410)
[2017.11.01-11.54.00:973][121]LogModuleManager: Shutting down and abandoning module SessionFrontend (408)
[2017.11.01-11.54.00:973][121]LogModuleManager: Shutting down and abandoning module ProfilerClient (406)
[2017.11.01-11.54.00:973][121]LogModuleManager: Shutting down and abandoning module DeviceManager (404)
[2017.11.01-11.54.00:973][121]LogModuleManager: Shutting down and abandoning module TargetDeviceServices (403)
[2017.11.01-11.54.01:026][121]LogModuleManager: Shutting down and abandoning module AutomationController (400)
[2017.11.01-11.54.01:026][121]LogModuleManager: Shutting down and abandoning module AutomationWindow (398)
[2017.11.01-11.54.01:026][121]LogModuleManager: Shutting down and abandoning module Layers (396)
[2017.11.01-11.54.01:026][121]LogModuleManager: Shutting down and abandoning module ComponentVisualizers (394)
[2017.11.01-11.54.01:026][121]LogModuleManager: Shutting down and abandoning module DetailCustomizations (392)
[2017.11.01-11.54.01:026][121]LogModuleManager: Shutting down and abandoning module PackagesDialog (390)
[2017.11.01-11.54.01:026][121]LogModuleManager: Shutting down and abandoning module Persona (388)
[2017.11.01-11.54.01:026][121]LogModuleManager: Shutting down and abandoning module AdvancedPreviewScene (387)
[2017.11.01-11.54.01:026][121]LogModuleManager: Shutting down and abandoning module AnimGraph (385)
[2017.11.01-11.54.01:026][121]LogModuleManager: Shutting down and abandoning module Kismet (382)
[2017.11.01-11.54.01:038][121]LogModuleManager: Shutting down and abandoning module ClassViewer (380)
[2017.11.01-11.54.01:038][121]LogModuleManager: Shutting down and abandoning module Toolbox (378)
[2017.11.01-11.54.01:038][121]LogModuleManager: Shutting down and abandoning module ModuleUI (376)
[2017.11.01-11.54.01:038][121]LogModuleManager: Shutting down and abandoning module MovieSceneTools (374)
[2017.11.01-11.54.01:038][121]LogModuleManager: Shutting down and abandoning module OutputLog (372)
[2017.11.01-11.54.01:038][121]LogModuleManager: Shutting down and abandoning module GammaUI (370)
[2017.11.01-11.54.01:038][121]LogModuleManager: Shutting down and abandoning module Documentation (368)
[2017.11.01-11.54.01:038][121]LogModuleManager: Shutting down and abandoning module MovieSceneTracks (366)
[2017.11.01-11.54.01:038][121]LogModuleManager: Shutting down and abandoning module MovieScene (364)
[2017.11.01-11.54.01:038][121]LogModuleManager: Shutting down and abandoning module Niagara (362)
[2017.11.01-11.54.01:038][121]LogModuleManager: Shutting down and abandoning module NiagaraEditor (361)
[2017.11.01-11.54.01:038][121]LogModuleManager: Shutting down and abandoning module StreamingPauseRendering (358)
[2017.11.01-11.54.01:038][121]LogModuleManager: Shutting down and abandoning module LauncherPlatform (356)
[2017.11.01-11.54.01:038][121]LogModuleManager: Shutting down and abandoning module AnalyticsET (354)
[2017.11.01-11.54.01:038][121]LogModuleManager: Shutting down and abandoning module PortalServices (352)
[2017.11.01-11.54.01:038][121]LogModuleManager: Shutting down and abandoning module PortalRpc (350)
[2017.11.01-11.54.01:038][121]LogModuleManager: Shutting down and abandoning module MessagingRpc (348)
[2017.11.01-11.54.01:038][121]LogModuleManager: Shutting down and abandoning module AIModule (346)
[2017.11.01-11.54.01:038][121]LogModuleManager: Shutting down and abandoning module GameplayDebugger (345)
[2017.11.01-11.54.01:038][121]LogModuleManager: Shutting down and abandoning module AITestSuite (343)
[2017.11.01-11.54.01:038][121]LogModuleManager: Shutting down and abandoning module ProfilerService (340)
[2017.11.01-11.54.01:160][121]LogModuleManager: Shutting down and abandoning module TaskGraph (338)
[2017.11.01-11.54.01:160][121]LogModuleManager: Shutting down and abandoning module SteamVRController (336)
[2017.11.01-11.54.01:160][121]LogModuleManager: Shutting down and abandoning module ProceduralMeshComponentEditor (334)
[2017.11.01-11.54.01:160][121]LogModuleManager: Shutting down and abandoning module ProceduralMeshComponent (332)
[2017.11.01-11.54.01:160][121]LogModuleManager: Shutting down and abandoning module OculusInput (330)
[2017.11.01-11.54.01:160][121]LogModuleManager: Shutting down and abandoning module MobilePatchingUtils (328)
[2017.11.01-11.54.01:160][121]LogModuleManager: Shutting down and abandoning module CustomMeshComponent (326)
[2017.11.01-11.54.01:160][121]LogModuleManager: Shutting down and abandoning module CableComponent (324)
[2017.11.01-11.54.01:160][121]LogModuleManager: Shutting down and abandoning module ArchVisCharacter (322)
[2017.11.01-11.54.01:160][121]LogModuleManager: Shutting down and abandoning module AndroidPermission (320)
[2017.11.01-11.54.01:160][121]LogModuleManager: Shutting down and abandoning module MediaPlayerEditor (316)
[2017.11.01-11.54.01:160][121]LogModuleManager: Shutting down and abandoning module RunebergVRPlugin (314)
[2017.11.01-11.54.01:160][121]LogModuleManager: Shutting down and abandoning module HTML5Networking (312)
[2017.11.01-11.54.01:160][121]LogModuleManager: Shutting down and abandoning module AlembicImporter (310)
[2017.11.01-11.54.01:160][121]LogModuleManager: Shutting down and abandoning module AlembicLibrary (309)
[2017.11.01-11.54.01:160][121]LogModuleManager: Shutting down and abandoning module GeometryCache (308)
[2017.11.01-11.54.01:160][121]LogModuleManager: Shutting down and abandoning module GeometryCacheEd (307)
[2017.11.01-11.54.01:160][121]LogModuleManager: Shutting down and abandoning module SpeedTreeImporter (302)
[2017.11.01-11.54.01:160][121]LogModuleManager: Shutting down and abandoning module PluginBrowser (300)
[2017.11.01-11.54.01:160][121]LogModuleManager: Shutting down and abandoning module MobileLauncherProfileWizard (298)
[2017.11.01-11.54.01:160][121]LogModuleManager: Shutting down and abandoning module VisualStudioSourceCodeAccess (296)
[2017.11.01-11.54.01:160][121]LogModuleManager: Shutting down and abandoning module DesktopPlatform (295)
[2017.11.01-11.54.01:160][121]LogModuleManager: Shutting down and abandoning module UObjectPlugin (292)
[2017.11.01-11.54.01:160][121]LogModuleManager: Shutting down and abandoning module SubversionSourceControl (290)
[2017.11.01-11.54.01:161][121]LogModuleManager: Shutting down and abandoning module PerforceSourceControl (288)
[2017.11.01-11.54.01:161][121]LogModuleManager: Shutting down and abandoning module GitSourceControl (286)
[2017.11.01-11.54.01:161][121]LogModuleManager: Shutting down and abandoning module SourceControl (285)
[2017.11.01-11.54.01:161][121]LogModuleManager: Shutting down and abandoning module LightPropagationVolumeEditor (282)
[2017.11.01-11.54.01:161][121]LogModuleManager: Shutting down and abandoning module PaperTiledImporter (280)
[2017.11.01-11.54.01:161][121]LogModuleManager: Shutting down and abandoning module PaperSpriteSheetImporter (278)
[2017.11.01-11.54.01:161][121]LogModuleManager: Shutting down and abandoning module Paper2DEditor (276)
[2017.11.01-11.54.01:161][121]LogModuleManager: Shutting down and abandoning module MeshPaint (275)
[2017.11.01-11.54.01:161][121]LogModuleManager: Shutting down and abandoning module LevelEditor (273)
[2017.11.01-11.54.01:162][121]LogModuleManager: Shutting down and abandoning module PixelInspectorModule (272)
[2017.11.01-11.54.01:162][121]LogModuleManager: Shutting down and abandoning module MainFrame (270)
[2017.11.01-11.54.01:162][121]LogModuleManager: Shutting down and abandoning module HotReload (269)
[2017.11.01-11.54.01:162][121]LogDirectoryWatcher: A directory notification for 'D:/dev/Estrellis/ProteusTemplate-master/Binaries/Win64' was aborted.
[2017.11.01-11.54.01:162][121]LogModuleManager: Shutting down and abandoning module RuntimePhysXCooking (264)
[2017.11.01-11.54.01:162][121]LogModuleManager: Shutting down and abandoning module PhysXVehiclesEditor (262)
[2017.11.01-11.54.01:162][121]LogModuleManager: Shutting down and abandoning module PhysXVehicles (260)
[2017.11.01-11.54.01:162][121]LogModuleManager: Shutting down and abandoning module OculusEditor (258)
[2017.11.01-11.54.01:162][121]LogModuleManager: Shutting down and abandoning module LocationServicesBPLibrary (256)
[2017.11.01-11.54.01:162][121]LogModuleManager: Shutting down and abandoning module ImmediatePhysicsEditor (254)
[2017.11.01-11.54.01:162][121]LogModuleManager: Shutting down and abandoning module ImmediatePhysics (252)
[2017.11.01-11.54.01:162][121]LogModuleManager: Shutting down and abandoning module UdpMessaging (250)
[2017.11.01-11.54.01:263][121]LogModuleManager: Shutting down and abandoning module TcpMessaging (248)
[2017.11.01-11.54.01:363][121]LogModuleManager: Shutting down and abandoning module GameplayTagsEditor (246)
[2017.11.01-11.54.01:363][121]LogModuleManager: Shutting down and abandoning module FacialAnimationEditor (244)
[2017.11.01-11.54.01:363][121]LogModuleManager: Shutting down and abandoning module FacialAnimation (242)
[2017.11.01-11.54.01:363][121]LogModuleManager: Shutting down and abandoning module AssetManagerEditor (240)
[2017.11.01-11.54.01:363][121]LogModuleManager: Shutting down and abandoning module GraphEditor (239)
[2017.11.01-11.54.01:363][121]LogModuleManager: Shutting down and abandoning module ContentBrowser (237)
[2017.11.01-11.54.01:364][121]LogModuleManager: Shutting down and abandoning module LightPropagationVolumeRuntime (234)
[2017.11.01-11.54.01:364][121]LogModuleManager: Shutting down and abandoning module Paper2D (232)
[2017.11.01-11.54.01:364][121]LogModuleManager: Shutting down and abandoning module WindowsMoviePlayer (230)
[2017.11.01-11.54.01:365][121]LogModuleManager: Shutting down and abandoning module WmfMedia (228)
[2017.11.01-11.54.01:365][121]LogModuleManager: Shutting down and abandoning module PacketHandler (226)
[2017.11.01-11.54.01:365][121]LogModuleManager: Shutting down and abandoning module ClothingSystemEditor (224)
[2017.11.01-11.54.01:365][121]LogModuleManager: Shutting down and abandoning module ClothingSystemRuntime (222)
[2017.11.01-11.54.01:365][121]LogModuleManager: Shutting down and abandoning module Overlay (220)
[2017.11.01-11.54.01:365][121]LogModuleManager: Shutting down and abandoning module OverlayEditor (219)
[2017.11.01-11.54.01:365][121]LogModuleManager: Shutting down and abandoning module MediaAssets (216)
[2017.11.01-11.54.01:365][121]LogModuleManager: Shutting down and abandoning module VREditor (214)
[2017.11.01-11.54.01:365][121]LogModuleManager: Shutting down and abandoning module StringTableEditor (212)
[2017.11.01-11.54.01:365][121]LogModuleManager: Shutting down and abandoning module GameplayTasksEditor (210)
[2017.11.01-11.54.01:365][121]LogModuleManager: Shutting down and abandoning module BehaviorTreeEditor (208)
[2017.11.01-11.54.01:365][121]LogModuleManager: Shutting down and abandoning module FunctionalTesting (206)
[2017.11.01-11.54.01:365][121]LogModuleManager: Shutting down and abandoning module CollisionAnalyzer (204)
[2017.11.01-11.54.01:365][121]LogModuleManager: Shutting down and abandoning module WorkspaceMenuStructure (203)
[2017.11.01-11.54.01:365][121]LogModuleManager: Shutting down and abandoning module UMG (200)
[2017.11.01-11.54.01:365][121]LogModuleManager: Shutting down and abandoning module UMGEditor (199)
[2017.11.01-11.54.01:365][121]LogModuleManager: Shutting down and abandoning module Sequencer (198)
[2017.11.01-11.54.01:365][121]LogModuleManager: Shutting down and abandoning module MessageLog (195)
[2017.11.01-11.54.01:365][121]LogModuleManager: Shutting down and abandoning module SlateReflector (190)
[2017.11.01-11.54.01:365][121]LogModuleManager: Shutting down and abandoning module Slate (188)
[2017.11.01-11.54.01:365][121]LogModuleManager: Shutting down and abandoning module EditorStyle (186)
[2017.11.01-11.54.01:367][121]LogModuleManager: Shutting down and abandoning module MRMesh (184)
[2017.11.01-11.54.01:367][121]LogModuleManager: Shutting down and abandoning module SourceCodeAccess (182)
[2017.11.01-11.54.01:367][121]LogModuleManager: Shutting down and abandoning module HeadMountedDisplay (180)
[2017.11.01-11.54.01:367][121]LogModuleManager: Shutting down and abandoning module XAudio2 (178)
[2017.11.01-11.54.01:367][121]LogModuleManager: Shutting down and abandoning module Networking (176)
[2017.11.01-11.54.01:367][121]LogModuleManager: Shutting down and abandoning module Core (174)
[2017.11.01-11.54.01:367][121]LogModuleManager: Shutting down and abandoning module KismetCompiler (170)
[2017.11.01-11.54.01:367][121]LogModuleManager: Shutting down and abandoning module LevelSequence (168)
[2017.11.01-11.54.01:367][121]LogModuleManager: Shutting down and abandoning module MeshUtilities (166)
[2017.11.01-11.54.01:367][121]LogModuleManager: Shutting down and abandoning module MeshMergeUtilities (165)
[2017.11.01-11.54.01:367][121]LogModuleManager: Shutting down and abandoning module MeshReductionInterface (164)
[2017.11.01-11.54.01:367][121]LogModuleManager: Shutting down and abandoning module SimplygonSwarm (163)
[2017.11.01-11.54.01:367][121]LogModuleManager: Shutting down and abandoning module SimplygonMeshReduction (161)
[2017.11.01-11.54.01:367][121]LogModuleManager: Shutting down and abandoning module QuadricMeshReduction (159)
[2017.11.01-11.54.01:367][121]LogModuleManager: Shutting down and abandoning module MaterialBaking (155)
[2017.11.01-11.54.01:367][121]LogModuleManager: Shutting down and abandoning module DirectoryWatcher (152)
[2017.11.01-11.54.01:367][121]LogDirectoryWatcher: A directory notification for 'D:/Unreal Engine/UE_4.17/Templates/TemplateResources/High/Geometry/Content' was aborted.
[2017.11.01-11.54.01:368][121]LogModuleManager: Shutting down and abandoning module DerivedDataCache (150)
[2017.11.01-11.54.01:448][121]LogDerivedDataCache: Shutdown
[2017.11.01-11.54.01:448][121]LogModuleManager: Shutting down and abandoning module TargetPlatform (148)
[2017.11.01-11.54.01:448][121]LogModuleManager: Shutting down and abandoning module VulkanShaderFormat (147)
[2017.11.01-11.54.01:448][121]LogModuleManager: Shutting down and abandoning module ShaderFormatVectorVM (145)
[2017.11.01-11.54.01:448][121]LogModuleManager: Shutting down and abandoning module ShaderFormatOpenGL (143)
[2017.11.01-11.54.01:448][121]LogModuleManager: Shutting down and abandoning module ShaderFormatD3D (141)
[2017.11.01-11.54.01:448][121]LogModuleManager: Shutting down and abandoning module MetalShaderFormat (139)
[2017.11.01-11.54.01:448][121]LogModuleManager: Shutting down and abandoning module TextureFormatUncompressed (137)
[2017.11.01-11.54.01:448][121]LogModuleManager: Shutting down and abandoning module TextureFormatPVR (135)
[2017.11.01-11.54.01:448][121]LogModuleManager: Shutting down and abandoning module TextureFormatDXT (133)
[2017.11.01-11.54.01:448][121]LogModuleManager: Shutting down and abandoning module TextureFormatIntelISPCTexComp (131)
[2017.11.01-11.54.01:448][121]LogModuleManager: Shutting down and abandoning module TextureFormatASTC (129)
[2017.11.01-11.54.01:448][121]LogModuleManager: Shutting down and abandoning module ImageWrapper (128)
[2017.11.01-11.54.01:448][121]LogModuleManager: Shutting down and abandoning module TextureFormatAndroid (125)
[2017.11.01-11.54.01:448][121]LogModuleManager: Shutting down and abandoning module AudioFormatOpus (123)
[2017.11.01-11.54.01:448][121]LogModuleManager: Shutting down and abandoning module AudioFormatOgg (121)
[2017.11.01-11.54.01:448][121]LogModuleManager: Shutting down and abandoning module AudioFormatADPCM (119)
[2017.11.01-11.54.01:448][121]LogModuleManager: Shutting down and abandoning module LinuxTargetPlatform (117)
[2017.11.01-11.54.01:448][121]LogModuleManager: Shutting down and abandoning module LinuxServerTargetPlatform (115)
[2017.11.01-11.54.01:448][121]LogModuleManager: Shutting down and abandoning module LinuxNoEditorTargetPlatform (113)
[2017.11.01-11.54.01:448][121]LogModuleManager: Shutting down and abandoning module LinuxClientTargetPlatform (111)
[2017.11.01-11.54.01:448][121]LogModuleManager: Shutting down and abandoning module TVOSTargetPlatform (109)
[2017.11.01-11.54.01:448][121]LogModuleManager: Shutting down and abandoning module Messaging (107)
[2017.11.01-11.54.01:449][121]LogModuleManager: Shutting down and abandoning module IOSTargetPlatform (105)
[2017.11.01-11.54.01:449][121]LogModuleManager: Shutting down and abandoning module HTML5TargetPlatform (103)
[2017.11.01-11.54.01:449][121]LogModuleManager: Shutting down and abandoning module Android_PVRTCTargetPlatform (101)
[2017.11.01-11.54.01:449][121]LogModuleManager: Shutting down and abandoning module Android_MultiTargetPlatform (99)
[2017.11.01-11.54.01:449][121]LogModuleManager: Shutting down and abandoning module Android_ETC2TargetPlatform (97)
[2017.11.01-11.54.01:449][121]LogModuleManager: Shutting down and abandoning module Android_ETC1TargetPlatform (95)
[2017.11.01-11.54.01:449][121]LogModuleManager: Shutting down and abandoning module Android_DXTTargetPlatform (93)
[2017.11.01-11.54.01:449][121]LogModuleManager: Shutting down and abandoning module Android_ATCTargetPlatform (91)
[2017.11.01-11.54.01:449][121]LogModuleManager: Shutting down and abandoning module Android_ASTCTargetPlatform (89)
[2017.11.01-11.54.01:449][121]LogModuleManager: Shutting down and abandoning module AndroidTargetPlatform (87)
[2017.11.01-11.54.01:449][121]LogModuleManager: Shutting down and abandoning module WindowsTargetPlatform (85)
[2017.11.01-11.54.01:449][121]LogModuleManager: Shutting down and abandoning module WindowsServerTargetPlatform (83)
[2017.11.01-11.54.01:449][121]LogModuleManager: Shutting down and abandoning module WindowsNoEditorTargetPlatform (81)
[2017.11.01-11.54.01:449][121]LogModuleManager: Shutting down and abandoning module WindowsClientTargetPlatform (79)
[2017.11.01-11.54.01:449][121]LogModuleManager: Shutting down and abandoning module MacTargetPlatform (77)
[2017.11.01-11.54.01:449][121]LogModuleManager: Shutting down and abandoning module MacServerTargetPlatform (75)
[2017.11.01-11.54.01:449][121]LogModuleManager: Shutting down and abandoning module MacNoEditorTargetPlatform (73)
[2017.11.01-11.54.01:449][121]LogModuleManager: Shutting down and abandoning module MacClientTargetPlatform (71)
[2017.11.01-11.54.01:449][121]LogModuleManager: Shutting down and abandoning module AllDesktopTargetPlatform (69)
[2017.11.01-11.54.01:449][121]LogModuleManager: Shutting down and abandoning module InputCore (66)
[2017.11.01-11.54.01:449][121]LogModuleManager: Shutting down and abandoning module Settings (64)
[2017.11.01-11.54.01:449][121]LogModuleManager: Shutting down and abandoning module PhysXCooking (62)
[2017.11.01-11.54.01:449][121]LogModuleManager: Shutting down and abandoning module SteamVR (60)
[2017.11.01-11.54.01:449][121]LogModuleManager: Shutting down and abandoning module OculusHMD (58)
[2017.11.01-11.54.01:449][121]LogModuleManager: Shutting down and abandoning module ExampleDeviceProfileSelector (56)
[2017.11.01-11.54.01:449][121]LogModuleManager: Shutting down and abandoning module OnlineBlueprintSupport (54)
[2017.11.01-11.54.01:449][121]LogModuleManager: Shutting down and abandoning module OnlineSubsystem (50)
[2017.11.01-11.54.01:449][121]LogOnline: Display: OSS: FOnlineSubsystemNull::Shutdown()
[2017.11.01-11.54.01:449][121]LogOnline: Display: OSS: FOnlineAsyncTaskManager::Stop() ActiveTask:0000000000000000 Tasks[0/0]
[2017.11.01-11.54.01:450][121]LogOnline: Display: OSS: FOnlineAsyncTaskManager::Exit() started
[2017.11.01-11.54.01:450][121]LogOnline: Display: OSS: FOnlineAsyncTaskManager::Exit() finished
[2017.11.01-11.54.01:450][121]LogOnline: Display: Unloading online subsystem: STEAM
[2017.11.01-11.54.01:450][121]LogOnline: Display: Unloading online subsystem: NULL
[2017.11.01-11.54.01:450][121]LogOnline: Display: Unloading online subsystem: Oculus
[2017.11.01-11.54.01:450][121]LogModuleManager: Shutting down and abandoning module XMPP (43)
[2017.11.01-11.54.01:451][121]LogModuleManager: Shutting down and abandoning module HTTP (41)
[2017.11.01-11.54.01:451][121]LogHttp: Display: Http module shutting down, but needs to wait on 1 outstanding Http requests:
[2017.11.01-11.54.01:451][121]LogHttp: Display: 	verb=[POST] url=[https://datarouter.ol.epicgames.com/datarouter/api/v1/public/data?SessionID=%7B7FC7A610-4C24-2DDD-FA08-3B9AF46D71E0%7D&AppID=UEEditor.Rocket.Release&AppVersion=4.17.2-3658906%2B%2B%2BUE4%2BRelease-4.17&UserID=688d2740406febc21020a991a8c11272%7Cee95466cd6ab4edebc0b9ee0b4d96911%7C80954f3f-9a4b-4340-b0f4-8f5f8091e357&AppEnvironment=datacollector-binary&UploadType=eteventstream] status=Processing
[2017.11.01-11.54.01:461][121]LogModuleManager: Shutting down and abandoning module SSL (40)
[2017.11.01-11.54.01:462][121]LogModuleManager: Shutting down and abandoning module AnimationModifiers (36)
[2017.11.01-11.54.01:462][121]LogModuleManager: Shutting down and abandoning module PropertyEditor (35)
[2017.11.01-11.54.01:462][121]LogModuleManager: Shutting down and abandoning module AudioEditor (32)
[2017.11.01-11.54.01:462][121]LogModuleManager: Shutting down and abandoning module TextureCompressor (30)
[2017.11.01-11.54.01:462][121]LogModuleManager: Shutting down and abandoning module ShaderCore (28)
[2017.11.01-11.54.01:462][121]LogModuleManager: Shutting down and abandoning module Landscape (26)
[2017.11.01-11.54.01:462][121]LogModuleManager: Shutting down and abandoning module SlateRHIRenderer (24)
[2017.11.01-11.54.01:463][121]LogModuleManager: Shutting down and abandoning module OpenGLDrv (22)
[2017.11.01-11.54.01:463][121]LogModuleManager: Shutting down and abandoning module D3D11RHI (20)
[2017.11.01-11.54.01:463][121]LogModuleManager: Shutting down and abandoning module AnimGraphRuntime (18)
[2017.11.01-11.54.01:463][121]LogModuleManager: Shutting down and abandoning module Renderer (16)
[2017.11.01-11.54.01:463][121]LogModuleManager: Shutting down and abandoning module Engine (14)
[2017.11.01-11.54.01:463][121]LogModuleManager: Shutting down and abandoning module CoreUObject (12)
[2017.11.01-11.54.01:463][121]LogModuleManager: Shutting down and abandoning module NetworkFile (10)
[2017.11.01-11.54.01:463][121]LogModuleManager: Shutting down and abandoning module CookedIterativeFile (8)
[2017.11.01-11.54.01:463][121]LogModuleManager: Shutting down and abandoning module StreamingFile (6)
[2017.11.01-11.54.01:463][121]LogModuleManager: Shutting down and abandoning module SandboxFile (4)
[2017.11.01-11.54.01:463][121]LogModuleManager: Shutting down and abandoning module PakFile (2)
[2017.11.01-11.54.01:466][121]LogExit: Exiting.
[2017.11.01-11.54.01:482][121]Log file closed, 11/02/17 00:54:01
