Log file open, 11/02/17 14:37:30
LogWindows: Failed to load 'aqProf.dll' (GetLastError=126)
LogWindows: File 'aqProf.dll' does not exist
LogWindows: Failed to load 'VtuneApi.dll' (GetLastError=126)
LogWindows: File 'VtuneApi.dll' does not exist
LogWindows: Failed to load 'VtuneApi32e.dll' (GetLastError=126)
LogWindows: File 'VtuneApi32e.dll' does not exist
LogInit: Display: Running engine for game: Proteus
LogPlatformFile: Not using cached read wrapper
LogInit: Display: RandInit(-1467024696) SRandInit(-1467024696).
LogTaskGraph: Started task graph with 5 named threads and 14 total threads with 3 sets of task threads.
LogStats: Stats thread started at 0.160626
LogD3D11RHI: Aftermath initialized
LogPluginManager: Mounting plugin Paper2D
LogPluginManager: Mounting plugin LightPropagationVolume
LogPluginManager: Mounting plugin CodeLiteSourceCodeAccess
LogPluginManager: Mounting plugin GitSourceControl
LogPluginManager: Mounting plugin KDevelopSourceCodeAccess
LogPluginManager: Mounting plugin NullSourceCodeAccess
LogPluginManager: Mounting plugin PerforceSourceControl
LogPluginManager: Mounting plugin SubversionSourceControl
LogPluginManager: Mounting plugin UObjectPlugin
LogPluginManager: Mounting plugin VisualStudioSourceCodeAccess
LogPluginManager: Mounting plugin XCodeSourceCodeAccess
LogPluginManager: Mounting plugin AssetManagerEditor
LogPluginManager: Mounting plugin AudioCapture
LogPluginManager: Mounting plugin FacialAnimation
LogPluginManager: Mounting plugin GameplayTagsEditor
LogPluginManager: Mounting plugin MobileLauncherProfileWizard
LogPluginManager: Mounting plugin PluginBrowser
LogPluginManager: Mounting plugin SpeedTreeImporter
LogPluginManager: Mounting plugin AlembicImporter
LogPluginManager: Mounting plugin CharacterAI
LogPluginManager: Mounting plugin HTML5Networking
LogPluginManager: Mounting plugin RunebergVRPlugin
LogPluginManager: Mounting plugin AndroidMedia
LogPluginManager: Mounting plugin AvfMedia
LogPluginManager: Mounting plugin MediaPlayerEditor
LogPluginManager: Mounting plugin WmfMedia
LogPluginManager: Mounting plugin TcpMessaging
LogPluginManager: Mounting plugin UdpMessaging
LogPluginManager: Mounting plugin LevelSequenceEditor
LogPluginManager: Mounting plugin MatineeToLevelSequence
LogPluginManager: Mounting plugin OnlineSubsystem
LogPluginManager: Mounting plugin OnlineSubsystemNull
LogPluginManager: Mounting plugin OnlineSubsystemOculus
LogPluginManager: Mounting plugin OnlineSubsystemSteam
LogPluginManager: Mounting plugin OnlineSubsystemUtils
LogPluginManager: Mounting plugin AndroidDeviceProfileSelector
LogPluginManager: Mounting plugin AndroidMoviePlayer
LogPluginManager: Mounting plugin AndroidPermission
LogPluginManager: Mounting plugin AppleMoviePlayer
LogPluginManager: Mounting plugin ArchVisCharacter
LogPluginManager: Mounting plugin CableComponent
LogPluginManager: Mounting plugin CustomMeshComponent
LogPluginManager: Mounting plugin ExampleDeviceProfileSelector
LogPluginManager: Mounting plugin GoogleCloudMessaging
LogPluginManager: Mounting plugin ImmediatePhysics
LogPluginManager: Mounting plugin IOSDeviceProfileSelector
LogPluginManager: Mounting plugin LinuxDeviceProfileSelector
LogPluginManager: Mounting plugin LocationServicesBPLibrary
LogPluginManager: Mounting plugin MobilePatchingUtils
LogPluginManager: Mounting plugin OculusVR
LogPluginManager: Mounting plugin PhysXVehicles
LogPluginManager: Mounting plugin ProceduralMeshComponent
LogPluginManager: Mounting plugin RuntimePhysXCooking
LogPluginManager: Mounting plugin SteamVR
LogPluginManager: Mounting plugin WindowsMoviePlayer
LogInit: Using libcurl 7.47.1
LogInit:  - built for x86_64-pc-win32
LogInit:  - supports SSL with OpenSSL/1.0.2g
LogInit:  - supports HTTP deflate (compression) using libz 1.2.8
LogInit:  - other features:
LogInit:      CURL_VERSION_SSL
LogInit:      CURL_VERSION_LIBZ
LogInit:      CURL_VERSION_IPV6
LogInit:      CURL_VERSION_ASYNCHDNS
LogInit:      CURL_VERSION_LARGEFILE
LogInit:      CURL_VERSION_IDN
LogInit:  CurlRequestOptions (configurable via config and command line):
LogInit:  - bVerifyPeer = false  - Libcurl will NOT verify peer certificate
LogInit:  - bUseHttpProxy = false  - Libcurl will NOT use HTTP proxy
LogInit:  - bDontReuseConnections = false  - Libcurl will reuse connections
LogInit:  - CertBundlePath = nullptr  - Libcurl will use whatever was configured at build time.
LogOnline: Display: STEAM: Loading Steam SDK 1.39
LogOnline: Warning: STEAM: Steam API disabled!
LogOnline: Display: STEAM: OnlineSubsystemSteam::Shutdown()
LogInit: WinSock: version 1.1 (2.2), MaxSocks=32767, MaxUdp=65467
LogInit: Build: ++UE4+Release-4.17-CL-3658906
LogInit: Engine Version: 4.17.2-3658906+++UE4+Release-4.17
LogInit: Compatible Engine Version: 4.17.0-3573198+++UE4+Release-4.17
LogInit: Net CL: 3573198
LogDevObjectVersion: Number of dev versions registered: 16
LogDevObjectVersion:   Dev-Blueprints (B0D832E4-1F89-4F0D-ACCF-7EB736FD4AA2): 10
LogDevObjectVersion:   Dev-Build (E1C64328-A22C-4D53-A36C-8E866417BD8C): 0
LogDevObjectVersion:   Dev-Core (375EC13C-06E4-48FB-B500-84F0262A717E): 2
LogDevObjectVersion:   Dev-Editor (E4B068ED-F494-42E9-A231-DA0B2E46BB41): 20
LogDevObjectVersion:   Dev-Framework (CFFC743F-43B0-4480-9391-14DF171D2073): 28
LogDevObjectVersion:   Dev-Mobile (B02B49B5-BB20-44E9-A304-32B752E40360): 0
LogDevObjectVersion:   Dev-Networking (A4E4105C-59A1-49B5-A7C5-40C4547EDFEE): 0
LogDevObjectVersion:   Dev-Online (39C831C9-5AE6-47DC-9A44-9C173E1C8E7C): 0
LogDevObjectVersion:   Dev-Physics (78F01B33-EBEA-4F98-B9B4-84EACCB95AA2): 0
LogDevObjectVersion:   Dev-Platform (6631380F-2D4D-43E0-8009-CF276956A95A): 0
LogDevObjectVersion:   Dev-Rendering (12F88B9F-8875-4AFC-A67C-D90C383ABD29): 19
LogDevObjectVersion:   Dev-Sequencer (7B5AE74C-D270-4C10-A958-57980B212A5A): 4
LogDevObjectVersion:   Dev-VR (D7296918-1DD6-4BDD-9DE2-64A83CC13884): 0
LogDevObjectVersion:   Dev-LoadTimes (C2A15278-BFE7-4AFE-6C17-90FF531DF755): 1
LogDevObjectVersion:   Private-Geometry (6EACA3D4-40EC-4CC1-B786-8BED09428FC5): 1
LogDevObjectVersion:   Dev-AnimPhys (29E575DD-E0A3-4627-9D10-D276232CDCEA): 7
LogInit: Compiled (64-bit): Sep 22 2017 13:47:16
LogInit: Compiled with Visual C++: 19.00.24215.01
LogInit: Build Configuration: Development
LogInit: Branch Name: ++UE4+Release-4.17
LogInit: Command line: -EpicPortal 
LogInit: Base directory: D:/Unreal Engine/UE_4.17/Engine/Binaries/Win64/
LogInit: Installed Engine Build: 1
LogInit: Presizing for max 8388607 objects, including 0 objects not considered by GC, pre-allocating 0 bytes for permanent pool.
LogInit: Object subsystem initialized
[2017.11.02-01.37.31:043][  0]LogInit: Selected Device Profile: [Windows]
[2017.11.02-01.37.31:044][  0]LogInit: Applying CVar settings loaded from the selected device profile: [Windows]
[2017.11.02-01.37.31:055][  0]LogInit: Computer: DESKTOP-SOJBPKL
[2017.11.02-01.37.31:055][  0]LogInit: User: yche5
[2017.11.02-01.37.31:055][  0]LogInit: CPU Page size=4096, Cores=4
[2017.11.02-01.37.31:055][  0]LogInit: High frequency timer resolution =2.531254 MHz
[2017.11.02-01.37.31:055][  0]LogMemory: Memory total: Physical=15.9GB (16GB approx)
[2017.11.02-01.37.31:055][  0]LogMemory: Platform Memory Stats for Windows
[2017.11.02-01.37.31:055][  0]LogMemory: Process Physical Memory: 281.81 MB used, 281.81 MB peak
[2017.11.02-01.37.31:055][  0]LogMemory: Process Virtual Memory: 286.63 MB used, 286.63 MB peak
[2017.11.02-01.37.31:055][  0]LogMemory: Physical Memory: 5696.67 MB used,  10623.12 MB free, 16319.79 MB total
[2017.11.02-01.37.31:055][  0]LogMemory: Virtual Memory: 684.13 MB used,  10623.12 MB free, 134217728.00 MB total
[2017.11.02-01.37.31:156][  0]LogInit: Using OS detected language (en-US).
[2017.11.02-01.37.31:156][  0]LogInit: Using OS detected locale (en-NZ).
[2017.11.02-01.37.31:158][  0]LogTextLocalizationManager: No specific localization for 'en-US' exists, so the 'en' localization will be used.
[2017.11.02-01.37.31:797][  0]LogD3D11RHI: D3D11 adapters:
[2017.11.02-01.37.31:842][  0]LogD3D11RHI:    0. 'NVIDIA GeForce GTX 1060' (Feature Level 11_0)
[2017.11.02-01.37.31:842][  0]LogD3D11RHI:       6084/0/8159 MB DedicatedVideo/DedicatedSystem/SharedSystem, Outputs:1, VendorId:0x10de
[2017.11.02-01.37.31:843][  0]LogD3D11RHI:    1. 'Microsoft Basic Render Driver' (Feature Level 11_0)
[2017.11.02-01.37.31:843][  0]LogD3D11RHI:       0/0/8159 MB DedicatedVideo/DedicatedSystem/SharedSystem, Outputs:0, VendorId:0x1414
[2017.11.02-01.37.31:843][  0]LogD3D11RHI: Chosen D3D11 Adapter: 0
[2017.11.02-01.37.31:848][  0]LogD3D11RHI: Creating new Direct3DDevice
[2017.11.02-01.37.31:848][  0]LogD3D11RHI:     GPU DeviceId: 0x1c60 (for the marketing name, search the web for "GPU Device Id")
[2017.11.02-01.37.31:848][  0]LogWindows: EnumDisplayDevices:
[2017.11.02-01.37.31:849][  0]LogWindows:    0. 'NVIDIA GeForce GTX 1060' (P:1 D:1)
[2017.11.02-01.37.31:849][  0]LogWindows:    1. 'NVIDIA GeForce GTX 1060' (P:0 D:0)
[2017.11.02-01.37.31:849][  0]LogWindows:    2. 'NVIDIA GeForce GTX 1060' (P:0 D:0)
[2017.11.02-01.37.31:849][  0]LogWindows:    3. 'NVIDIA GeForce GTX 1060' (P:0 D:0)
[2017.11.02-01.37.31:849][  0]LogWindows: DebugString: FoundDriverCount:4 
[2017.11.02-01.37.31:849][  0]LogD3D11RHI:     Adapter Name: NVIDIA GeForce GTX 1060
[2017.11.02-01.37.31:849][  0]LogD3D11RHI:   Driver Version: 381.78 (internal:22.21.13.8178, unified:381.78)
[2017.11.02-01.37.31:849][  0]LogD3D11RHI:      Driver Date: 4-12-2017
[2017.11.02-01.37.31:849][  0]LogRHI: Texture pool is 1361 MB (70% of 1945 MB)
[2017.11.02-01.37.31:883][  0]LogD3D11RHI: Async texture creation enabled
[2017.11.02-01.37.31:893][  0]LogD3D11RHI: GPU Timing Frequency: 1000.000000 (Debug: 2 1)
[2017.11.02-01.37.31:935][  0]LogShaderCompilers: Guid format shader working directory is -5 characters bigger than the processId version (../../../../../dev/Estrellis/ProteusTemplate-master/Intermediate/Shaders/WorkingDirectory/1400/).
[2017.11.02-01.37.31:936][  0]LogShaderCompilers: Cleaned the shader compiler working directory 'C:/Users/yche5/AppData/Local/Temp/UnrealShaderWorkingDir/EE9936C742D9540164FEBEA1599A684C/'.
[2017.11.02-01.37.31:936][  0]LogShaderCompilers: Display: Using Local Shader Compiler.
[2017.11.02-01.37.32:808][  0]LogTemp: Display: Loaded TP AllDesktopTargetPlatform
[2017.11.02-01.37.32:845][  0]LogTemp: Display: Loaded TP MacClientTargetPlatform
[2017.11.02-01.37.32:880][  0]LogTemp: Display: Loaded TP MacNoEditorTargetPlatform
[2017.11.02-01.37.32:916][  0]LogTemp: Display: Loaded TP MacServerTargetPlatform
[2017.11.02-01.37.32:954][  0]LogTemp: Display: Loaded TP MacTargetPlatform
[2017.11.02-01.37.32:990][  0]LogTemp: Display: Loaded TP WindowsClientTargetPlatform
[2017.11.02-01.37.33:026][  0]LogTemp: Display: Loaded TP WindowsNoEditorTargetPlatform
[2017.11.02-01.37.33:061][  0]LogTemp: Display: Loaded TP WindowsServerTargetPlatform
[2017.11.02-01.37.33:089][  0]LogTemp: Display: Loaded TP WindowsTargetPlatform
[2017.11.02-01.37.33:127][  0]LogTemp: Display: Loaded TP AndroidTargetPlatform
[2017.11.02-01.37.33:164][  0]LogTemp: Display: Loaded TP Android_ASTCTargetPlatform
[2017.11.02-01.37.33:199][  0]LogTemp: Display: Loaded TP Android_ATCTargetPlatform
[2017.11.02-01.37.33:235][  0]LogTemp: Display: Loaded TP Android_DXTTargetPlatform
[2017.11.02-01.37.33:278][  0]LogTemp: Display: Loaded TP Android_ETC1TargetPlatform
[2017.11.02-01.37.33:328][  0]LogTemp: Display: Loaded TP Android_ETC2TargetPlatform
[2017.11.02-01.37.33:403][  0]LogTemp: Display: Loaded TP Android_MultiTargetPlatform
[2017.11.02-01.37.33:403][  0]LogTemp: Display: Loaded TP Android_PVRTCTargetPlatform
[2017.11.02-01.37.33:428][  0]LogTemp: Display: Loaded TP HTML5TargetPlatform
[2017.11.02-01.37.33:501][  0]LogTemp: Display: Loaded TP IOSTargetPlatform
[2017.11.02-01.37.33:528][  0]LogTemp: Display: Loaded TP TVOSTargetPlatform
[2017.11.02-01.37.33:574][  0]LogTemp: Display: Loaded TP LinuxClientTargetPlatform
[2017.11.02-01.37.33:625][  0]LogTemp: Display: Loaded TP LinuxNoEditorTargetPlatform
[2017.11.02-01.37.33:669][  0]LogTemp: Display: Loaded TP LinuxServerTargetPlatform
[2017.11.02-01.37.33:707][  0]LogTemp: Display: Loaded TP LinuxTargetPlatform
[2017.11.02-01.37.33:707][  0]LogTargetPlatformManager: Display: Building Assets For Windows
[2017.11.02-01.37.34:051][  0]LogDerivedDataCache: Display: Max Cache Size: 512 MB
[2017.11.02-01.37.34:153][  0]LogDerivedDataCache: Loaded boot cache 0.10s 93MB C:/Users/yche5/AppData/Local/UnrealEngine/4.17/DerivedDataCache/Boot.ddc.
[2017.11.02-01.37.34:153][  0]LogDerivedDataCache: Display: Loaded Boot cache: C:/Users/yche5/AppData/Local/UnrealEngine/4.17/DerivedDataCache/Boot.ddc
[2017.11.02-01.37.34:153][  0]LogDerivedDataCache: FDerivedDataBackendGraph:  Pak pak cache file ../../../../../dev/Estrellis/ProteusTemplate-master/DerivedDataCache/DDC.ddp not found, will not use a pak cache.
[2017.11.02-01.37.34:153][  0]LogDerivedDataCache: Unable to find inner node Pak for hierarchical cache Hierarchy.
[2017.11.02-01.37.34:153][  0]LogDerivedDataCache: FDerivedDataBackendGraph:  CompressedPak pak cache file ../../../../../dev/Estrellis/ProteusTemplate-master/DerivedDataCache/Compressed.ddp not found, will not use a pak cache.
[2017.11.02-01.37.34:153][  0]LogDerivedDataCache: Unable to find inner node CompressedPak for hierarchical cache Hierarchy.
[2017.11.02-01.37.34:169][  0]LogDerivedDataCache: Display: Pak cache opened for reading ../../../Engine/DerivedDataCache/Compressed.ddp.
[2017.11.02-01.37.34:182][  0]LogDerivedDataCache: Using Local data cache path C:/Users/yche5/AppData/Local/UnrealEngine/Common/DerivedDataCache: Writable
[2017.11.02-01.37.34:195][  0]LogMaterial: Verifying Global Shaders for PCD3D_SM5
[2017.11.02-01.37.34:196][  0]LogSlate: Using Freetype 2.6.0
[2017.11.02-01.37.34:196][  0]LogSlate: SlateFontCache - WITH_FREETYPE: 1, WITH_HARFBUZZ: 1
[2017.11.02-01.37.34:197][  0]LogSlate: SlateFontCache - WITH_FREETYPE: 1, WITH_HARFBUZZ: 1
[2017.11.02-01.37.34:453][  0]LogAssetRegistry: FAssetRegistry took 0.0268 seconds to start up
[2017.11.02-01.37.34:560][  0]LogInit: Selected Device Profile: [Windows]
[2017.11.02-01.37.34:857][  0]LogSimplygon: Simplygon DLL not present - disabling.
[2017.11.02-01.37.34:886][  0]LogMeshReduction: Using SimplygonSwarm for distributed automatic mesh merging
[2017.11.02-01.37.34:886][  0]LogMeshReduction: Using QuadricMeshReduction for automatic static mesh reduction
[2017.11.02-01.37.34:886][  0]LogMeshReduction: No automatic skeletal mesh reduction module available
[2017.11.02-01.37.34:886][  0]LogMeshReduction: No automatic mesh merging module available
[2017.11.02-01.37.34:886][  0]LogMeshMerging: No automatic mesh merging module available
[2017.11.02-01.37.34:887][  0]LogContentStreaming: Texture pool size is 0.00 MB
[2017.11.02-01.37.35:445][  0]LogNetVersion: Proteus , NetCL: 3573198, EngineNetVer: 2, GameNetVer: 0 (Checksum: 389468371)
[2017.11.02-01.37.35:648][  0]LogPackageLocalizationCache: Processed 6 localized package path(s) for 2 prioritized culture(s) in 0.040215 seconds
[2017.11.02-01.37.35:654][  0]LogUObjectArray: 35832 objects as part of root set at end of initial load.
[2017.11.02-01.37.35:654][  0]LogUObjectAllocator: 7742872 out of 0 bytes used by permanent object pool.
[2017.11.02-01.37.35:654][  0]LogUObjectArray: CloseDisregardForGC: 0/0 objects in disregard for GC pool
[2017.11.02-01.37.37:721][  0]LogTcpMessaging: Initializing TcpMessaging bridge
[2017.11.02-01.37.37:756][  0]LogUdpMessaging: Initializing bridge on interface 0.0.0.0:0 to multicast group 230.0.0.1:6666.
[2017.11.02-01.37.38:176][  0]LogMaterial: Missing cached shader map for material BaseColor, compiling. 
[2017.11.02-01.37.38:176][  0]LogMaterial: Warning: Failed to compile Material /Engine/BufferVisualization/BaseColor.BaseColor for platform PCD3D_SM5, Default Material will be used in game.
[2017.11.02-01.37.38:176][  0]LogMaterial: Warning: 	(Node SceneTexture) GBuffer scene textures not available with forward shading.
[2017.11.02-01.37.38:206][  0]LogMaterial: Uniform references updated for custom material expression Custom.
[2017.11.02-01.37.38:230][  0]LogMaterial: Missing cached shader map for material LightingModel, compiling. 
[2017.11.02-01.37.38:230][  0]LogMaterial: Warning: Failed to compile Material /Engine/BufferVisualization/LightingModel.LightingModel for platform PCD3D_SM5, Default Material will be used in game.
[2017.11.02-01.37.38:230][  0]LogMaterial: Warning: 	(Node SceneTexture) GBuffer scene textures not available with forward shading.
[2017.11.02-01.37.38:233][  0]LogMaterial: Missing cached shader map for material MaterialAO, compiling. 
[2017.11.02-01.37.38:233][  0]LogMaterial: Warning: Failed to compile Material /Engine/BufferVisualization/MaterialAO.MaterialAO for platform PCD3D_SM5, Default Material will be used in game.
[2017.11.02-01.37.38:233][  0]LogMaterial: Warning: 	(Node SceneTexture) GBuffer scene textures not available with forward shading.
[2017.11.02-01.37.38:236][  0]LogMaterial: Missing cached shader map for material Metallic, compiling. 
[2017.11.02-01.37.38:237][  0]LogMaterial: Warning: Failed to compile Material /Engine/BufferVisualization/Metallic.Metallic for platform PCD3D_SM5, Default Material will be used in game.
[2017.11.02-01.37.38:237][  0]LogMaterial: Warning: 	(Node SceneTexture) GBuffer scene textures not available with forward shading.
[2017.11.02-01.37.38:240][  0]LogMaterial: Missing cached shader map for material Opacity, compiling. 
[2017.11.02-01.37.38:240][  0]LogMaterial: Warning: Failed to compile Material /Engine/BufferVisualization/Opacity.Opacity for platform PCD3D_SM5, Default Material will be used in game.
[2017.11.02-01.37.38:240][  0]LogMaterial: Warning: 	(Node SceneTexture) GBuffer scene textures not available with forward shading.
[2017.11.02-01.37.38:243][  0]LogMaterial: Missing cached shader map for material Roughness, compiling. 
[2017.11.02-01.37.38:244][  0]LogMaterial: Warning: Failed to compile Material /Engine/BufferVisualization/Roughness.Roughness for platform PCD3D_SM5, Default Material will be used in game.
[2017.11.02-01.37.38:244][  0]LogMaterial: Warning: 	(Node SceneTexture) GBuffer scene textures not available with forward shading.
[2017.11.02-01.37.38:290][  0]LogMaterial: Missing cached shader map for material Specular, compiling. 
[2017.11.02-01.37.38:290][  0]LogMaterial: Warning: Failed to compile Material /Engine/BufferVisualization/Specular.Specular for platform PCD3D_SM5, Default Material will be used in game.
[2017.11.02-01.37.38:290][  0]LogMaterial: Warning: 	(Node SceneTexture) GBuffer scene textures not available with forward shading.
[2017.11.02-01.37.38:293][  0]LogMaterial: Missing cached shader map for material SubsurfaceColor, compiling. 
[2017.11.02-01.37.38:293][  0]LogMaterial: Warning: Failed to compile Material /Engine/BufferVisualization/SubsurfaceColor.SubsurfaceColor for platform PCD3D_SM5, Default Material will be used in game.
[2017.11.02-01.37.38:293][  0]LogMaterial: Warning: 	(Node SceneTexture) GBuffer scene textures not available with forward shading.
[2017.11.02-01.37.38:296][  0]LogMaterial: Missing cached shader map for material WorldNormal, compiling. 
[2017.11.02-01.37.38:296][  0]LogMaterial: Warning: Failed to compile Material /Engine/BufferVisualization/WorldNormal.WorldNormal for platform PCD3D_SM5, Default Material will be used in game.
[2017.11.02-01.37.38:296][  0]LogMaterial: Warning: 	(Node SceneTexture) GBuffer scene textures not available with forward shading.
[2017.11.02-01.37.38:571][  0]SourceControl: Source control is disabled
[2017.11.02-01.37.38:571][  0]SourceControl: Source control is disabled
[2017.11.02-01.37.38:602][  0]SourceControl: Source control is disabled
[2017.11.02-01.37.38:631][  0]SourceControl: Source control is disabled
[2017.11.02-01.37.39:043][  0]LogAndroidPermission: UAndroidPermissionCallbackProxy::GetInstance
[2017.11.02-01.37.39:198][  0]LogOcInput: OculusInput pre-init called
[2017.11.02-01.37.39:390][  0]LogEngine: Initializing Engine...
[2017.11.02-01.37.39:407][  0]LogHMD: Failed to initialize OpenVR with code 126
[2017.11.02-01.37.39:755][  0]LogStats: UGameplayTagsManager::ConstructGameplayTagTree: Construct from data asset -  0.000 s
[2017.11.02-01.37.39:755][  0]LogStats: UGameplayTagsManager::ConstructGameplayTagTree: GameplayTagTreeChangedEvent.Broadcast -  0.000 s
[2017.11.02-01.37.39:839][  0]LogAIModule: Creating AISystem for world Untitled
[2017.11.02-01.37.39:843][  0]LogInit: XAudio2 using 'Speakers (Realtek High Definition Audio)' : 2 channels at 48 kHz using 32 bits per sample (channel mask 0x3)
[2017.11.02-01.37.39:880][  0]LogInit: FAudioDevice initialized.
[2017.11.02-01.37.39:978][  0]LogDerivedDataCache: Saved boot cache 0.10s 107MB C:/Users/yche5/AppData/Local/UnrealEngine/4.17/DerivedDataCache/Boot.ddc.
[2017.11.02-01.37.39:993][  0]LogInit: Texture streaming: Enabled
[2017.11.02-01.37.40:070][  0]LogEngineSessionManager: EngineSessionManager initialized
[2017.11.02-01.37.40:210][  0]LogInit: Transaction tracking system initialized
[2017.11.02-01.37.40:424][  0]BlueprintLog: New page: Editor Load
[2017.11.02-01.37.41:050][  0]LocalizationService: Localization service is disabled
[2017.11.02-01.37.41:452][  0]LogLinker: Warning: Can't find file '/Game/ThirdPersonBP/ThirdPersonOverview'
[2017.11.02-01.37.41:452][  0]LogLinker: Warning: Can't find file '/Game/ThirdPersonBP/ThirdPersonOverview'
[2017.11.02-01.37.41:452][  0]LogUObjectGlobals: Warning: Failed to find object 'Class /Game/ThirdPersonBP/ThirdPersonOverview.ThirdPersonOverview_C'
[2017.11.02-01.37.41:587][  0]LogConsoleResponse: Display: 
[2017.11.02-01.37.41:756][  0]LogCook: Display: Max memory allowance for cook 16384mb min free memory 0mb
[2017.11.02-01.37.41:756][  0]LogCook: Display: Mobile HDR setting 1
[2017.11.02-01.37.41:757][  0]LogGameplayTags: Display: UGameplayTagsManager::DoneAddingNativeTags. DelegateIsBound: 0
[2017.11.02-01.37.41:851][  0]LogFileCache: Scanning file cache for directory 'D:/dev/Estrellis/ProteusTemplate-master/Content/' took 0.01s
[2017.11.02-01.37.42:475][  0]SourceControl: Source control is disabled
[2017.11.02-01.37.42:475][  0]Cmd: MAP LOAD FILE="../../../../../dev/Estrellis/ProteusTemplate-master/Content/Proteus_Multi/MainMenu.umap" TEMPLATE=0 SHOWPROGRESS=1 FEATURELEVEL=3
[2017.11.02-01.37.42:475][  0]LightingResults: New page: Lighting Build
[2017.11.02-01.37.42:502][  0]MapCheck: New page: Map Check
[2017.11.02-01.37.42:502][  0]LightingResults: New page: Lighting Build
[2017.11.02-01.37.44:345][  0]LogBlueprint: Warning: [IPConnectMenu] 'GameInstanceRef' variable not found. Base class was probably changed.
[2017.11.02-01.37.45:441][  0]LogMaterial: Uniform references updated for custom material expression Custom.
[2017.11.02-01.37.46:833][  0]LogAIModule: Creating AISystem for world MainMenu
[2017.11.02-01.37.46:855][  0]LogEditorServer: Finished looking for orphan Actors (0.000 secs)
[2017.11.02-01.37.46:895][  0]Cmd: MAP CHECKDEP NOCLEARLOG
[2017.11.02-01.37.46:946][  0]MapCheck: Map check complete: 0 Error(s), 0 Warning(s), took 50.888ms to complete.
[2017.11.02-01.37.46:946][  0]LogFileHelpers: Loading map 'MainMenu' took 4.473
[2017.11.02-01.37.47:085][  0]LogCollectionManager: Loaded 0 collections in 0.000881 seconds
[2017.11.02-01.37.47:148][  0]LogFileCache: Scanning file cache for directory 'D:/dev/Estrellis/ProteusTemplate-master/Saved/Collections/' took 0.01s
[2017.11.02-01.37.47:148][  0]LogFileCache: Scanning file cache for directory 'D:/dev/Estrellis/ProteusTemplate-master/Content/Developers/yche5/Collections/' took 0.01s
[2017.11.02-01.37.47:148][  0]LogFileCache: Scanning file cache for directory 'D:/dev/Estrellis/ProteusTemplate-master/Content/Collections/' took 0.01s
[2017.11.02-01.37.47:148][  0]LogCollectionManager: Rebuilt the GUID cache for 0 collections in 0.000000 seconds
[2017.11.02-01.37.47:158][  0]LogContentBrowser: Native class hierarchy populated in 0.0097 seconds. Added 2405 classes and 509 folders.
[2017.11.02-01.37.47:205][  0]LogContentBrowser: Native class hierarchy updated for 'WidgetCarousel' in 0.0006 seconds. Added 0 classes and 0 folders.
[2017.11.02-01.37.47:237][  0]LogContentBrowser: Native class hierarchy updated for 'AddContentDialog' in 0.0007 seconds. Added 0 classes and 0 folders.
[2017.11.02-01.37.47:271][  0]LogContentBrowser: Native class hierarchy updated for 'SceneOutliner' in 0.0011 seconds. Added 1 classes and 2 folders.
[2017.11.02-01.37.48:507][  0]LogTemp: Executing iPhonePackager certificates Engine -bundlename com.YourCompany.Proteus
[2017.11.02-01.37.48:507][  0]LogTemp: CWD: D:\Unreal Engine\UE_4.17\Engine\Binaries\DotNET\IOS
[2017.11.02-01.37.48:507][  0]LogTemp: Initial Dir: D:\Unreal Engine\UE_4.17
[2017.11.02-01.37.48:507][  0]LogTemp: Env CWD: D:\Unreal Engine\UE_4.17\Engine\Binaries\DotNET\IOS
[2017.11.02-01.37.48:507][  0]LogSlate: Took 0.000398 seconds to synchronously load lazily loaded font '../../../Engine/Content/Slate/Fonts/Roboto-Regular.ttf' (155K)
[2017.11.02-01.37.48:511][  0]LogTemp: BranchPath = DESKTOP-SOJBPKL/D/Unreal Engine/UE_4.17/Engine/Binaries --- GameBranchPath = DESKTOP-SOJBPKL/D/Unreal Engine/UE_4.17/Engine/Binaries
[2017.11.02-01.37.48:511][  0]LogSlate: Took 0.000598 seconds to synchronously load lazily loaded font '../../../Engine/Content/Slate/Fonts/Roboto-Bold.ttf' (160K)
[2017.11.02-01.37.48:518][  0]LogSlate: Took 0.000192 seconds to synchronously load lazily loaded font '../../../Engine/Content/Editor/Slate/Fonts/FontAwesome.ttf' (139K)
[2017.11.02-01.37.48:628][  0]LogTemp: IPP ERROR: Could not find provision directory 'C:\Users\yche5\AppData\Local/Apple Computer/MobileDevice/Provisioning Profiles/'.
[2017.11.02-01.37.48:628][  0]LogRenderer: Reallocating scene render targets to support 1224x548 Format 10 NumSamples 4 (Frame:1).
[2017.11.02-01.37.48:832][  0]LogContentBrowser: Native class hierarchy updated for 'HierarchicalLODOutliner' in 0.0008 seconds. Added 1 classes and 2 folders.
[2017.11.02-01.37.48:833][  0]LogLoad: (Engine Initialization) Total time: 19.19 seconds
[2017.11.02-01.37.48:833][  0]LogLoad: (Engine Initialization) Total Blueprint compile time: 0.00 seconds
[2017.11.02-01.37.48:833][  0]LogExternalProfiler: Found external profiler: VSPerf
[2017.11.02-01.37.48:833][  0]LogExternalProfiler: Using external profiler: VSPerf
[2017.11.02-01.37.49:231][  0]LogContentStreaming: Texture pool size now 1000 MB
[2017.11.02-01.37.49:286][  0]LogSlate: Took 0.000136 seconds to synchronously load lazily loaded font '../../../Engine/Content/Slate/Fonts/Roboto-Light.ttf' (159K)
[2017.11.02-01.37.49:509][  1]LogFileCache: Retrieving MD5 hashes for directory 'D:/dev/Estrellis/ProteusTemplate-master/Content/' took 0.31s
[2017.11.02-01.37.49:531][  1]LogAssetRegistry: Asset discovery search completed in 15.1049 seconds
[2017.11.02-01.37.49:533][  1]LogCollectionManager: Rebuilt the object cache for 0 collections in 0.000000 seconds (found 0 objects)
[2017.11.02-01.37.49:533][  1]LogCollectionManager: Fixed up redirectors for 0 collections in 0.000055 seconds (updated 0 objects)
[2017.11.02-01.37.50:182][  3]PIE: Warning: Constraint in '/Engine/Transient.World_4:PersistentLevel.BP_InteractableActor_C_0.PhysicsConstraint' attempting to create a joint between objects that are both static.  No joint created.
[2017.11.02-01.37.50:190][  3]LogSlate: Took 0.000237 seconds to synchronously load lazily loaded font '../../../Engine/Content/Slate/Fonts/Roboto-Light.ttf' (159K)
[2017.11.02-01.37.52:644][ 85]LogSlate: Took 0.000238 seconds to synchronously load lazily loaded font '../../../Engine/Content/Slate/Fonts/Roboto-Light.ttf' (159K)
[2017.11.02-01.37.52:955][ 85]LogContentBrowser: Native class hierarchy updated for 'BlueprintGraph' in 0.0010 seconds. Added 113 classes and 0 folders.
[2017.11.02-01.37.54:588][ 85]LogSlate: Took 0.000173 seconds to synchronously load lazily loaded font '../../../Engine/Content/Editor/Slate/Fonts/Roboto-BoldCondensed.ttf' (158K)
[2017.11.02-01.37.54:675][ 86]LogSlate: Took 0.000243 seconds to synchronously load lazily loaded font '../../../Engine/Content/Editor/Slate/Fonts/Roboto-Italic.ttf' (157K)
[2017.11.02-01.37.59:731][387]LogTemp: Repeating last play command: New Editor Window (PIE)
[2017.11.02-01.37.59:790][387]LogBlueprintUserMessages: Early PlayInEditor Detection: Level '/Game/Proteus_Multi/MainMenu.MainMenu:PersistentLevel' has LevelScriptBlueprint '/Game/Proteus_Multi/MainMenu.MainMenu:PersistentLevel.MainMenu' with GeneratedClass '/Game/Proteus_Multi/MainMenu.MainMenu_C' with ClassGeneratedBy '/Game/Proteus_Multi/MainMenu.MainMenu:PersistentLevel.MainMenu'
[2017.11.02-01.37.59:790][387]LogPlayLevel: PlayLevel: No blueprints needed recompiling
[2017.11.02-01.37.59:790][387]LogOnline: Display: OSS: FOnlineSubsystemNull::Shutdown()
[2017.11.02-01.37.59:790][387]LogOnline: Display: OSS: FOnlineAsyncTaskManager::Stop() ActiveTask:0000000000000000 Tasks[0/0]
[2017.11.02-01.37.59:791][387]LogOnline: Display: OSS: FOnlineAsyncTaskManager::Exit() started
[2017.11.02-01.37.59:791][387]LogOnline: Display: OSS: FOnlineAsyncTaskManager::Exit() finished
[2017.11.02-01.37.59:791][387]LogOnline: Warning: STEAM: Steam API disabled!
[2017.11.02-01.37.59:791][387]LogOnline: Display: STEAM: OnlineSubsystemSteam::Shutdown()
[2017.11.02-01.37.59:803][387]PIE: New page: PIE session: MainMenu (3/11/2017 3:37:59 am)
[2017.11.02-01.37.59:803][387]LogPlayLevel: Creating play world package: /Game/Proteus_Multi/UEDPIE_1_MainMenu
[2017.11.02-01.37.59:813][387]LogPlayLevel: PIE: StaticDuplicateObject took: (0.009805s)
[2017.11.02-01.37.59:814][387]LogAIModule: Creating AISystem for world MainMenu
[2017.11.02-01.37.59:814][387]LogPlayLevel: PIE: World Init took: (0.000729s)
[2017.11.02-01.37.59:814][387]LogPlayLevel: PIE: Created PIE world by copying editor world from /Game/Proteus_Multi/MainMenu.MainMenu to /Game/Proteus_Multi/UEDPIE_1_MainMenu.MainMenu (0.010967s)
[2017.11.02-01.37.59:839][387]LogInit: XAudio2 using 'Speakers (Realtek High Definition Audio)' : 2 channels at 48 kHz using 32 bits per sample (channel mask 0x3)
[2017.11.02-01.37.59:851][387]LogInit: FAudioDevice initialized.
[2017.11.02-01.37.59:913][387]LogLoad: Game class is 'MainMenuGM_C'
[2017.11.02-01.37.59:919][387]LogWorld: Bringing World /Game/Proteus_Multi/UEDPIE_1_MainMenu.MainMenu up for play (max tick rate 60) at 2017.11.02-14.37.59
[2017.11.02-01.37.59:919][387]LogWorld: Bringing up level for play took: 0.003388
[2017.11.02-01.37.59:976][387]LogVoiceEncode: Display: EncoderVersion: libopus 1.1-beta
[2017.11.02-01.37.59:976][387]LogVoiceEncode: Error: StartLocalVoiceProcessing(): Device is currently owned by another user
[2017.11.02-01.38.00:002][387]LogContentBrowser: Native class hierarchy updated for 'MovieSceneCapture' in 0.0007 seconds. Added 11 classes and 0 folders.
[2017.11.02-01.38.00:003][387]LogBlueprintUserMessages: [MainMenuGM_C_0] Server: VR is disabled
[2017.11.02-01.38.00:005][387]LogTemp: Display: ParseSettings for GameNetDriver
[2017.11.02-01.38.00:005][387]LogTemp: Display: ParseSettings for IpNetDriver_0
[2017.11.02-01.38.00:005][387]LogTemp: Display: ParseSettings for GameNetDriver
[2017.11.02-01.38.00:005][387]LogInit: WinSock: Socket queue 131072 / 131072
[2017.11.02-01.38.00:007][387]LogInit: WinSock: I am DESKTOP-SOJBPKL (192.168.88.92:0)
[2017.11.02-01.38.00:007][387]PacketHandlerLog: Loaded PacketHandler component: Engine.EngineHandlerComponentFactory (StatelessConnectHandlerComponent)
[2017.11.02-01.38.00:007][387]LogNet: GameNetDriver IpNetDriver_0 IpNetDriver listening on port 7777
[2017.11.02-01.38.00:012][387]LogScriptCore: Warning: Script Msg: Attempted to access index 0 from array 'CallFunc_GetAllActorsOfClass_OutActors' of length 0 in '/Game/Proteus_Multi/UI/Widgets/OptionsMenu.OptionsMenu_C:ExecuteUbergraph_OptionsMenu'!
[2017.11.02-01.38.00:016][387]PIE: Play in editor start time for /Game/Proteus_Multi/UEDPIE_1_MainMenu 1.039
[2017.11.02-01.38.00:018][387]PIE: New page: PIE session: MainMenu (3/11/2017 3:38:00 am)
[2017.11.02-01.38.00:065][387]LogNet: Browse: 127.0.0.1//Game/Proteus_Multi/MainMenu
[2017.11.02-01.38.00:066][387]LogTemp: Display: ParseSettings for GameNetDriver
[2017.11.02-01.38.00:066][387]LogTemp: Display: ParseSettings for IpNetDriver_1
[2017.11.02-01.38.00:066][387]LogTemp: Display: ParseSettings for PendingNetDriver
[2017.11.02-01.38.00:066][387]LogInit: WinSock: Socket queue 32768 / 32768
[2017.11.02-01.38.00:066][387]PacketHandlerLog: Loaded PacketHandler component: Engine.EngineHandlerComponentFactory (StatelessConnectHandlerComponent)
[2017.11.02-01.38.00:066][387]LogNet: Game client on port 7777, rate 500000
[2017.11.02-01.38.00:071][387]PIE: Play in editor start time for /Game/Proteus_Multi/MainMenu 1.094
[2017.11.02-01.38.00:083][387]LogBlueprintUserMessages: Late PlayInEditor Detection: Level '/Game/Proteus_Multi/MainMenu.MainMenu:PersistentLevel' has LevelScriptBlueprint '/Game/Proteus_Multi/MainMenu.MainMenu:PersistentLevel.MainMenu' with GeneratedClass '/Game/Proteus_Multi/MainMenu.MainMenu_C' with ClassGeneratedBy '/Game/Proteus_Multi/MainMenu.MainMenu:PersistentLevel.MainMenu'
[2017.11.02-01.38.00:085][387]LogNet: NotifyAcceptingConnection accepted from: 127.0.0.1:51418
[2017.11.02-01.38.00:085][387]LogHandshake: SendConnectChallenge. Timestamp: 0.016667, Cookie: 097077042002023187070023171116189225163153119133149189253051
[2017.11.02-01.38.00:103][387]LogHandshake: SendChallengeResponse. Timestamp: 0.016667, Cookie: 097077042002023187070023171116189225163153119133149189253051
[2017.11.02-01.38.00:143][387]LogRenderer: Reallocating scene render targets to support 1292x756 Format 10 NumSamples 4 (Frame:1).
[2017.11.02-01.38.00:217][388]LogNet: NotifyAcceptingConnection accepted from: 127.0.0.1:51418
[2017.11.02-01.38.00:218][388]LogHandshake: SendChallengeAck. InCookie: 097077042002023187070023171116189225163153119133149189253051
[2017.11.02-01.38.00:218][388]LogNet: Server accepting post-challenge connection from: 127.0.0.1:51418
[2017.11.02-01.38.00:218][388]PacketHandlerLog: Loaded PacketHandler component: Engine.EngineHandlerComponentFactory (StatelessConnectHandlerComponent)
[2017.11.02-01.38.00:218][388]LogNet: NotifyAcceptedConnection: Name: MainMenu, TimeStamp: 11/02/17 14:38:00, [UNetConnection] RemoteAddr: 127.0.0.1:51418, Name: IpConnection_1, Driver: GameNetDriver IpNetDriver_0, IsServer: YES, PC: NULL, Owner: NULL
[2017.11.02-01.38.00:218][388]LogNet: AddClientConnection: Added client connection: [UNetConnection] RemoteAddr: 127.0.0.1:51418, Name: IpConnection_1, Driver: GameNetDriver IpNetDriver_0, IsServer: YES, PC: NULL, Owner: NULL
[2017.11.02-01.38.00:220][388]LogNetVersion: Proteus 3.2.2, NetCL: 3573198, EngineNetVer: 2, GameNetVer: 0 (Checksum: 1497177692)
[2017.11.02-01.38.00:220][388]LogNet: UPendingNetGame::SendInitialJoin: Sending hello. [UNetConnection] RemoteAddr: 127.0.0.1:7777, Name: IpConnection_0, Driver: PendingNetDriver IpNetDriver_1, IsServer: NO, PC: NULL, Owner: NULL
[2017.11.02-01.38.00:250][389]LogNet: NotifyAcceptingChannel Control 0 server World /Game/Proteus_Multi/UEDPIE_1_MainMenu.MainMenu: Accepted
[2017.11.02-01.38.00:251][389]LogNet: Remote platform little endian=1
[2017.11.02-01.38.00:251][389]LogNet: This platform little endian=1
[2017.11.02-01.38.00:275][390]LogNet: Login request: /Game/Proteus_Multi/MainMenu?Name=DESKTOP-SOJBPKL-28C49EAF4A9B88B56EB9468CD3463A34 userId: DESKTOP-SOJBPKL-28C49EAF4A9B88B56EB9468CD3463A34
[2017.11.02-01.38.00:276][390]LogNet: Welcomed by server (Level: /Game/Proteus_Multi/UEDPIE_1_MainMenu, Game: /Game/Proteus_Multi/MainMenuGM.MainMenuGM_C)
[2017.11.02-01.38.00:277][390]LogLoad: LoadMap: 127.0.0.1//Game/Proteus_Multi/UEDPIE_1_MainMenu?game=/Game/Proteus_Multi/MainMenuGM.MainMenuGM_C
[2017.11.02-01.38.00:298][390]Cmd: MEM
[2017.11.02-01.38.00:319][390]LogMemory: Platform Memory Stats for Windows
[2017.11.02-01.38.00:319][390]LogMemory: Process Physical Memory: 1633.53 MB used, 1756.12 MB peak
[2017.11.02-01.38.00:319][390]LogMemory: Process Virtual Memory: 3210.16 MB used, 3210.17 MB peak
[2017.11.02-01.38.00:319][390]LogMemory: Physical Memory: 6163.49 MB used,  10156.30 MB free, 16319.79 MB total
[2017.11.02-01.38.00:319][390]LogMemory: Virtual Memory: 4115.14 MB used,  10156.30 MB free, 134217728.00 MB total
[2017.11.02-01.38.00:319][390]LogMemory: 
[2017.11.02-01.38.00:319][390]Allocator Stats for TBB: (not implemented)
[2017.11.02-01.38.00:330][390]LogAIModule: Creating AISystem for world MainMenu
[2017.11.02-01.38.00:330][390]LogTemp: Display: ParseSettings for GameNetDriver
[2017.11.02-01.38.00:334][390]LogWorld: Bringing World /Game/Proteus_Multi/UEDPIE_2_MainMenu.MainMenu up for play (max tick rate 60) at 2017.11.02-14.38.00
[2017.11.02-01.38.00:334][390]LogWorld: Bringing up level for play took: 0.002750
[2017.11.02-01.38.00:334][390]LogLoad: Took 0.057933 seconds to LoadMap(/Game/Proteus_Multi/UEDPIE_1_MainMenu)
[2017.11.02-01.38.00:340][390]LogVoiceEncode: Display: EncoderVersion: libopus 1.1-beta
[2017.11.02-01.38.00:374][391]LogNet: Client netspeed is 500000
[2017.11.02-01.38.00:374][391]LogNet: Join request: /Game/Proteus_Multi/MainMenu?Name=DESKTOP-SOJBPKL-28C49EAF4A9B88B56EB9468CD3463A34?SplitscreenCount=1
[2017.11.02-01.38.00:375][391]LogOnline: Warning: OSS: No game present to join for session (Game)
[2017.11.02-01.38.00:376][391]LogBlueprintUserMessages: [MainMenuGM_C_0] Server: VR is disabled
[2017.11.02-01.38.00:377][391]LogNet: Join succeeded: DESKTOP-SOJBPKL-28C4
[2017.11.02-01.38.00:380][391]LogVoiceEncode: Error: StartLocalVoiceProcessing(): Device is currently owned by another user
[2017.11.02-01.38.00:396][392]LogOnline: Warning: OSS: No game present to join for session (Game)
[2017.11.02-01.38.00:396][392]LogOnline: Warning: OSS: No game present to join for session (Game)
[2017.11.02-01.38.01:709][471]LogScriptCore: Warning: Script Msg: Attempted to access index 0 from array 'CallFunc_GetAllActorsOfClass_OutActors' of length 0 in '/Game/Proteus_Multi/UI/Widgets/MainMenu.MainMenu_C:ExecuteUbergraph_MainMenu'!
[2017.11.02-01.38.02:478][517]LogScriptCore: Warning: Script Msg: Attempted to access index 0 from array 'CallFunc_GetAllActorsOfClass_OutActors' of length 0 in '/Game/Proteus_Multi/UI/Widgets/HostMenu.HostMenu_C:ExecuteUbergraph_HostMenu'!
[2017.11.02-01.38.03:568][581]LogOnline: Warning: OSS: No game present to leave for session (Game)
[2017.11.02-01.38.03:568][581]LogBlueprintUserMessages: Early EndPlayMap Detection: Level '/Game/Proteus_Multi/MainMenu.MainMenu:PersistentLevel' has LevelScriptBlueprint '/Game/Proteus_Multi/MainMenu.MainMenu:PersistentLevel.MainMenu' with GeneratedClass '/Game/Proteus_Multi/MainMenu.MainMenu_C' with ClassGeneratedBy '/Game/Proteus_Multi/MainMenu.MainMenu:PersistentLevel.MainMenu'
[2017.11.02-01.38.03:617][581]LogOnline: Display: OSS: FOnlineSubsystemNull::Shutdown()
[2017.11.02-01.38.03:617][581]LogOnline: Display: OSS: FOnlineAsyncTaskManager::Stop() ActiveTask:0000000000000000 Tasks[0/0]
[2017.11.02-01.38.03:619][581]LogOnline: Display: OSS: FOnlineAsyncTaskManager::Exit() started
[2017.11.02-01.38.03:619][581]LogOnline: Display: OSS: FOnlineAsyncTaskManager::Exit() finished
[2017.11.02-01.38.03:650][581]LogOnline: Display: OSS: FOnlineSubsystemNull::Shutdown()
[2017.11.02-01.38.03:650][581]LogOnline: Display: OSS: FOnlineAsyncTaskManager::Stop() ActiveTask:0000000000000000 Tasks[0/0]
[2017.11.02-01.38.03:654][581]LogOnline: Display: OSS: FOnlineAsyncTaskManager::Exit() started
[2017.11.02-01.38.03:654][581]LogOnline: Display: OSS: FOnlineAsyncTaskManager::Exit() finished
[2017.11.02-01.38.03:654][581]LogPlayLevel: Display: Shutting down PIE online subsystems
[2017.11.02-01.38.03:655][581]LogBlueprintUserMessages: Late EndPlayMap Detection: Level '/Game/Proteus_Multi/MainMenu.MainMenu:PersistentLevel' has LevelScriptBlueprint '/Game/Proteus_Multi/MainMenu.MainMenu:PersistentLevel.MainMenu' with GeneratedClass '/Game/Proteus_Multi/MainMenu.MainMenu_C' with ClassGeneratedBy '/Game/Proteus_Multi/MainMenu.MainMenu:PersistentLevel.MainMenu'
[2017.11.02-01.38.03:676][581]LogNet: UChannel::CleanUp: ChIndex == 0. Closing connection. [UChannel] ChIndex: 0, Closing: 0 [UNetConnection] RemoteAddr: 127.0.0.1:51418, Name: IpConnection_1, Driver: GameNetDriver IpNetDriver_0, IsServer: YES, PC: None, Owner: None
[2017.11.02-01.38.03:676][581]LogNet: UNetConnection::Close: [UNetConnection] RemoteAddr: 127.0.0.1:51418, Name: IpConnection_1, Driver: GameNetDriver IpNetDriver_0, IsServer: YES, PC: None, Owner: None, Channels: 2, Time: 2017.11.02-01.38.03
[2017.11.02-01.38.03:676][581]LogNet: UChannel::Close: Sending CloseBunch. ChIndex == 0. Name: [UChannel] ChIndex: 0, Closing: 0 [UNetConnection] RemoteAddr: 127.0.0.1:51418, Name: IpConnection_1, Driver: GameNetDriver IpNetDriver_0, IsServer: YES, PC: None, Owner: None
[2017.11.02-01.38.03:676][581]LogNet: UChannel::CleanUp: ChIndex == 0. Closing connection. [UChannel] ChIndex: 0, Closing: 0 [UNetConnection] RemoteAddr: 127.0.0.1:7777, Name: IpConnection_0, Driver: GameNetDriver IpNetDriver_1, IsServer: NO, PC: None, Owner: None
[2017.11.02-01.38.03:676][581]LogNet: UNetConnection::Close: [UNetConnection] RemoteAddr: 127.0.0.1:7777, Name: IpConnection_0, Driver: GameNetDriver IpNetDriver_1, IsServer: NO, PC: None, Owner: None, Channels: 2, Time: 2017.11.02-01.38.03
[2017.11.02-01.38.03:676][581]LogNet: UChannel::Close: Sending CloseBunch. ChIndex == 0. Name: [UChannel] ChIndex: 0, Closing: 0 [UNetConnection] RemoteAddr: 127.0.0.1:7777, Name: IpConnection_0, Driver: GameNetDriver IpNetDriver_1, IsServer: NO, PC: None, Owner: None
[2017.11.02-01.38.03:679][581]LogExit: GameNetDriver None shut down
[2017.11.02-01.38.03:679][581]LogExit: GameNetDriver None shut down
[2017.11.02-01.38.03:714][582]LogPlayLevel: Display: Destroying online subsystem :Context_13
[2017.11.02-01.38.03:714][582]LogOnline: Display: OSS: FOnlineSubsystemNull::Shutdown()
[2017.11.02-01.38.03:714][582]LogPlayLevel: Display: Destroying online subsystem :Context_12
[2017.11.02-01.38.03:714][582]LogOnline: Display: OSS: FOnlineSubsystemNull::Shutdown()
[2017.11.02-01.38.07:538][809]LogBlueprintUserMessages: Early PlayInEditor Detection: Level '/Game/Proteus_Multi/MainMenu.MainMenu:PersistentLevel' has LevelScriptBlueprint '/Game/Proteus_Multi/MainMenu.MainMenu:PersistentLevel.MainMenu' with GeneratedClass '/Game/Proteus_Multi/MainMenu.MainMenu_C' with ClassGeneratedBy '/Game/Proteus_Multi/MainMenu.MainMenu:PersistentLevel.MainMenu'
[2017.11.02-01.38.07:538][809]LogPlayLevel: PlayLevel: No blueprints needed recompiling
[2017.11.02-01.38.07:539][809]PIE: New page: PIE session: MainMenu (3/11/2017 3:38:07 am)
[2017.11.02-01.38.07:539][809]LogPlayLevel: Creating play world package: /Game/Proteus_Multi/UEDPIE_0_MainMenu
[2017.11.02-01.38.07:549][809]LogPlayLevel: PIE: StaticDuplicateObject took: (0.009214s)
[2017.11.02-01.38.07:549][809]LogAIModule: Creating AISystem for world MainMenu
[2017.11.02-01.38.07:550][809]LogPlayLevel: PIE: World Init took: (0.000877s)
[2017.11.02-01.38.07:550][809]LogPlayLevel: PIE: Created PIE world by copying editor world from /Game/Proteus_Multi/MainMenu.MainMenu to /Game/Proteus_Multi/UEDPIE_0_MainMenu.MainMenu (0.010562s)
[2017.11.02-01.38.07:571][809]LogInit: XAudio2 using 'Speakers (Realtek High Definition Audio)' : 2 channels at 48 kHz using 32 bits per sample (channel mask 0x3)
[2017.11.02-01.38.07:584][809]LogInit: FAudioDevice initialized.
[2017.11.02-01.38.07:626][809]LogLoad: Game class is 'MainMenuGM_C'
[2017.11.02-01.38.07:631][809]LogWorld: Bringing World /Game/Proteus_Multi/UEDPIE_0_MainMenu.MainMenu up for play (max tick rate 60) at 2017.11.02-14.38.07
[2017.11.02-01.38.07:631][809]LogWorld: Bringing up level for play took: 0.003739
[2017.11.02-01.38.07:663][809]LogVoiceEncode: Display: EncoderVersion: libopus 1.1-beta
[2017.11.02-01.38.07:663][809]LogVoiceEncode: Error: StartLocalVoiceProcessing(): Device is currently owned by another user
[2017.11.02-01.38.07:663][809]LogBlueprintUserMessages: [MainMenuGM_C_0] VR is disabled
[2017.11.02-01.38.07:669][809]LogScriptCore: Warning: Script Msg: Attempted to access index 0 from array 'CallFunc_GetAllActorsOfClass_OutActors' of length 0 in '/Game/Proteus_Multi/UI/Widgets/OptionsMenu.OptionsMenu_C:ExecuteUbergraph_OptionsMenu'!
[2017.11.02-01.38.07:673][809]PIE: Play in editor start time for /Game/Proteus_Multi/UEDPIE_0_MainMenu 0.697
[2017.11.02-01.38.07:673][809]LogBlueprintUserMessages: Late PlayInEditor Detection: Level '/Game/Proteus_Multi/MainMenu.MainMenu:PersistentLevel' has LevelScriptBlueprint '/Game/Proteus_Multi/MainMenu.MainMenu:PersistentLevel.MainMenu' with GeneratedClass '/Game/Proteus_Multi/MainMenu.MainMenu_C' with ClassGeneratedBy '/Game/Proteus_Multi/MainMenu.MainMenu:PersistentLevel.MainMenu'
[2017.11.02-01.38.09:024][886]LogScriptCore: Warning: Script Msg: Attempted to access index 0 from array 'CallFunc_GetAllActorsOfClass_OutActors' of length 0 in '/Game/Proteus_Multi/UI/Widgets/MainMenu.MainMenu_C:ExecuteUbergraph_MainMenu'!
[2017.11.02-01.38.09:910][939]LogScriptCore: Warning: Script Msg: Attempted to access index 0 from array 'CallFunc_GetAllActorsOfClass_OutActors' of length 0 in '/Game/Proteus_Multi/UI/Widgets/HostMenu.HostMenu_C:ExecuteUbergraph_HostMenu'!
[2017.11.02-01.38.11:525][ 36]LogVoiceEncode: Error: StartLocalVoiceProcessing(): Device is currently owned by another user
[2017.11.02-01.38.11:526][ 36]LogNet: Browse: /Game/ThirdPersonBP/Maps/VRsizebigger?listen
[2017.11.02-01.38.11:527][ 36]LogLoad: LoadMap: /Game/ThirdPersonBP/Maps/VRsizebigger?listen
[2017.11.02-01.38.11:552][ 36]Cmd: MEM
[2017.11.02-01.38.11:574][ 36]LogMemory: Platform Memory Stats for Windows
[2017.11.02-01.38.11:574][ 36]LogMemory: Process Physical Memory: 1627.02 MB used, 1756.12 MB peak
[2017.11.02-01.38.11:574][ 36]LogMemory: Process Virtual Memory: 2943.66 MB used, 3267.88 MB peak
[2017.11.02-01.38.11:574][ 36]LogMemory: Physical Memory: 6182.14 MB used,  10137.65 MB free, 16319.79 MB total
[2017.11.02-01.38.11:574][ 36]LogMemory: Virtual Memory: 3970.01 MB used,  10137.65 MB free, 134217728.00 MB total
[2017.11.02-01.38.11:574][ 36]LogMemory: 
[2017.11.02-01.38.11:574][ 36]Allocator Stats for TBB: (not implemented)
[2017.11.02-01.38.12:931][ 36]LogAIModule: Creating AISystem for world VRsizebigger
[2017.11.02-01.38.12:931][ 36]LogLoad: Game class is 'MultiGM_C'
[2017.11.02-01.38.12:931][ 36]LogTemp: Display: ParseSettings for GameNetDriver
[2017.11.02-01.38.12:931][ 36]LogTemp: Display: ParseSettings for IpNetDriver_2
[2017.11.02-01.38.12:931][ 36]LogTemp: Display: ParseSettings for GameNetDriver
[2017.11.02-01.38.12:932][ 36]LogInit: WinSock: Socket queue 131072 / 131072
[2017.11.02-01.38.12:932][ 36]PacketHandlerLog: Loaded PacketHandler component: Engine.EngineHandlerComponentFactory (StatelessConnectHandlerComponent)
[2017.11.02-01.38.12:932][ 36]LogNet: GameNetDriver IpNetDriver_2 IpNetDriver listening on port 7777
[2017.11.02-01.38.12:939][ 36]LogWorld: Bringing World /Game/ThirdPersonBP/Maps/UEDPIE_0_VRsizebigger.VRsizebigger up for play (max tick rate 60) at 2017.11.02-14.38.12
[2017.11.02-01.38.12:939][ 36]LogWorld: Bringing up level for play took: 0.005804
[2017.11.02-01.38.12:940][ 36]LogSpawn: Warning: SpawnActor failed because no class was specified
[2017.11.02-01.38.12:940][ 36]LogScriptCore: Warning: Script Msg: Attempted to access index 0 from array 'PlayerStarts' of length 0 in '/Game/Proteus_Multi/MultiGM.MultiGM_C'!
[2017.11.02-01.38.12:942][ 36]Cmd: vr.bEnableStereo True
[2017.11.02-01.38.12:942][ 36]Cmd: r.ScreenPercentage 130.0
[2017.11.02-01.38.12:942][ 36]r.ScreenPercentage = "130"
[2017.11.02-01.38.12:942][ 36]Cmd: r.ViewDistanceScale 2
[2017.11.02-01.38.12:942][ 36]r.ViewDistanceScale = "2"
[2017.11.02-01.38.12:942][ 36]Cmd: sg.AntiAliasingQuality 3
[2017.11.02-01.38.12:942][ 36]sg.AntiAliasingQuality = "3"
[2017.11.02-01.38.12:942][ 36]Cmd: sg.ShadowQuality 3
[2017.11.02-01.38.12:942][ 36]sg.ShadowQuality = "3"
[2017.11.02-01.38.12:942][ 36]Cmd: r.MaxAnisotropy 8
[2017.11.02-01.38.12:942][ 36]r.MaxAnisotropy = "8"
[2017.11.02-01.38.12:942][ 36]Cmd: r.Streaming.MipBias 0
[2017.11.02-01.38.12:942][ 36]r.Streaming.MipBias = "0"
[2017.11.02-01.38.12:942][ 36]Cmd: r.SeparateTranslucency 0
[2017.11.02-01.38.12:942][ 36]r.SeparateTranslucency = "0"
[2017.11.02-01.38.12:942][ 36]Cmd: r.BloomQuality 0
[2017.11.02-01.38.12:942][ 36]r.BloomQuality = "0"
[2017.11.02-01.38.12:943][ 36]Cmd: EnableAllScreenMessages
[2017.11.02-01.38.12:943][ 36]LogEngine: Onscreen warngins/messages are now ENABLED
[2017.11.02-01.38.12:943][ 36]Cmd: r.setres 1920x1080
[2017.11.02-01.38.12:943][ 36]r.SetRes = "1920x1080"
[2017.11.02-01.38.12:982][ 36]LogRenderer: Reallocating scene render targets to support 2484x1360 Format 10 NumSamples 4 (Frame:1).
[2017.11.02-01.38.13:026][ 36]Cmd: r.streaming.poolsize 3000
[2017.11.02-01.38.13:026][ 36]r.Streaming.PoolSize = "3000"
[2017.11.02-01.38.13:027][ 36]LogLoad: Took 1.500075 seconds to LoadMap(/Game/ThirdPersonBP/Maps/VRsizebigger)
[2017.11.02-01.38.13:029][ 36]LogContentStreaming: Texture pool size now 3000 MB
[2017.11.02-01.39.05:379][138]LogBlueprintUserMessages: Early EndPlayMap Detection: Level '/Game/Proteus_Multi/MainMenu.MainMenu:PersistentLevel' has LevelScriptBlueprint '/Game/Proteus_Multi/MainMenu.MainMenu:PersistentLevel.MainMenu' with GeneratedClass '/Game/Proteus_Multi/MainMenu.MainMenu_C' with ClassGeneratedBy '/Game/Proteus_Multi/MainMenu.MainMenu:PersistentLevel.MainMenu'
[2017.11.02-01.39.05:434][138]LogOnline: Warning: OSS: No game present to leave for session (Game)
[2017.11.02-01.39.05:491][138]LogOnline: Display: OSS: FOnlineSubsystemNull::Shutdown()
[2017.11.02-01.39.05:491][138]LogOnline: Display: OSS: FOnlineAsyncTaskManager::Stop() ActiveTask:0000000000000000 Tasks[0/0]
[2017.11.02-01.39.05:497][138]LogOnline: Display: OSS: FOnlineAsyncTaskManager::Exit() started
[2017.11.02-01.39.05:497][138]LogOnline: Display: OSS: FOnlineAsyncTaskManager::Exit() finished
[2017.11.02-01.39.05:497][138]LogPlayLevel: Display: Shutting down PIE online subsystems
[2017.11.02-01.39.05:497][138]LogBlueprintUserMessages: Late EndPlayMap Detection: Level '/Game/Proteus_Multi/MainMenu.MainMenu:PersistentLevel' has LevelScriptBlueprint '/Game/Proteus_Multi/MainMenu.MainMenu:PersistentLevel.MainMenu' with GeneratedClass '/Game/Proteus_Multi/MainMenu.MainMenu_C' with ClassGeneratedBy '/Game/Proteus_Multi/MainMenu.MainMenu:PersistentLevel.MainMenu'
[2017.11.02-01.39.05:521][138]LogExit: GameNetDriver None shut down
[2017.11.02-01.39.05:553][139]LogPlayLevel: Display: Destroying online subsystem :Context_14
[2017.11.02-01.39.05:553][139]LogOnline: Display: OSS: FOnlineSubsystemNull::Shutdown()
[2017.11.02-01.39.52:192][744]LogSlate: Took 0.000190 seconds to synchronously load lazily loaded font '../../../Engine/Content/Editor/Slate/Fonts/DroidSansMono.ttf' (77K)
[2017.11.02-01.39.54:510][852]LogActorComponent: UnregisterComponent: (/Engine/Transient.EditorFloorComp) Not registered. Aborting.
[2017.11.02-01.39.55:372][852]LogActorComponent: UnregisterComponent: (/Engine/Transient.EditorFloorComp) Not registered. Aborting.
[2017.11.02-01.39.55:462][852]LogActorComponent: UnregisterComponent: (/Engine/Transient.EditorFloorComp) Not registered. Aborting.
[2017.11.02-01.39.55:555][852]LogWindowsTextInputMethodSystem: Display: IME system now activated using TSF (Microsoft IME).
[2017.11.02-01.39.55:864][853]Cmd: QUIT_EDITOR
[2017.11.02-01.39.55:935][853]LogExit: Preparing to exit.
[2017.11.02-01.39.56:923][853]LogDirectoryWatcher: A directory notification for 'D:/dev/Estrellis/ProteusTemplate-master/Content/' was aborted.
[2017.11.02-01.39.56:973][853]LogExit: Editor shut down
[2017.11.02-01.39.56:975][853]LogExit: Transaction tracking system shut down
[2017.11.02-01.39.57:146][853]LogDirectoryWatcher: A directory notification for '../../../Engine/Content/' was aborted.
[2017.11.02-01.39.57:146][853]LogDirectoryWatcher: A directory notification for '../../../../../dev/Estrellis/ProteusTemplate-master/Content/' was aborted.
[2017.11.02-01.39.57:146][853]LogDirectoryWatcher: A directory notification for '../../../Engine/Plugins/2D/Paper2D/Content/' was aborted.
[2017.11.02-01.39.57:146][853]LogDirectoryWatcher: A directory notification for '../../../Engine/Plugins/Marketplace/RunebergVRPlugin/Content/' was aborted.
[2017.11.02-01.39.57:146][853]LogDirectoryWatcher: A directory notification for '../../../Engine/Plugins/Runtime/Oculus/OculusVR/Content/' was aborted.
[2017.11.02-01.39.57:146][853]LogDirectoryWatcher: A directory notification for '../../../Engine/Plugins/Runtime/Steam/SteamVR/Content/' was aborted.
[2017.11.02-01.39.57:286][853]LogExit: Object subsystem successfully closed.
[2017.11.02-01.39.57:307][853]LogD3D11RHI: Shutdown
[2017.11.02-01.39.57:307][853]LogD3D11RHI: CleanupD3DDevice
[2017.11.02-01.39.57:422][853]LogD3D11RHI: ~FD3D11DynamicRHI
[2017.11.02-01.39.57:467][853]LogModuleManager: Shutting down and abandoning module MovieSceneCapture (546)
[2017.11.02-01.39.57:467][853]LogModuleManager: Shutting down and abandoning module Voice (544)
[2017.11.02-01.39.57:468][853]LogModuleManager: Shutting down and abandoning module BlueprintGraph (542)
[2017.11.02-01.39.57:468][853]LogModuleManager: Shutting down and abandoning module BlueprintProfiler (540)
[2017.11.02-01.39.57:472][853]LogModuleManager: Shutting down and abandoning module HierarchicalLODOutliner (538)
[2017.11.02-01.39.57:472][853]LogModuleManager: Shutting down and abandoning module ExternalImagePicker (536)
[2017.11.02-01.39.57:472][853]LogModuleManager: Shutting down and abandoning module SceneOutliner (534)
[2017.11.02-01.39.57:472][853]LogModuleManager: Shutting down and abandoning module AddContentDialog (532)
[2017.11.02-01.39.57:472][853]LogDirectoryWatcher: A directory notification for 'D:/Unreal Engine/UE_4.17/FeaturePacks/' was aborted.
[2017.11.02-01.39.57:473][853]LogModuleManager: Shutting down and abandoning module WidgetCarousel (531)
[2017.11.02-01.39.57:473][853]LogModuleManager: Shutting down and abandoning module EditorWidgets (528)
[2017.11.02-01.39.57:473][853]LogModuleManager: Shutting down and abandoning module CollectionManager (526)
[2017.11.02-01.39.57:473][853]LogDirectoryWatcher: A directory notification for 'D:/dev/Estrellis/ProteusTemplate-master/Content/Collections/' was aborted.
[2017.11.02-01.39.57:473][853]LogDirectoryWatcher: A directory notification for 'D:/dev/Estrellis/ProteusTemplate-master/Content/Developers/yche5/Collections/' was aborted.
[2017.11.02-01.39.57:474][853]LogDirectoryWatcher: A directory notification for 'D:/dev/Estrellis/ProteusTemplate-master/Saved/Collections/' was aborted.
[2017.11.02-01.39.57:474][853]LogModuleManager: Shutting down and abandoning module StatsViewer (524)
[2017.11.02-01.39.57:474][853]LogModuleManager: Shutting down and abandoning module FoliageEdit (522)
[2017.11.02-01.39.57:474][853]LogModuleManager: Shutting down and abandoning module LandscapeEditor (520)
[2017.11.02-01.39.57:474][853]LogModuleManager: Shutting down and abandoning module MeshPaintMode (518)
[2017.11.02-01.39.57:474][853]LogModuleManager: Shutting down and abandoning module SceneDepthPickerMode (516)
[2017.11.02-01.39.57:474][853]LogModuleManager: Shutting down and abandoning module ActorPickerMode (514)
[2017.11.02-01.39.57:474][853]LogModuleManager: Shutting down and abandoning module GeometryMode (512)
[2017.11.02-01.39.57:474][853]LogModuleManager: Shutting down and abandoning module TextureAlignMode (510)
[2017.11.02-01.39.57:474][853]LogModuleManager: Shutting down and abandoning module BspMode (508)
[2017.11.02-01.39.57:474][853]LogModuleManager: Shutting down and abandoning module PIEPreviewDeviceProfileSelector (506)
[2017.11.02-01.39.57:474][853]LogModuleManager: Shutting down and abandoning module HardwareSurvey (504)
[2017.11.02-01.39.57:474][853]LogModuleManager: Shutting down and abandoning module SequenceRecorderSections (502)
[2017.11.02-01.39.57:474][853]LogModuleManager: Shutting down and abandoning module AutomationWorker (500)
[2017.11.02-01.39.57:474][853]LogModuleManager: Shutting down and abandoning module MatineeToLevelSequence (498)
[2017.11.02-01.39.57:474][853]LogModuleManager: Shutting down and abandoning module LevelSequenceEditor (496)
[2017.11.02-01.39.57:474][853]LogModuleManager: Shutting down and abandoning module PlacementMode (495)
[2017.11.02-01.39.57:474][853]LogModuleManager: Shutting down and abandoning module WmfMediaFactory (492)
[2017.11.02-01.39.57:474][853]LogModuleManager: Shutting down and abandoning module WmfMediaEditor (490)
[2017.11.02-01.39.57:474][853]LogModuleManager: Shutting down and abandoning module AvfMediaFactory (488)
[2017.11.02-01.39.57:474][853]LogModuleManager: Shutting down and abandoning module AvfMediaEditor (486)
[2017.11.02-01.39.57:474][853]LogModuleManager: Shutting down and abandoning module AndroidMediaFactory (484)
[2017.11.02-01.39.57:475][853]LogModuleManager: Shutting down and abandoning module Media (483)
[2017.11.02-01.39.57:475][853]LogModuleManager: Shutting down and abandoning module AndroidMediaEditor (480)
[2017.11.02-01.39.57:475][853]LogModuleManager: Shutting down and abandoning module CharacterAI (478)
[2017.11.02-01.39.57:475][853]LogModuleManager: Shutting down and abandoning module AudioCapture (476)
[2017.11.02-01.39.57:475][853]LogModuleManager: Shutting down and abandoning module SequenceRecorder (475)
[2017.11.02-01.39.57:475][853]LogModuleManager: Shutting down and abandoning module SmartSnapping (472)
[2017.11.02-01.39.57:475][853]LogModuleManager: Shutting down and abandoning module SessionServices (470)
[2017.11.02-01.39.57:475][853]LogModuleManager: Shutting down and abandoning module ViewportSnapping (468)
[2017.11.02-01.39.57:475][853]LogModuleManager: Shutting down and abandoning module ViewportInteraction (466)
[2017.11.02-01.39.57:475][853]LogModuleManager: Shutting down and abandoning module ClothPainter (464)
[2017.11.02-01.39.57:475][853]LogModuleManager: Shutting down and abandoning module LogVisualizer (462)
[2017.11.02-01.39.57:475][853]LogModuleManager: Shutting down and abandoning module IntroTutorials (460)
[2017.11.02-01.39.57:475][853]LogModuleManager: Shutting down and abandoning module GameProjectGeneration (459)
[2017.11.02-01.39.57:475][853]LogModuleManager: Shutting down and abandoning module IOSPlatformEditor (456)
[2017.11.02-01.39.57:475][853]LogModuleManager: Shutting down and abandoning module HTML5PlatformEditor (454)
[2017.11.02-01.39.57:475][853]LogModuleManager: Shutting down and abandoning module AndroidPlatformEditor (452)
[2017.11.02-01.39.57:475][853]LogModuleManager: Shutting down and abandoning module AndroidDeviceDetection (451)
[2017.11.02-01.39.58:342][853]LogModuleManager: Shutting down and abandoning module WindowsPlatformEditor (448)
[2017.11.02-01.39.58:342][853]LogModuleManager: Shutting down and abandoning module IOSRuntimeSettings (446)
[2017.11.02-01.39.58:342][853]LogModuleManager: Shutting down and abandoning module AndroidRuntimeSettings (444)
[2017.11.02-01.39.58:342][853]LogModuleManager: Shutting down and abandoning module InputBindingEditor (442)
[2017.11.02-01.39.58:342][853]LogModuleManager: Shutting down and abandoning module MergeActors (440)
[2017.11.02-01.39.58:342][853]LogModuleManager: Shutting down and abandoning module SizeMap (438)
[2017.11.02-01.39.58:342][853]LogModuleManager: Shutting down and abandoning module TreeMap (436)
[2017.11.02-01.39.58:342][853]LogModuleManager: Shutting down and abandoning module ReferenceViewer (434)
[2017.11.02-01.39.58:342][853]LogModuleManager: Shutting down and abandoning module LocalizationDashboard (432)
[2017.11.02-01.39.58:342][853]LogModuleManager: Shutting down and abandoning module LocalizationService (431)
[2017.11.02-01.39.58:342][853]LogModuleManager: Shutting down and abandoning module HardwareTargeting (428)
[2017.11.02-01.39.58:342][853]LogModuleManager: Shutting down and abandoning module DeviceProfileEditor (426)
[2017.11.02-01.39.58:342][853]LogModuleManager: Shutting down and abandoning module UndoHistory (424)
[2017.11.02-01.39.58:342][853]LogModuleManager: Shutting down and abandoning module XmlParser (422)
[2017.11.02-01.39.58:342][853]LogModuleManager: Shutting down and abandoning module Blutility (420)
[2017.11.02-01.39.58:342][853]LogModuleManager: Shutting down and abandoning module ProjectSettingsViewer (418)
[2017.11.02-01.39.58:342][853]LogModuleManager: Shutting down and abandoning module ProjectTargetPlatformEditor (417)
[2017.11.02-01.39.58:343][853]LogModuleManager: Shutting down and abandoning module EditorSettingsViewer (414)
[2017.11.02-01.39.58:343][853]LogModuleManager: Shutting down and abandoning module SettingsEditor (412)
[2017.11.02-01.39.58:343][853]LogModuleManager: Shutting down and abandoning module ProjectLauncher (410)
[2017.11.02-01.39.58:343][853]LogModuleManager: Shutting down and abandoning module SessionFrontend (408)
[2017.11.02-01.39.58:343][853]LogModuleManager: Shutting down and abandoning module ProfilerClient (406)
[2017.11.02-01.39.58:343][853]LogModuleManager: Shutting down and abandoning module DeviceManager (404)
[2017.11.02-01.39.58:343][853]LogModuleManager: Shutting down and abandoning module TargetDeviceServices (403)
[2017.11.02-01.39.58:395][853]LogModuleManager: Shutting down and abandoning module AutomationController (400)
[2017.11.02-01.39.58:395][853]LogModuleManager: Shutting down and abandoning module AutomationWindow (398)
[2017.11.02-01.39.58:395][853]LogModuleManager: Shutting down and abandoning module Layers (396)
[2017.11.02-01.39.58:395][853]LogModuleManager: Shutting down and abandoning module ComponentVisualizers (394)
[2017.11.02-01.39.58:395][853]LogModuleManager: Shutting down and abandoning module DetailCustomizations (392)
[2017.11.02-01.39.58:395][853]LogModuleManager: Shutting down and abandoning module PackagesDialog (390)
[2017.11.02-01.39.58:395][853]LogModuleManager: Shutting down and abandoning module Persona (388)
[2017.11.02-01.39.58:395][853]LogModuleManager: Shutting down and abandoning module AdvancedPreviewScene (387)
[2017.11.02-01.39.58:395][853]LogModuleManager: Shutting down and abandoning module AnimGraph (385)
[2017.11.02-01.39.58:395][853]LogModuleManager: Shutting down and abandoning module Kismet (382)
[2017.11.02-01.39.58:406][853]LogModuleManager: Shutting down and abandoning module ClassViewer (380)
[2017.11.02-01.39.58:406][853]LogModuleManager: Shutting down and abandoning module Toolbox (378)
[2017.11.02-01.39.58:406][853]LogModuleManager: Shutting down and abandoning module ModuleUI (376)
[2017.11.02-01.39.58:406][853]LogModuleManager: Shutting down and abandoning module MovieSceneTools (374)
[2017.11.02-01.39.58:406][853]LogModuleManager: Shutting down and abandoning module OutputLog (372)
[2017.11.02-01.39.58:406][853]LogModuleManager: Shutting down and abandoning module GammaUI (370)
[2017.11.02-01.39.58:406][853]LogModuleManager: Shutting down and abandoning module Documentation (368)
[2017.11.02-01.39.58:410][853]LogModuleManager: Shutting down and abandoning module MovieSceneTracks (366)
[2017.11.02-01.39.58:410][853]LogModuleManager: Shutting down and abandoning module MovieScene (364)
[2017.11.02-01.39.58:410][853]LogModuleManager: Shutting down and abandoning module Niagara (362)
[2017.11.02-01.39.58:410][853]LogModuleManager: Shutting down and abandoning module NiagaraEditor (361)
[2017.11.02-01.39.58:410][853]LogModuleManager: Shutting down and abandoning module StreamingPauseRendering (358)
[2017.11.02-01.39.58:410][853]LogModuleManager: Shutting down and abandoning module LauncherPlatform (356)
[2017.11.02-01.39.58:410][853]LogModuleManager: Shutting down and abandoning module AnalyticsET (354)
[2017.11.02-01.39.58:410][853]LogModuleManager: Shutting down and abandoning module PortalServices (352)
[2017.11.02-01.39.58:410][853]LogModuleManager: Shutting down and abandoning module PortalRpc (350)
[2017.11.02-01.39.58:410][853]LogModuleManager: Shutting down and abandoning module MessagingRpc (348)
[2017.11.02-01.39.58:410][853]LogModuleManager: Shutting down and abandoning module AIModule (346)
[2017.11.02-01.39.58:410][853]LogModuleManager: Shutting down and abandoning module GameplayDebugger (345)
[2017.11.02-01.39.58:410][853]LogModuleManager: Shutting down and abandoning module AITestSuite (343)
[2017.11.02-01.39.58:410][853]LogModuleManager: Shutting down and abandoning module ProfilerService (340)
[2017.11.02-01.39.58:468][853]LogModuleManager: Shutting down and abandoning module TaskGraph (338)
[2017.11.02-01.39.58:468][853]LogModuleManager: Shutting down and abandoning module SteamVRController (336)
[2017.11.02-01.39.58:468][853]LogModuleManager: Shutting down and abandoning module ProceduralMeshComponentEditor (334)
[2017.11.02-01.39.58:468][853]LogModuleManager: Shutting down and abandoning module ProceduralMeshComponent (332)
[2017.11.02-01.39.58:468][853]LogModuleManager: Shutting down and abandoning module OculusInput (330)
[2017.11.02-01.39.58:468][853]LogModuleManager: Shutting down and abandoning module MobilePatchingUtils (328)
[2017.11.02-01.39.58:468][853]LogModuleManager: Shutting down and abandoning module CustomMeshComponent (326)
[2017.11.02-01.39.58:468][853]LogModuleManager: Shutting down and abandoning module CableComponent (324)
[2017.11.02-01.39.58:468][853]LogModuleManager: Shutting down and abandoning module ArchVisCharacter (322)
[2017.11.02-01.39.58:468][853]LogModuleManager: Shutting down and abandoning module AndroidPermission (320)
[2017.11.02-01.39.58:468][853]LogModuleManager: Shutting down and abandoning module MediaPlayerEditor (316)
[2017.11.02-01.39.58:468][853]LogModuleManager: Shutting down and abandoning module RunebergVRPlugin (314)
[2017.11.02-01.39.58:468][853]LogModuleManager: Shutting down and abandoning module HTML5Networking (312)
[2017.11.02-01.39.58:468][853]LogModuleManager: Shutting down and abandoning module AlembicImporter (310)
[2017.11.02-01.39.58:468][853]LogModuleManager: Shutting down and abandoning module AlembicLibrary (309)
[2017.11.02-01.39.58:468][853]LogModuleManager: Shutting down and abandoning module GeometryCache (308)
[2017.11.02-01.39.58:468][853]LogModuleManager: Shutting down and abandoning module GeometryCacheEd (307)
[2017.11.02-01.39.58:468][853]LogModuleManager: Shutting down and abandoning module SpeedTreeImporter (302)
[2017.11.02-01.39.58:468][853]LogModuleManager: Shutting down and abandoning module PluginBrowser (300)
[2017.11.02-01.39.58:468][853]LogModuleManager: Shutting down and abandoning module MobileLauncherProfileWizard (298)
[2017.11.02-01.39.58:468][853]LogModuleManager: Shutting down and abandoning module VisualStudioSourceCodeAccess (296)
[2017.11.02-01.39.58:468][853]LogModuleManager: Shutting down and abandoning module DesktopPlatform (295)
[2017.11.02-01.39.58:469][853]LogModuleManager: Shutting down and abandoning module UObjectPlugin (292)
[2017.11.02-01.39.58:469][853]LogModuleManager: Shutting down and abandoning module SubversionSourceControl (290)
[2017.11.02-01.39.58:469][853]LogModuleManager: Shutting down and abandoning module PerforceSourceControl (288)
[2017.11.02-01.39.58:469][853]LogModuleManager: Shutting down and abandoning module GitSourceControl (286)
[2017.11.02-01.39.58:469][853]LogModuleManager: Shutting down and abandoning module SourceControl (285)
[2017.11.02-01.39.58:471][853]LogModuleManager: Shutting down and abandoning module LightPropagationVolumeEditor (282)
[2017.11.02-01.39.58:471][853]LogModuleManager: Shutting down and abandoning module PaperTiledImporter (280)
[2017.11.02-01.39.58:471][853]LogModuleManager: Shutting down and abandoning module PaperSpriteSheetImporter (278)
[2017.11.02-01.39.58:471][853]LogModuleManager: Shutting down and abandoning module Paper2DEditor (276)
[2017.11.02-01.39.58:471][853]LogModuleManager: Shutting down and abandoning module MeshPaint (275)
[2017.11.02-01.39.58:471][853]LogModuleManager: Shutting down and abandoning module LevelEditor (273)
[2017.11.02-01.39.58:472][853]LogModuleManager: Shutting down and abandoning module PixelInspectorModule (272)
[2017.11.02-01.39.58:472][853]LogModuleManager: Shutting down and abandoning module MainFrame (270)
[2017.11.02-01.39.58:472][853]LogModuleManager: Shutting down and abandoning module HotReload (269)
[2017.11.02-01.39.58:472][853]LogDirectoryWatcher: A directory notification for 'D:/dev/Estrellis/ProteusTemplate-master/Binaries/Win64' was aborted.
[2017.11.02-01.39.58:472][853]LogModuleManager: Shutting down and abandoning module RuntimePhysXCooking (264)
[2017.11.02-01.39.58:472][853]LogModuleManager: Shutting down and abandoning module PhysXVehiclesEditor (262)
[2017.11.02-01.39.58:472][853]LogModuleManager: Shutting down and abandoning module PhysXVehicles (260)
[2017.11.02-01.39.58:472][853]LogModuleManager: Shutting down and abandoning module OculusEditor (258)
[2017.11.02-01.39.58:472][853]LogModuleManager: Shutting down and abandoning module LocationServicesBPLibrary (256)
[2017.11.02-01.39.58:472][853]LogModuleManager: Shutting down and abandoning module ImmediatePhysicsEditor (254)
[2017.11.02-01.39.58:472][853]LogModuleManager: Shutting down and abandoning module ImmediatePhysics (252)
[2017.11.02-01.39.58:472][853]LogModuleManager: Shutting down and abandoning module UdpMessaging (250)
[2017.11.02-01.39.58:573][853]LogModuleManager: Shutting down and abandoning module TcpMessaging (248)
[2017.11.02-01.39.58:674][853]LogModuleManager: Shutting down and abandoning module GameplayTagsEditor (246)
[2017.11.02-01.39.58:674][853]LogModuleManager: Shutting down and abandoning module FacialAnimationEditor (244)
[2017.11.02-01.39.58:674][853]LogModuleManager: Shutting down and abandoning module FacialAnimation (242)
[2017.11.02-01.39.58:674][853]LogModuleManager: Shutting down and abandoning module AssetManagerEditor (240)
[2017.11.02-01.39.58:674][853]LogModuleManager: Shutting down and abandoning module GraphEditor (239)
[2017.11.02-01.39.58:674][853]LogModuleManager: Shutting down and abandoning module ContentBrowser (237)
[2017.11.02-01.39.58:675][853]LogModuleManager: Shutting down and abandoning module LightPropagationVolumeRuntime (234)
[2017.11.02-01.39.58:675][853]LogModuleManager: Shutting down and abandoning module Paper2D (232)
[2017.11.02-01.39.58:675][853]LogModuleManager: Shutting down and abandoning module WindowsMoviePlayer (230)
[2017.11.02-01.39.58:675][853]LogModuleManager: Shutting down and abandoning module WmfMedia (228)
[2017.11.02-01.39.58:675][853]LogModuleManager: Shutting down and abandoning module PacketHandler (226)
[2017.11.02-01.39.58:675][853]LogModuleManager: Shutting down and abandoning module ClothingSystemEditor (224)
[2017.11.02-01.39.58:675][853]LogModuleManager: Shutting down and abandoning module ClothingSystemRuntime (222)
[2017.11.02-01.39.58:675][853]LogModuleManager: Shutting down and abandoning module Overlay (220)
[2017.11.02-01.39.58:675][853]LogModuleManager: Shutting down and abandoning module OverlayEditor (219)
[2017.11.02-01.39.58:675][853]LogModuleManager: Shutting down and abandoning module MediaAssets (216)
[2017.11.02-01.39.58:675][853]LogModuleManager: Shutting down and abandoning module VREditor (214)
[2017.11.02-01.39.58:675][853]LogModuleManager: Shutting down and abandoning module StringTableEditor (212)
[2017.11.02-01.39.58:675][853]LogModuleManager: Shutting down and abandoning module GameplayTasksEditor (210)
[2017.11.02-01.39.58:675][853]LogModuleManager: Shutting down and abandoning module BehaviorTreeEditor (208)
[2017.11.02-01.39.58:675][853]LogModuleManager: Shutting down and abandoning module FunctionalTesting (206)
[2017.11.02-01.39.58:675][853]LogModuleManager: Shutting down and abandoning module CollisionAnalyzer (204)
[2017.11.02-01.39.58:675][853]LogModuleManager: Shutting down and abandoning module WorkspaceMenuStructure (203)
[2017.11.02-01.39.58:676][853]LogModuleManager: Shutting down and abandoning module UMG (200)
[2017.11.02-01.39.58:676][853]LogModuleManager: Shutting down and abandoning module UMGEditor (199)
[2017.11.02-01.39.58:676][853]LogModuleManager: Shutting down and abandoning module Sequencer (198)
[2017.11.02-01.39.58:676][853]LogModuleManager: Shutting down and abandoning module MessageLog (195)
[2017.11.02-01.39.58:676][853]LogModuleManager: Shutting down and abandoning module SlateReflector (190)
[2017.11.02-01.39.58:676][853]LogModuleManager: Shutting down and abandoning module Slate (188)
[2017.11.02-01.39.58:676][853]LogModuleManager: Shutting down and abandoning module EditorStyle (186)
[2017.11.02-01.39.58:677][853]LogModuleManager: Shutting down and abandoning module MRMesh (184)
[2017.11.02-01.39.58:677][853]LogModuleManager: Shutting down and abandoning module SourceCodeAccess (182)
[2017.11.02-01.39.58:677][853]LogModuleManager: Shutting down and abandoning module HeadMountedDisplay (180)
[2017.11.02-01.39.58:677][853]LogModuleManager: Shutting down and abandoning module XAudio2 (178)
[2017.11.02-01.39.58:677][853]LogModuleManager: Shutting down and abandoning module Networking (176)
[2017.11.02-01.39.58:677][853]LogModuleManager: Shutting down and abandoning module Core (174)
[2017.11.02-01.39.58:677][853]LogModuleManager: Shutting down and abandoning module KismetCompiler (170)
[2017.11.02-01.39.58:678][853]LogModuleManager: Shutting down and abandoning module LevelSequence (168)
[2017.11.02-01.39.58:678][853]LogModuleManager: Shutting down and abandoning module MeshUtilities (166)
[2017.11.02-01.39.58:678][853]LogModuleManager: Shutting down and abandoning module MeshMergeUtilities (165)
[2017.11.02-01.39.58:678][853]LogModuleManager: Shutting down and abandoning module MeshReductionInterface (164)
[2017.11.02-01.39.58:678][853]LogModuleManager: Shutting down and abandoning module SimplygonSwarm (163)
[2017.11.02-01.39.58:678][853]LogModuleManager: Shutting down and abandoning module SimplygonMeshReduction (161)
[2017.11.02-01.39.58:678][853]LogModuleManager: Shutting down and abandoning module QuadricMeshReduction (159)
[2017.11.02-01.39.58:678][853]LogModuleManager: Shutting down and abandoning module MaterialBaking (155)
[2017.11.02-01.39.58:678][853]LogModuleManager: Shutting down and abandoning module DirectoryWatcher (152)
[2017.11.02-01.39.58:678][853]LogDirectoryWatcher: A directory notification for 'D:/Unreal Engine/UE_4.17/Templates/TemplateResources/High/Geometry/Content' was aborted.
[2017.11.02-01.39.58:678][853]LogModuleManager: Shutting down and abandoning module DerivedDataCache (150)
[2017.11.02-01.39.58:733][853]LogDerivedDataCache: Shutdown
[2017.11.02-01.39.58:733][853]LogModuleManager: Shutting down and abandoning module TargetPlatform (148)
[2017.11.02-01.39.58:733][853]LogModuleManager: Shutting down and abandoning module VulkanShaderFormat (147)
[2017.11.02-01.39.58:733][853]LogModuleManager: Shutting down and abandoning module ShaderFormatVectorVM (145)
[2017.11.02-01.39.58:733][853]LogModuleManager: Shutting down and abandoning module ShaderFormatOpenGL (143)
[2017.11.02-01.39.58:733][853]LogModuleManager: Shutting down and abandoning module ShaderFormatD3D (141)
[2017.11.02-01.39.58:733][853]LogModuleManager: Shutting down and abandoning module MetalShaderFormat (139)
[2017.11.02-01.39.58:733][853]LogModuleManager: Shutting down and abandoning module TextureFormatUncompressed (137)
[2017.11.02-01.39.58:733][853]LogModuleManager: Shutting down and abandoning module TextureFormatPVR (135)
[2017.11.02-01.39.58:733][853]LogModuleManager: Shutting down and abandoning module TextureFormatDXT (133)
[2017.11.02-01.39.58:734][853]LogModuleManager: Shutting down and abandoning module TextureFormatIntelISPCTexComp (131)
[2017.11.02-01.39.58:734][853]LogModuleManager: Shutting down and abandoning module TextureFormatASTC (129)
[2017.11.02-01.39.58:734][853]LogModuleManager: Shutting down and abandoning module ImageWrapper (128)
[2017.11.02-01.39.58:734][853]LogModuleManager: Shutting down and abandoning module TextureFormatAndroid (125)
[2017.11.02-01.39.58:734][853]LogModuleManager: Shutting down and abandoning module AudioFormatOpus (123)
[2017.11.02-01.39.58:734][853]LogModuleManager: Shutting down and abandoning module AudioFormatOgg (121)
[2017.11.02-01.39.58:734][853]LogModuleManager: Shutting down and abandoning module AudioFormatADPCM (119)
[2017.11.02-01.39.58:734][853]LogModuleManager: Shutting down and abandoning module LinuxTargetPlatform (117)
[2017.11.02-01.39.58:734][853]LogModuleManager: Shutting down and abandoning module LinuxServerTargetPlatform (115)
[2017.11.02-01.39.58:734][853]LogModuleManager: Shutting down and abandoning module LinuxNoEditorTargetPlatform (113)
[2017.11.02-01.39.58:734][853]LogModuleManager: Shutting down and abandoning module LinuxClientTargetPlatform (111)
[2017.11.02-01.39.58:734][853]LogModuleManager: Shutting down and abandoning module TVOSTargetPlatform (109)
[2017.11.02-01.39.58:734][853]LogModuleManager: Shutting down and abandoning module Messaging (107)
[2017.11.02-01.39.58:734][853]LogModuleManager: Shutting down and abandoning module IOSTargetPlatform (105)
[2017.11.02-01.39.58:734][853]LogModuleManager: Shutting down and abandoning module HTML5TargetPlatform (103)
[2017.11.02-01.39.58:734][853]LogModuleManager: Shutting down and abandoning module Android_PVRTCTargetPlatform (101)
[2017.11.02-01.39.58:734][853]LogModuleManager: Shutting down and abandoning module Android_MultiTargetPlatform (99)
[2017.11.02-01.39.58:734][853]LogModuleManager: Shutting down and abandoning module Android_ETC2TargetPlatform (97)
[2017.11.02-01.39.58:734][853]LogModuleManager: Shutting down and abandoning module Android_ETC1TargetPlatform (95)
[2017.11.02-01.39.58:734][853]LogModuleManager: Shutting down and abandoning module Android_DXTTargetPlatform (93)
[2017.11.02-01.39.58:734][853]LogModuleManager: Shutting down and abandoning module Android_ATCTargetPlatform (91)
[2017.11.02-01.39.58:734][853]LogModuleManager: Shutting down and abandoning module Android_ASTCTargetPlatform (89)
[2017.11.02-01.39.58:734][853]LogModuleManager: Shutting down and abandoning module AndroidTargetPlatform (87)
[2017.11.02-01.39.58:734][853]LogModuleManager: Shutting down and abandoning module WindowsTargetPlatform (85)
[2017.11.02-01.39.58:734][853]LogModuleManager: Shutting down and abandoning module WindowsServerTargetPlatform (83)
[2017.11.02-01.39.58:734][853]LogModuleManager: Shutting down and abandoning module WindowsNoEditorTargetPlatform (81)
[2017.11.02-01.39.58:734][853]LogModuleManager: Shutting down and abandoning module WindowsClientTargetPlatform (79)
[2017.11.02-01.39.58:734][853]LogModuleManager: Shutting down and abandoning module MacTargetPlatform (77)
[2017.11.02-01.39.58:734][853]LogModuleManager: Shutting down and abandoning module MacServerTargetPlatform (75)
[2017.11.02-01.39.58:734][853]LogModuleManager: Shutting down and abandoning module MacNoEditorTargetPlatform (73)
[2017.11.02-01.39.58:734][853]LogModuleManager: Shutting down and abandoning module MacClientTargetPlatform (71)
[2017.11.02-01.39.58:734][853]LogModuleManager: Shutting down and abandoning module AllDesktopTargetPlatform (69)
[2017.11.02-01.39.58:734][853]LogModuleManager: Shutting down and abandoning module InputCore (66)
[2017.11.02-01.39.58:734][853]LogModuleManager: Shutting down and abandoning module Settings (64)
[2017.11.02-01.39.58:734][853]LogModuleManager: Shutting down and abandoning module PhysXCooking (62)
[2017.11.02-01.39.58:734][853]LogModuleManager: Shutting down and abandoning module SteamVR (60)
[2017.11.02-01.39.58:735][853]LogModuleManager: Shutting down and abandoning module OculusHMD (58)
[2017.11.02-01.39.58:735][853]LogModuleManager: Shutting down and abandoning module ExampleDeviceProfileSelector (56)
[2017.11.02-01.39.58:735][853]LogModuleManager: Shutting down and abandoning module OnlineBlueprintSupport (54)
[2017.11.02-01.39.58:735][853]LogModuleManager: Shutting down and abandoning module OnlineSubsystem (50)
[2017.11.02-01.39.58:735][853]LogOnline: Display: OSS: FOnlineSubsystemNull::Shutdown()
[2017.11.02-01.39.58:735][853]LogOnline: Display: OSS: FOnlineAsyncTaskManager::Stop() ActiveTask:0000000000000000 Tasks[0/0]
[2017.11.02-01.39.58:735][853]LogOnline: Display: OSS: FOnlineAsyncTaskManager::Exit() started
[2017.11.02-01.39.58:735][853]LogOnline: Display: OSS: FOnlineAsyncTaskManager::Exit() finished
[2017.11.02-01.39.58:736][853]LogOnline: Display: Unloading online subsystem: STEAM
[2017.11.02-01.39.58:736][853]LogOnline: Display: Unloading online subsystem: NULL
[2017.11.02-01.39.58:736][853]LogOnline: Display: Unloading online subsystem: Oculus
[2017.11.02-01.39.58:736][853]LogModuleManager: Shutting down and abandoning module XMPP (43)
[2017.11.02-01.39.58:736][853]LogModuleManager: Shutting down and abandoning module HTTP (41)
[2017.11.02-01.39.58:736][853]LogHttp: Display: Http module shutting down, but needs to wait on 1 outstanding Http requests:
[2017.11.02-01.39.58:736][853]LogHttp: Display: 	verb=[POST] url=[https://datarouter.ol.epicgames.com/datarouter/api/v1/public/data?SessionID=%7BF1479442-48FA-18E9-7D3C-20A3A7176D9A%7D&AppID=UEEditor.Rocket.Release&AppVersion=4.17.2-3658906%2B%2B%2BUE4%2BRelease-4.17&UserID=688d2740406febc21020a991a8c11272%7Cee95466cd6ab4edebc0b9ee0b4d96911%7C80954f3f-9a4b-4340-b0f4-8f5f8091e357&AppEnvironment=datacollector-binary&UploadType=eteventstream] status=Processing
